[2023-10-29 02:53:14] local.DEBUG: [self_shop] [4.52ms] select * from `oa_blog_admin` where `id` = '1' limit 1 | GET: /api/user?token%20=%20eyJ0eXAiOiJKV1QiLCJhbGciOiJIUzI1NiJ9.eyJpc3MiOiJodHRwOlwvXC8xMjcuMC4wLjE6MzAwMVwvYXBpXC9sb2dpbiIsImlhdCI6MTY5ODUwMDIzMSwiZXhwIjoxNjk5NzA5ODMxLCJuYmYiOjE2OTg1MDAyMzEsImp0aSI6Im50c2RUc2JCek1JOG1RRDMiLCJzdWIiOjEsInBydiI6IjIzYmQ1Yzg5NDlmNjAwYWRiMzllNzAxYzQwMDg3MmRiN2E1OTc2ZjcifQ.oRIQ6YxOxRzeR18HQRiMblVSBPoBuJk2znrHDzahE74  
[2023-10-29 02:53:14] local.DEBUG: [self_shop] [460μs] select * from `oa_blog_admin` where `id` = '1' limit 1 | GET: /api/user?token%20=%20eyJ0eXAiOiJKV1QiLCJhbGciOiJIUzI1NiJ9.eyJpc3MiOiJodHRwOlwvXC8xMjcuMC4wLjE6MzAwMVwvYXBpXC9sb2dpbiIsImlhdCI6MTY5ODUwMDIzMSwiZXhwIjoxNjk5NzA5ODMxLCJuYmYiOjE2OTg1MDAyMzEsImp0aSI6Im50c2RUc2JCek1JOG1RRDMiLCJzdWIiOjEsInBydiI6IjIzYmQ1Yzg5NDlmNjAwYWRiMzllNzAxYzQwMDg3MmRiN2E1OTc2ZjcifQ.oRIQ6YxOxRzeR18HQRiMblVSBPoBuJk2znrHDzahE74  
[2023-10-29 02:53:21] local.DEBUG: [self_shop] [3.37ms] select * from `oa_blog_admin` where `id` = '1' limit 1 | GET: /api/user?token%20=%20eyJ0eXAiOiJKV1QiLCJhbGciOiJIUzI1NiJ9.eyJpc3MiOiJodHRwOlwvXC8xMjcuMC4wLjE6MzAwMVwvYXBpXC9sb2dpbiIsImlhdCI6MTY5ODUwMDIzMSwiZXhwIjoxNjk5NzA5ODMxLCJuYmYiOjE2OTg1MDAyMzEsImp0aSI6Im50c2RUc2JCek1JOG1RRDMiLCJzdWIiOjEsInBydiI6IjIzYmQ1Yzg5NDlmNjAwYWRiMzllNzAxYzQwMDg3MmRiN2E1OTc2ZjcifQ.oRIQ6YxOxRzeR18HQRiMblVSBPoBuJk2znrHDzahE74  
[2023-10-29 02:53:21] local.DEBUG: [self_shop] [360μs] select * from `oa_blog_admin` where `id` = '1' limit 1 | GET: /api/user?token%20=%20eyJ0eXAiOiJKV1QiLCJhbGciOiJIUzI1NiJ9.eyJpc3MiOiJodHRwOlwvXC8xMjcuMC4wLjE6MzAwMVwvYXBpXC9sb2dpbiIsImlhdCI6MTY5ODUwMDIzMSwiZXhwIjoxNjk5NzA5ODMxLCJuYmYiOjE2OTg1MDAyMzEsImp0aSI6Im50c2RUc2JCek1JOG1RRDMiLCJzdWIiOjEsInBydiI6IjIzYmQ1Yzg5NDlmNjAwYWRiMzllNzAxYzQwMDg3MmRiN2E1OTc2ZjcifQ.oRIQ6YxOxRzeR18HQRiMblVSBPoBuJk2znrHDzahE74  
[2023-10-29 02:53:47] local.DEBUG: [self_shop] [2.15ms] select * from `oa_blog_admin` where `id` = '1' limit 1 | GET: /api/user?token%20=%20eyJ0eXAiOiJKV1QiLCJhbGciOiJIUzI1NiJ9.eyJpc3MiOiJodHRwOlwvXC8xMjcuMC4wLjE6MzAwMVwvYXBpXC9sb2dpbiIsImlhdCI6MTY5ODUwMDIzMSwiZXhwIjoxNjk5NzA5ODMxLCJuYmYiOjE2OTg1MDAyMzEsImp0aSI6Im50c2RUc2JCek1JOG1RRDMiLCJzdWIiOjEsInBydiI6IjIzYmQ1Yzg5NDlmNjAwYWRiMzllNzAxYzQwMDg3MmRiN2E1OTc2ZjcifQ.oRIQ6YxOxRzeR18HQRiMblVSBPoBuJk2znrHDzahE74  
[2023-10-29 02:53:47] local.DEBUG: [self_shop] [1.15ms] select * from `oa_blog_admin` where `id` = '1' limit 1 | GET: /api/user?token%20=%20eyJ0eXAiOiJKV1QiLCJhbGciOiJIUzI1NiJ9.eyJpc3MiOiJodHRwOlwvXC8xMjcuMC4wLjE6MzAwMVwvYXBpXC9sb2dpbiIsImlhdCI6MTY5ODUwMDIzMSwiZXhwIjoxNjk5NzA5ODMxLCJuYmYiOjE2OTg1MDAyMzEsImp0aSI6Im50c2RUc2JCek1JOG1RRDMiLCJzdWIiOjEsInBydiI6IjIzYmQ1Yzg5NDlmNjAwYWRiMzllNzAxYzQwMDg3MmRiN2E1OTc2ZjcifQ.oRIQ6YxOxRzeR18HQRiMblVSBPoBuJk2znrHDzahE74  
[2023-10-29 02:53:50] local.DEBUG: [self_shop] [1.88ms] select * from `oa_blog_admin` where `id` = '1' limit 1 | GET: /api/user?token%20=%20eyJ0eXAiOiJKV1QiLCJhbGciOiJIUzI1NiJ9.eyJpc3MiOiJodHRwOlwvXC8xMjcuMC4wLjE6MzAwMVwvYXBpXC9sb2dpbiIsImlhdCI6MTY5ODUwMDIzMSwiZXhwIjoxNjk5NzA5ODMxLCJuYmYiOjE2OTg1MDAyMzEsImp0aSI6Im50c2RUc2JCek1JOG1RRDMiLCJzdWIiOjEsInBydiI6IjIzYmQ1Yzg5NDlmNjAwYWRiMzllNzAxYzQwMDg3MmRiN2E1OTc2ZjcifQ.oRIQ6YxOxRzeR18HQRiMblVSBPoBuJk2znrHDzahE74  
[2023-10-29 02:53:50] local.DEBUG: [self_shop] [380μs] select * from `oa_blog_admin` where `id` = '1' limit 1 | GET: /api/user?token%20=%20eyJ0eXAiOiJKV1QiLCJhbGciOiJIUzI1NiJ9.eyJpc3MiOiJodHRwOlwvXC8xMjcuMC4wLjE6MzAwMVwvYXBpXC9sb2dpbiIsImlhdCI6MTY5ODUwMDIzMSwiZXhwIjoxNjk5NzA5ODMxLCJuYmYiOjE2OTg1MDAyMzEsImp0aSI6Im50c2RUc2JCek1JOG1RRDMiLCJzdWIiOjEsInBydiI6IjIzYmQ1Yzg5NDlmNjAwYWRiMzllNzAxYzQwMDg3MmRiN2E1OTc2ZjcifQ.oRIQ6YxOxRzeR18HQRiMblVSBPoBuJk2znrHDzahE74  
[2023-10-29 02:54:01] local.DEBUG: [self_shop] [3.91ms] select * from `oa_blog_admin` where `id` = '1' limit 1 | GET: /api/user?token%20=%20eyJ0eXAiOiJKV1QiLCJhbGciOiJIUzI1NiJ9.eyJpc3MiOiJodHRwOlwvXC8xMjcuMC4wLjE6MzAwMVwvYXBpXC9sb2dpbiIsImlhdCI6MTY5ODUwMDIzMSwiZXhwIjoxNjk5NzA5ODMxLCJuYmYiOjE2OTg1MDAyMzEsImp0aSI6Im50c2RUc2JCek1JOG1RRDMiLCJzdWIiOjEsInBydiI6IjIzYmQ1Yzg5NDlmNjAwYWRiMzllNzAxYzQwMDg3MmRiN2E1OTc2ZjcifQ.oRIQ6YxOxRzeR18HQRiMblVSBPoBuJk2znrHDzahE74  
[2023-10-29 02:54:01] local.DEBUG: [self_shop] [820μs] select * from `oa_blog_admin` where `id` = '1' limit 1 | GET: /api/user?token%20=%20eyJ0eXAiOiJKV1QiLCJhbGciOiJIUzI1NiJ9.eyJpc3MiOiJodHRwOlwvXC8xMjcuMC4wLjE6MzAwMVwvYXBpXC9sb2dpbiIsImlhdCI6MTY5ODUwMDIzMSwiZXhwIjoxNjk5NzA5ODMxLCJuYmYiOjE2OTg1MDAyMzEsImp0aSI6Im50c2RUc2JCek1JOG1RRDMiLCJzdWIiOjEsInBydiI6IjIzYmQ1Yzg5NDlmNjAwYWRiMzllNzAxYzQwMDg3MmRiN2E1OTc2ZjcifQ.oRIQ6YxOxRzeR18HQRiMblVSBPoBuJk2znrHDzahE74  
[2023-10-29 02:54:13] local.DEBUG: [self_shop] [2.06ms] select * from `oa_blog_admin` where `id` = '1' limit 1 | GET: /api/user?token%20=%20eyJ0eXAiOiJKV1QiLCJhbGciOiJIUzI1NiJ9.eyJpc3MiOiJodHRwOlwvXC8xMjcuMC4wLjE6MzAwMVwvYXBpXC9sb2dpbiIsImlhdCI6MTY5ODUwMDIzMSwiZXhwIjoxNjk5NzA5ODMxLCJuYmYiOjE2OTg1MDAyMzEsImp0aSI6Im50c2RUc2JCek1JOG1RRDMiLCJzdWIiOjEsInBydiI6IjIzYmQ1Yzg5NDlmNjAwYWRiMzllNzAxYzQwMDg3MmRiN2E1OTc2ZjcifQ.oRIQ6YxOxRzeR18HQRiMblVSBPoBuJk2znrHDzahE74  
[2023-10-29 02:54:13] local.DEBUG: [self_shop] [300μs] select * from `oa_blog_admin` where `id` = '1' limit 1 | GET: /api/user?token%20=%20eyJ0eXAiOiJKV1QiLCJhbGciOiJIUzI1NiJ9.eyJpc3MiOiJodHRwOlwvXC8xMjcuMC4wLjE6MzAwMVwvYXBpXC9sb2dpbiIsImlhdCI6MTY5ODUwMDIzMSwiZXhwIjoxNjk5NzA5ODMxLCJuYmYiOjE2OTg1MDAyMzEsImp0aSI6Im50c2RUc2JCek1JOG1RRDMiLCJzdWIiOjEsInBydiI6IjIzYmQ1Yzg5NDlmNjAwYWRiMzllNzAxYzQwMDg3MmRiN2E1OTc2ZjcifQ.oRIQ6YxOxRzeR18HQRiMblVSBPoBuJk2znrHDzahE74  
[2023-10-29 02:56:42] local.DEBUG: [self_shop] [3.97ms] select * from `oa_blog_admin` where `id` = '1' limit 1 | GET: /api/user?token%20=%20eyJ0eXAiOiJKV1QiLCJhbGciOiJIUzI1NiJ9.eyJpc3MiOiJodHRwOlwvXC8xMjcuMC4wLjE6MzAwMVwvYXBpXC9sb2dpbiIsImlhdCI6MTY5ODUwMDIzMSwiZXhwIjoxNjk5NzA5ODMxLCJuYmYiOjE2OTg1MDAyMzEsImp0aSI6Im50c2RUc2JCek1JOG1RRDMiLCJzdWIiOjEsInBydiI6IjIzYmQ1Yzg5NDlmNjAwYWRiMzllNzAxYzQwMDg3MmRiN2E1OTc2ZjcifQ.oRIQ6YxOxRzeR18HQRiMblVSBPoBuJk2znrHDzahE74  
[2023-10-29 02:56:42] local.DEBUG: [self_shop] [530μs] select * from `oa_blog_admin` where `id` = '1' limit 1 | GET: /api/user?token%20=%20eyJ0eXAiOiJKV1QiLCJhbGciOiJIUzI1NiJ9.eyJpc3MiOiJodHRwOlwvXC8xMjcuMC4wLjE6MzAwMVwvYXBpXC9sb2dpbiIsImlhdCI6MTY5ODUwMDIzMSwiZXhwIjoxNjk5NzA5ODMxLCJuYmYiOjE2OTg1MDAyMzEsImp0aSI6Im50c2RUc2JCek1JOG1RRDMiLCJzdWIiOjEsInBydiI6IjIzYmQ1Yzg5NDlmNjAwYWRiMzllNzAxYzQwMDg3MmRiN2E1OTc2ZjcifQ.oRIQ6YxOxRzeR18HQRiMblVSBPoBuJk2znrHDzahE74  
[2023-10-29 03:04:18] local.DEBUG: [self_shop] [9.08ms] select * from `oa_blog_admin` where `username` = 'admin' limit 1 | POST: /api/admin/login  
[2023-10-29 03:04:37] local.DEBUG: [self_shop] [4.49ms] select * from `oa_blog_admin` where `id` = '1' limit 1 | GET: /api/admin/role/getRoleRuleList?id=20  
[2023-10-29 03:04:37] local.ERROR: SQLSTATE[42S02]: Base table or view not found: 1146 Table 'self_shop.oa_admin_role' doesn't exist (SQL: select * from `oa_admin_role` where `id` = 20 and `status` = 1) {"userId":1,"exception":"[object] (Illuminate\\Database\\QueryException(code: 42S02): SQLSTATE[42S02]: Base table or view not found: 1146 Table 'self_shop.oa_admin_role' doesn't exist (SQL: select * from `oa_admin_role` where `id` = 20 and `status` = 1) at /Users/xinsiqi/Downloads/projects/php_serviceapi/vendor/laravel/framework/src/Illuminate/Database/Connection.php:669)
[stacktrace]
#0 /Users/xinsiqi/Downloads/projects/php_serviceapi/vendor/laravel/framework/src/Illuminate/Database/Connection.php(629): Illuminate\\Database\\Connection->runQueryCallback('select * from `...', Array, Object(Closure))
#1 /Users/xinsiqi/Downloads/projects/php_serviceapi/vendor/laravel/framework/src/Illuminate/Database/Connection.php(338): Illuminate\\Database\\Connection->run('select * from `...', Array, Object(Closure))
#2 /Users/xinsiqi/Downloads/projects/php_serviceapi/vendor/laravel/framework/src/Illuminate/Database/Query/Builder.php(2149): Illuminate\\Database\\Connection->select('select * from `...', Array, true)
#3 /Users/xinsiqi/Downloads/projects/php_serviceapi/vendor/laravel/framework/src/Illuminate/Database/Query/Builder.php(2137): Illuminate\\Database\\Query\\Builder->runSelect()
#4 /Users/xinsiqi/Downloads/projects/php_serviceapi/vendor/laravel/framework/src/Illuminate/Database/Query/Builder.php(2609): Illuminate\\Database\\Query\\Builder->Illuminate\\Database\\Query\\{closure}()
#5 /Users/xinsiqi/Downloads/projects/php_serviceapi/vendor/laravel/framework/src/Illuminate/Database/Query/Builder.php(2138): Illuminate\\Database\\Query\\Builder->onceWithColumns(Array, Object(Closure))
#6 /Users/xinsiqi/Downloads/projects/php_serviceapi/vendor/laravel/framework/src/Illuminate/Database/Eloquent/Builder.php(545): Illuminate\\Database\\Query\\Builder->get(Array)
#7 /Users/xinsiqi/Downloads/projects/php_serviceapi/vendor/laravel/framework/src/Illuminate/Database/Eloquent/Builder.php(529): Illuminate\\Database\\Eloquent\\Builder->getModels(Array)
#8 /Users/xinsiqi/Downloads/projects/php_serviceapi/app/Http/Controllers/Api/RoleController.php(108): Illuminate\\Database\\Eloquent\\Builder->get()
#9 [internal function]: App\\Http\\Controllers\\Api\\RoleController->getRoleRuleList(Object(Illuminate\\Http\\Request))
#10 /Users/xinsiqi/Downloads/projects/php_serviceapi/vendor/laravel/framework/src/Illuminate/Routing/Controller.php(54): call_user_func_array(Array, Array)
#11 /Users/xinsiqi/Downloads/projects/php_serviceapi/vendor/laravel/framework/src/Illuminate/Routing/ControllerDispatcher.php(45): Illuminate\\Routing\\Controller->callAction('getRoleRuleList', Array)
#12 /Users/xinsiqi/Downloads/projects/php_serviceapi/vendor/laravel/framework/src/Illuminate/Routing/Route.php(219): Illuminate\\Routing\\ControllerDispatcher->dispatch(Object(Illuminate\\Routing\\Route), Object(App\\Http\\Controllers\\Api\\RoleController), 'getRoleRuleList')
#13 /Users/xinsiqi/Downloads/projects/php_serviceapi/vendor/laravel/framework/src/Illuminate/Routing/Route.php(176): Illuminate\\Routing\\Route->runController()
#14 /Users/xinsiqi/Downloads/projects/php_serviceapi/vendor/laravel/framework/src/Illuminate/Routing/Router.php(681): Illuminate\\Routing\\Route->run()
#15 /Users/xinsiqi/Downloads/projects/php_serviceapi/vendor/laravel/framework/src/Illuminate/Pipeline/Pipeline.php(130): Illuminate\\Routing\\Router->Illuminate\\Routing\\{closure}(Object(Illuminate\\Http\\Request))
#16 /Users/xinsiqi/Downloads/projects/php_serviceapi/app/Http/Middleware/ValidateToken.php(60): Illuminate\\Pipeline\\Pipeline->Illuminate\\Pipeline\\{closure}(Object(Illuminate\\Http\\Request))
#17 /Users/xinsiqi/Downloads/projects/php_serviceapi/vendor/laravel/framework/src/Illuminate/Pipeline/Pipeline.php(171): App\\Http\\Middleware\\ValidateToken->handle(Object(Illuminate\\Http\\Request), Object(Closure))
#18 /Users/xinsiqi/Downloads/projects/php_serviceapi/vendor/laravel/framework/src/Illuminate/Routing/Middleware/SubstituteBindings.php(41): Illuminate\\Pipeline\\Pipeline->Illuminate\\Pipeline\\{closure}(Object(Illuminate\\Http\\Request))
#19 /Users/xinsiqi/Downloads/projects/php_serviceapi/vendor/laravel/framework/src/Illuminate/Pipeline/Pipeline.php(171): Illuminate\\Routing\\Middleware\\SubstituteBindings->handle(Object(Illuminate\\Http\\Request), Object(Closure))
#20 /Users/xinsiqi/Downloads/projects/php_serviceapi/vendor/laravel/framework/src/Illuminate/Foundation/Http/Middleware/VerifyCsrfToken.php(77): Illuminate\\Pipeline\\Pipeline->Illuminate\\Pipeline\\{closure}(Object(Illuminate\\Http\\Request))
#21 /Users/xinsiqi/Downloads/projects/php_serviceapi/vendor/laravel/framework/src/Illuminate/Pipeline/Pipeline.php(171): Illuminate\\Foundation\\Http\\Middleware\\VerifyCsrfToken->handle(Object(Illuminate\\Http\\Request), Object(Closure))
#22 /Users/xinsiqi/Downloads/projects/php_serviceapi/vendor/laravel/framework/src/Illuminate/View/Middleware/ShareErrorsFromSession.php(49): Illuminate\\Pipeline\\Pipeline->Illuminate\\Pipeline\\{closure}(Object(Illuminate\\Http\\Request))
#23 /Users/xinsiqi/Downloads/projects/php_serviceapi/vendor/laravel/framework/src/Illuminate/Pipeline/Pipeline.php(171): Illuminate\\View\\Middleware\\ShareErrorsFromSession->handle(Object(Illuminate\\Http\\Request), Object(Closure))
#24 /Users/xinsiqi/Downloads/projects/php_serviceapi/vendor/laravel/framework/src/Illuminate/Session/Middleware/StartSession.php(56): Illuminate\\Pipeline\\Pipeline->Illuminate\\Pipeline\\{closure}(Object(Illuminate\\Http\\Request))
#25 /Users/xinsiqi/Downloads/projects/php_serviceapi/vendor/laravel/framework/src/Illuminate/Pipeline/Pipeline.php(171): Illuminate\\Session\\Middleware\\StartSession->handle(Object(Illuminate\\Http\\Request), Object(Closure))
#26 /Users/xinsiqi/Downloads/projects/php_serviceapi/vendor/laravel/framework/src/Illuminate/Cookie/Middleware/AddQueuedCookiesToResponse.php(37): Illuminate\\Pipeline\\Pipeline->Illuminate\\Pipeline\\{closure}(Object(Illuminate\\Http\\Request))
#27 /Users/xinsiqi/Downloads/projects/php_serviceapi/vendor/laravel/framework/src/Illuminate/Pipeline/Pipeline.php(171): Illuminate\\Cookie\\Middleware\\AddQueuedCookiesToResponse->handle(Object(Illuminate\\Http\\Request), Object(Closure))
#28 /Users/xinsiqi/Downloads/projects/php_serviceapi/vendor/laravel/framework/src/Illuminate/Cookie/Middleware/EncryptCookies.php(67): Illuminate\\Pipeline\\Pipeline->Illuminate\\Pipeline\\{closure}(Object(Illuminate\\Http\\Request))
#29 /Users/xinsiqi/Downloads/projects/php_serviceapi/vendor/laravel/framework/src/Illuminate/Pipeline/Pipeline.php(171): Illuminate\\Cookie\\Middleware\\EncryptCookies->handle(Object(Illuminate\\Http\\Request), Object(Closure))
#30 /Users/xinsiqi/Downloads/projects/php_serviceapi/vendor/laravel/framework/src/Illuminate/Pipeline/Pipeline.php(105): Illuminate\\Pipeline\\Pipeline->Illuminate\\Pipeline\\{closure}(Object(Illuminate\\Http\\Request))
#31 /Users/xinsiqi/Downloads/projects/php_serviceapi/vendor/laravel/framework/src/Illuminate/Routing/Router.php(683): Illuminate\\Pipeline\\Pipeline->then(Object(Closure))
#32 /Users/xinsiqi/Downloads/projects/php_serviceapi/vendor/laravel/framework/src/Illuminate/Routing/Router.php(658): Illuminate\\Routing\\Router->runRouteWithinStack(Object(Illuminate\\Routing\\Route), Object(Illuminate\\Http\\Request))
#33 /Users/xinsiqi/Downloads/projects/php_serviceapi/vendor/laravel/framework/src/Illuminate/Routing/Router.php(624): Illuminate\\Routing\\Router->runRoute(Object(Illuminate\\Http\\Request), Object(Illuminate\\Routing\\Route))
#34 /Users/xinsiqi/Downloads/projects/php_serviceapi/vendor/laravel/framework/src/Illuminate/Routing/Router.php(613): Illuminate\\Routing\\Router->dispatchToRoute(Object(Illuminate\\Http\\Request))
#35 /Users/xinsiqi/Downloads/projects/php_serviceapi/vendor/laravel/framework/src/Illuminate/Foundation/Http/Kernel.php(170): Illuminate\\Routing\\Router->dispatch(Object(Illuminate\\Http\\Request))
#36 /Users/xinsiqi/Downloads/projects/php_serviceapi/vendor/laravel/framework/src/Illuminate/Pipeline/Pipeline.php(130): Illuminate\\Foundation\\Http\\Kernel->Illuminate\\Foundation\\Http\\{closure}(Object(Illuminate\\Http\\Request))
#37 /Users/xinsiqi/Downloads/projects/php_serviceapi/vendor/laravel/framework/src/Illuminate/Foundation/Http/Middleware/TransformsRequest.php(21): Illuminate\\Pipeline\\Pipeline->Illuminate\\Pipeline\\{closure}(Object(Illuminate\\Http\\Request))
#38 /Users/xinsiqi/Downloads/projects/php_serviceapi/vendor/laravel/framework/src/Illuminate/Pipeline/Pipeline.php(171): Illuminate\\Foundation\\Http\\Middleware\\TransformsRequest->handle(Object(Illuminate\\Http\\Request), Object(Closure))
#39 /Users/xinsiqi/Downloads/projects/php_serviceapi/vendor/laravel/framework/src/Illuminate/Foundation/Http/Middleware/TransformsRequest.php(21): Illuminate\\Pipeline\\Pipeline->Illuminate\\Pipeline\\{closure}(Object(Illuminate\\Http\\Request))
#40 /Users/xinsiqi/Downloads/projects/php_serviceapi/vendor/laravel/framework/src/Illuminate/Pipeline/Pipeline.php(171): Illuminate\\Foundation\\Http\\Middleware\\TransformsRequest->handle(Object(Illuminate\\Http\\Request), Object(Closure))
#41 /Users/xinsiqi/Downloads/projects/php_serviceapi/vendor/laravel/framework/src/Illuminate/Foundation/Http/Middleware/ValidatePostSize.php(27): Illuminate\\Pipeline\\Pipeline->Illuminate\\Pipeline\\{closure}(Object(Illuminate\\Http\\Request))
#42 /Users/xinsiqi/Downloads/projects/php_serviceapi/vendor/laravel/framework/src/Illuminate/Pipeline/Pipeline.php(171): Illuminate\\Foundation\\Http\\Middleware\\ValidatePostSize->handle(Object(Illuminate\\Http\\Request), Object(Closure))
#43 /Users/xinsiqi/Downloads/projects/php_serviceapi/vendor/laravel/framework/src/Illuminate/Foundation/Http/Middleware/CheckForMaintenanceMode.php(63): Illuminate\\Pipeline\\Pipeline->Illuminate\\Pipeline\\{closure}(Object(Illuminate\\Http\\Request))
#44 /Users/xinsiqi/Downloads/projects/php_serviceapi/vendor/laravel/framework/src/Illuminate/Pipeline/Pipeline.php(171): Illuminate\\Foundation\\Http\\Middleware\\CheckForMaintenanceMode->handle(Object(Illuminate\\Http\\Request), Object(Closure))
#45 /Users/xinsiqi/Downloads/projects/php_serviceapi/vendor/fideloper/proxy/src/TrustProxies.php(57): Illuminate\\Pipeline\\Pipeline->Illuminate\\Pipeline\\{closure}(Object(Illuminate\\Http\\Request))
#46 /Users/xinsiqi/Downloads/projects/php_serviceapi/vendor/laravel/framework/src/Illuminate/Pipeline/Pipeline.php(171): Fideloper\\Proxy\\TrustProxies->handle(Object(Illuminate\\Http\\Request), Object(Closure))
#47 /Users/xinsiqi/Downloads/projects/php_serviceapi/vendor/fruitcake/laravel-cors/src/HandleCors.php(57): Illuminate\\Pipeline\\Pipeline->Illuminate\\Pipeline\\{closure}(Object(Illuminate\\Http\\Request))
#48 /Users/xinsiqi/Downloads/projects/php_serviceapi/vendor/laravel/framework/src/Illuminate/Pipeline/Pipeline.php(171): Fruitcake\\Cors\\HandleCors->handle(Object(Illuminate\\Http\\Request), Object(Closure))
#49 /Users/xinsiqi/Downloads/projects/php_serviceapi/vendor/laravel/framework/src/Illuminate/Pipeline/Pipeline.php(105): Illuminate\\Pipeline\\Pipeline->Illuminate\\Pipeline\\{closure}(Object(Illuminate\\Http\\Request))
#50 /Users/xinsiqi/Downloads/projects/php_serviceapi/vendor/laravel/framework/src/Illuminate/Foundation/Http/Kernel.php(145): Illuminate\\Pipeline\\Pipeline->then(Object(Closure))
#51 /Users/xinsiqi/Downloads/projects/php_serviceapi/vendor/laravel/framework/src/Illuminate/Foundation/Http/Kernel.php(110): Illuminate\\Foundation\\Http\\Kernel->sendRequestThroughRouter(Object(Illuminate\\Http\\Request))
#52 /Users/xinsiqi/Downloads/projects/php_serviceapi/public/index.php(55): Illuminate\\Foundation\\Http\\Kernel->handle(Object(Illuminate\\Http\\Request))
#53 {main}

[previous exception] [object] (PDOException(code: 42S02): SQLSTATE[42S02]: Base table or view not found: 1146 Table 'self_shop.oa_admin_role' doesn't exist at /Users/xinsiqi/Downloads/projects/php_serviceapi/vendor/laravel/framework/src/Illuminate/Database/Connection.php:331)
[stacktrace]
#0 /Users/xinsiqi/Downloads/projects/php_serviceapi/vendor/laravel/framework/src/Illuminate/Database/Connection.php(331): PDO->prepare('select * from `...')
#1 /Users/xinsiqi/Downloads/projects/php_serviceapi/vendor/laravel/framework/src/Illuminate/Database/Connection.php(662): Illuminate\\Database\\Connection->Illuminate\\Database\\{closure}('select * from `...', Array)
#2 /Users/xinsiqi/Downloads/projects/php_serviceapi/vendor/laravel/framework/src/Illuminate/Database/Connection.php(629): Illuminate\\Database\\Connection->runQueryCallback('select * from `...', Array, Object(Closure))
#3 /Users/xinsiqi/Downloads/projects/php_serviceapi/vendor/laravel/framework/src/Illuminate/Database/Connection.php(338): Illuminate\\Database\\Connection->run('select * from `...', Array, Object(Closure))
#4 /Users/xinsiqi/Downloads/projects/php_serviceapi/vendor/laravel/framework/src/Illuminate/Database/Query/Builder.php(2149): Illuminate\\Database\\Connection->select('select * from `...', Array, true)
#5 /Users/xinsiqi/Downloads/projects/php_serviceapi/vendor/laravel/framework/src/Illuminate/Database/Query/Builder.php(2137): Illuminate\\Database\\Query\\Builder->runSelect()
#6 /Users/xinsiqi/Downloads/projects/php_serviceapi/vendor/laravel/framework/src/Illuminate/Database/Query/Builder.php(2609): Illuminate\\Database\\Query\\Builder->Illuminate\\Database\\Query\\{closure}()
#7 /Users/xinsiqi/Downloads/projects/php_serviceapi/vendor/laravel/framework/src/Illuminate/Database/Query/Builder.php(2138): Illuminate\\Database\\Query\\Builder->onceWithColumns(Array, Object(Closure))
#8 /Users/xinsiqi/Downloads/projects/php_serviceapi/vendor/laravel/framework/src/Illuminate/Database/Eloquent/Builder.php(545): Illuminate\\Database\\Query\\Builder->get(Array)
#9 /Users/xinsiqi/Downloads/projects/php_serviceapi/vendor/laravel/framework/src/Illuminate/Database/Eloquent/Builder.php(529): Illuminate\\Database\\Eloquent\\Builder->getModels(Array)
#10 /Users/xinsiqi/Downloads/projects/php_serviceapi/app/Http/Controllers/Api/RoleController.php(108): Illuminate\\Database\\Eloquent\\Builder->get()
#11 [internal function]: App\\Http\\Controllers\\Api\\RoleController->getRoleRuleList(Object(Illuminate\\Http\\Request))
#12 /Users/xinsiqi/Downloads/projects/php_serviceapi/vendor/laravel/framework/src/Illuminate/Routing/Controller.php(54): call_user_func_array(Array, Array)
#13 /Users/xinsiqi/Downloads/projects/php_serviceapi/vendor/laravel/framework/src/Illuminate/Routing/ControllerDispatcher.php(45): Illuminate\\Routing\\Controller->callAction('getRoleRuleList', Array)
#14 /Users/xinsiqi/Downloads/projects/php_serviceapi/vendor/laravel/framework/src/Illuminate/Routing/Route.php(219): Illuminate\\Routing\\ControllerDispatcher->dispatch(Object(Illuminate\\Routing\\Route), Object(App\\Http\\Controllers\\Api\\RoleController), 'getRoleRuleList')
#15 /Users/xinsiqi/Downloads/projects/php_serviceapi/vendor/laravel/framework/src/Illuminate/Routing/Route.php(176): Illuminate\\Routing\\Route->runController()
#16 /Users/xinsiqi/Downloads/projects/php_serviceapi/vendor/laravel/framework/src/Illuminate/Routing/Router.php(681): Illuminate\\Routing\\Route->run()
#17 /Users/xinsiqi/Downloads/projects/php_serviceapi/vendor/laravel/framework/src/Illuminate/Pipeline/Pipeline.php(130): Illuminate\\Routing\\Router->Illuminate\\Routing\\{closure}(Object(Illuminate\\Http\\Request))
#18 /Users/xinsiqi/Downloads/projects/php_serviceapi/app/Http/Middleware/ValidateToken.php(60): Illuminate\\Pipeline\\Pipeline->Illuminate\\Pipeline\\{closure}(Object(Illuminate\\Http\\Request))
#19 /Users/xinsiqi/Downloads/projects/php_serviceapi/vendor/laravel/framework/src/Illuminate/Pipeline/Pipeline.php(171): App\\Http\\Middleware\\ValidateToken->handle(Object(Illuminate\\Http\\Request), Object(Closure))
#20 /Users/xinsiqi/Downloads/projects/php_serviceapi/vendor/laravel/framework/src/Illuminate/Routing/Middleware/SubstituteBindings.php(41): Illuminate\\Pipeline\\Pipeline->Illuminate\\Pipeline\\{closure}(Object(Illuminate\\Http\\Request))
#21 /Users/xinsiqi/Downloads/projects/php_serviceapi/vendor/laravel/framework/src/Illuminate/Pipeline/Pipeline.php(171): Illuminate\\Routing\\Middleware\\SubstituteBindings->handle(Object(Illuminate\\Http\\Request), Object(Closure))
#22 /Users/xinsiqi/Downloads/projects/php_serviceapi/vendor/laravel/framework/src/Illuminate/Foundation/Http/Middleware/VerifyCsrfToken.php(77): Illuminate\\Pipeline\\Pipeline->Illuminate\\Pipeline\\{closure}(Object(Illuminate\\Http\\Request))
#23 /Users/xinsiqi/Downloads/projects/php_serviceapi/vendor/laravel/framework/src/Illuminate/Pipeline/Pipeline.php(171): Illuminate\\Foundation\\Http\\Middleware\\VerifyCsrfToken->handle(Object(Illuminate\\Http\\Request), Object(Closure))
#24 /Users/xinsiqi/Downloads/projects/php_serviceapi/vendor/laravel/framework/src/Illuminate/View/Middleware/ShareErrorsFromSession.php(49): Illuminate\\Pipeline\\Pipeline->Illuminate\\Pipeline\\{closure}(Object(Illuminate\\Http\\Request))
#25 /Users/xinsiqi/Downloads/projects/php_serviceapi/vendor/laravel/framework/src/Illuminate/Pipeline/Pipeline.php(171): Illuminate\\View\\Middleware\\ShareErrorsFromSession->handle(Object(Illuminate\\Http\\Request), Object(Closure))
#26 /Users/xinsiqi/Downloads/projects/php_serviceapi/vendor/laravel/framework/src/Illuminate/Session/Middleware/StartSession.php(56): Illuminate\\Pipeline\\Pipeline->Illuminate\\Pipeline\\{closure}(Object(Illuminate\\Http\\Request))
#27 /Users/xinsiqi/Downloads/projects/php_serviceapi/vendor/laravel/framework/src/Illuminate/Pipeline/Pipeline.php(171): Illuminate\\Session\\Middleware\\StartSession->handle(Object(Illuminate\\Http\\Request), Object(Closure))
#28 /Users/xinsiqi/Downloads/projects/php_serviceapi/vendor/laravel/framework/src/Illuminate/Cookie/Middleware/AddQueuedCookiesToResponse.php(37): Illuminate\\Pipeline\\Pipeline->Illuminate\\Pipeline\\{closure}(Object(Illuminate\\Http\\Request))
#29 /Users/xinsiqi/Downloads/projects/php_serviceapi/vendor/laravel/framework/src/Illuminate/Pipeline/Pipeline.php(171): Illuminate\\Cookie\\Middleware\\AddQueuedCookiesToResponse->handle(Object(Illuminate\\Http\\Request), Object(Closure))
#30 /Users/xinsiqi/Downloads/projects/php_serviceapi/vendor/laravel/framework/src/Illuminate/Cookie/Middleware/EncryptCookies.php(67): Illuminate\\Pipeline\\Pipeline->Illuminate\\Pipeline\\{closure}(Object(Illuminate\\Http\\Request))
#31 /Users/xinsiqi/Downloads/projects/php_serviceapi/vendor/laravel/framework/src/Illuminate/Pipeline/Pipeline.php(171): Illuminate\\Cookie\\Middleware\\EncryptCookies->handle(Object(Illuminate\\Http\\Request), Object(Closure))
#32 /Users/xinsiqi/Downloads/projects/php_serviceapi/vendor/laravel/framework/src/Illuminate/Pipeline/Pipeline.php(105): Illuminate\\Pipeline\\Pipeline->Illuminate\\Pipeline\\{closure}(Object(Illuminate\\Http\\Request))
#33 /Users/xinsiqi/Downloads/projects/php_serviceapi/vendor/laravel/framework/src/Illuminate/Routing/Router.php(683): Illuminate\\Pipeline\\Pipeline->then(Object(Closure))
#34 /Users/xinsiqi/Downloads/projects/php_serviceapi/vendor/laravel/framework/src/Illuminate/Routing/Router.php(658): Illuminate\\Routing\\Router->runRouteWithinStack(Object(Illuminate\\Routing\\Route), Object(Illuminate\\Http\\Request))
#35 /Users/xinsiqi/Downloads/projects/php_serviceapi/vendor/laravel/framework/src/Illuminate/Routing/Router.php(624): Illuminate\\Routing\\Router->runRoute(Object(Illuminate\\Http\\Request), Object(Illuminate\\Routing\\Route))
#36 /Users/xinsiqi/Downloads/projects/php_serviceapi/vendor/laravel/framework/src/Illuminate/Routing/Router.php(613): Illuminate\\Routing\\Router->dispatchToRoute(Object(Illuminate\\Http\\Request))
#37 /Users/xinsiqi/Downloads/projects/php_serviceapi/vendor/laravel/framework/src/Illuminate/Foundation/Http/Kernel.php(170): Illuminate\\Routing\\Router->dispatch(Object(Illuminate\\Http\\Request))
#38 /Users/xinsiqi/Downloads/projects/php_serviceapi/vendor/laravel/framework/src/Illuminate/Pipeline/Pipeline.php(130): Illuminate\\Foundation\\Http\\Kernel->Illuminate\\Foundation\\Http\\{closure}(Object(Illuminate\\Http\\Request))
#39 /Users/xinsiqi/Downloads/projects/php_serviceapi/vendor/laravel/framework/src/Illuminate/Foundation/Http/Middleware/TransformsRequest.php(21): Illuminate\\Pipeline\\Pipeline->Illuminate\\Pipeline\\{closure}(Object(Illuminate\\Http\\Request))
#40 /Users/xinsiqi/Downloads/projects/php_serviceapi/vendor/laravel/framework/src/Illuminate/Pipeline/Pipeline.php(171): Illuminate\\Foundation\\Http\\Middleware\\TransformsRequest->handle(Object(Illuminate\\Http\\Request), Object(Closure))
#41 /Users/xinsiqi/Downloads/projects/php_serviceapi/vendor/laravel/framework/src/Illuminate/Foundation/Http/Middleware/TransformsRequest.php(21): Illuminate\\Pipeline\\Pipeline->Illuminate\\Pipeline\\{closure}(Object(Illuminate\\Http\\Request))
#42 /Users/xinsiqi/Downloads/projects/php_serviceapi/vendor/laravel/framework/src/Illuminate/Pipeline/Pipeline.php(171): Illuminate\\Foundation\\Http\\Middleware\\TransformsRequest->handle(Object(Illuminate\\Http\\Request), Object(Closure))
#43 /Users/xinsiqi/Downloads/projects/php_serviceapi/vendor/laravel/framework/src/Illuminate/Foundation/Http/Middleware/ValidatePostSize.php(27): Illuminate\\Pipeline\\Pipeline->Illuminate\\Pipeline\\{closure}(Object(Illuminate\\Http\\Request))
#44 /Users/xinsiqi/Downloads/projects/php_serviceapi/vendor/laravel/framework/src/Illuminate/Pipeline/Pipeline.php(171): Illuminate\\Foundation\\Http\\Middleware\\ValidatePostSize->handle(Object(Illuminate\\Http\\Request), Object(Closure))
#45 /Users/xinsiqi/Downloads/projects/php_serviceapi/vendor/laravel/framework/src/Illuminate/Foundation/Http/Middleware/CheckForMaintenanceMode.php(63): Illuminate\\Pipeline\\Pipeline->Illuminate\\Pipeline\\{closure}(Object(Illuminate\\Http\\Request))
#46 /Users/xinsiqi/Downloads/projects/php_serviceapi/vendor/laravel/framework/src/Illuminate/Pipeline/Pipeline.php(171): Illuminate\\Foundation\\Http\\Middleware\\CheckForMaintenanceMode->handle(Object(Illuminate\\Http\\Request), Object(Closure))
#47 /Users/xinsiqi/Downloads/projects/php_serviceapi/vendor/fideloper/proxy/src/TrustProxies.php(57): Illuminate\\Pipeline\\Pipeline->Illuminate\\Pipeline\\{closure}(Object(Illuminate\\Http\\Request))
#48 /Users/xinsiqi/Downloads/projects/php_serviceapi/vendor/laravel/framework/src/Illuminate/Pipeline/Pipeline.php(171): Fideloper\\Proxy\\TrustProxies->handle(Object(Illuminate\\Http\\Request), Object(Closure))
#49 /Users/xinsiqi/Downloads/projects/php_serviceapi/vendor/fruitcake/laravel-cors/src/HandleCors.php(57): Illuminate\\Pipeline\\Pipeline->Illuminate\\Pipeline\\{closure}(Object(Illuminate\\Http\\Request))
#50 /Users/xinsiqi/Downloads/projects/php_serviceapi/vendor/laravel/framework/src/Illuminate/Pipeline/Pipeline.php(171): Fruitcake\\Cors\\HandleCors->handle(Object(Illuminate\\Http\\Request), Object(Closure))
#51 /Users/xinsiqi/Downloads/projects/php_serviceapi/vendor/laravel/framework/src/Illuminate/Pipeline/Pipeline.php(105): Illuminate\\Pipeline\\Pipeline->Illuminate\\Pipeline\\{closure}(Object(Illuminate\\Http\\Request))
#52 /Users/xinsiqi/Downloads/projects/php_serviceapi/vendor/laravel/framework/src/Illuminate/Foundation/Http/Kernel.php(145): Illuminate\\Pipeline\\Pipeline->then(Object(Closure))
#53 /Users/xinsiqi/Downloads/projects/php_serviceapi/vendor/laravel/framework/src/Illuminate/Foundation/Http/Kernel.php(110): Illuminate\\Foundation\\Http\\Kernel->sendRequestThroughRouter(Object(Illuminate\\Http\\Request))
#54 /Users/xinsiqi/Downloads/projects/php_serviceapi/public/index.php(55): Illuminate\\Foundation\\Http\\Kernel->handle(Object(Illuminate\\Http\\Request))
#55 {main}
"} 
[2023-10-29 03:05:38] local.DEBUG: [self_shop] [4.64ms] select * from `oa_blog_admin` where `id` = '1' limit 1 | GET: /api/admin/role/getRoleRuleList?id=20  
[2023-10-29 03:05:38] local.DEBUG: [self_shop] [4.83ms] select * from `oa_admin_role` where `id` = '20' and `status` = '1' | GET: /api/admin/role/getRoleRuleList?id=20  
[2023-10-29 03:06:02] local.DEBUG: [self_shop] [7.1ms] select * from `oa_blog_admin` where `id` = '1' limit 1 | GET: /api/admin/role/getRoleRuleList?id=20  
[2023-10-29 03:06:02] local.DEBUG: [self_shop] [860μs] select * from `oa_admin_role` where `id` = '20' and `status` = '1' limit 1 | GET: /api/admin/role/getRoleRuleList?id=20  
[2023-10-29 03:06:12] local.DEBUG: [self_shop] [3.62ms] select * from `oa_blog_admin` where `id` = '1' limit 1 | GET: /api/admin/role/getRoleRuleList  
[2023-10-29 03:06:15] local.DEBUG: [self_shop] [5.83ms] select * from `oa_blog_admin` where `id` = '1' limit 1 | GET: /api/admin/role/getRoleRuleList?id=20  
[2023-10-29 03:06:15] local.DEBUG: [self_shop] [1ms] select * from `oa_admin_role` where `id` = '20' and `status` = '1' limit 1 | GET: /api/admin/role/getRoleRuleList?id=20  
[2023-10-29 03:07:17] local.DEBUG: [self_shop] [2.86ms] select * from `oa_blog_admin` where `id` = '1' limit 1 | GET: /api/user?token%20=%20eyJ0eXAiOiJKV1QiLCJhbGciOiJIUzI1NiJ9.eyJpc3MiOiJodHRwOlwvXC8xMjcuMC4wLjE6MzAwMVwvYXBpXC9sb2dpbiIsImlhdCI6MTY5ODUwMDIzMSwiZXhwIjoxNjk5NzA5ODMxLCJuYmYiOjE2OTg1MDAyMzEsImp0aSI6Im50c2RUc2JCek1JOG1RRDMiLCJzdWIiOjEsInBydiI6IjIzYmQ1Yzg5NDlmNjAwYWRiMzllNzAxYzQwMDg3MmRiN2E1OTc2ZjcifQ.oRIQ6YxOxRzeR18HQRiMblVSBPoBuJk2znrHDzahE74  
[2023-10-29 03:07:17] local.DEBUG: [self_shop] [1.03ms] select * from `oa_blog_admin` where `id` = '1' limit 1 | GET: /api/user?token%20=%20eyJ0eXAiOiJKV1QiLCJhbGciOiJIUzI1NiJ9.eyJpc3MiOiJodHRwOlwvXC8xMjcuMC4wLjE6MzAwMVwvYXBpXC9sb2dpbiIsImlhdCI6MTY5ODUwMDIzMSwiZXhwIjoxNjk5NzA5ODMxLCJuYmYiOjE2OTg1MDAyMzEsImp0aSI6Im50c2RUc2JCek1JOG1RRDMiLCJzdWIiOjEsInBydiI6IjIzYmQ1Yzg5NDlmNjAwYWRiMzllNzAxYzQwMDg3MmRiN2E1OTc2ZjcifQ.oRIQ6YxOxRzeR18HQRiMblVSBPoBuJk2znrHDzahE74  
[2023-10-29 03:08:27] local.DEBUG: [self_shop] [2.79ms] select * from `oa_blog_admin` where `id` = '1' limit 1 | GET: /api/user?token%20=%20eyJ0eXAiOiJKV1QiLCJhbGciOiJIUzI1NiJ9.eyJpc3MiOiJodHRwOlwvXC8xMjcuMC4wLjE6MzAwMVwvYXBpXC9sb2dpbiIsImlhdCI6MTY5ODUwMDIzMSwiZXhwIjoxNjk5NzA5ODMxLCJuYmYiOjE2OTg1MDAyMzEsImp0aSI6Im50c2RUc2JCek1JOG1RRDMiLCJzdWIiOjEsInBydiI6IjIzYmQ1Yzg5NDlmNjAwYWRiMzllNzAxYzQwMDg3MmRiN2E1OTc2ZjcifQ.oRIQ6YxOxRzeR18HQRiMblVSBPoBuJk2znrHDzahE74  
[2023-10-29 03:08:27] local.DEBUG: [self_shop] [260μs] select * from `oa_blog_admin` where `id` = '1' limit 1 | GET: /api/user?token%20=%20eyJ0eXAiOiJKV1QiLCJhbGciOiJIUzI1NiJ9.eyJpc3MiOiJodHRwOlwvXC8xMjcuMC4wLjE6MzAwMVwvYXBpXC9sb2dpbiIsImlhdCI6MTY5ODUwMDIzMSwiZXhwIjoxNjk5NzA5ODMxLCJuYmYiOjE2OTg1MDAyMzEsImp0aSI6Im50c2RUc2JCek1JOG1RRDMiLCJzdWIiOjEsInBydiI6IjIzYmQ1Yzg5NDlmNjAwYWRiMzllNzAxYzQwMDg3MmRiN2E1OTc2ZjcifQ.oRIQ6YxOxRzeR18HQRiMblVSBPoBuJk2znrHDzahE74  
[2023-10-29 03:08:44] local.DEBUG: [self_shop] [2.55ms] select * from `oa_blog_admin` where `id` = '1' limit 1 | GET: /api/user?token%20=%20eyJ0eXAiOiJKV1QiLCJhbGciOiJIUzI1NiJ9.eyJpc3MiOiJodHRwOlwvXC8xMjcuMC4wLjE6MzAwMVwvYXBpXC9sb2dpbiIsImlhdCI6MTY5ODUwMDIzMSwiZXhwIjoxNjk5NzA5ODMxLCJuYmYiOjE2OTg1MDAyMzEsImp0aSI6Im50c2RUc2JCek1JOG1RRDMiLCJzdWIiOjEsInBydiI6IjIzYmQ1Yzg5NDlmNjAwYWRiMzllNzAxYzQwMDg3MmRiN2E1OTc2ZjcifQ.oRIQ6YxOxRzeR18HQRiMblVSBPoBuJk2znrHDzahE74  
[2023-10-29 03:08:44] local.DEBUG: [self_shop] [400μs] select * from `oa_blog_admin` where `id` = '1' limit 1 | GET: /api/user?token%20=%20eyJ0eXAiOiJKV1QiLCJhbGciOiJIUzI1NiJ9.eyJpc3MiOiJodHRwOlwvXC8xMjcuMC4wLjE6MzAwMVwvYXBpXC9sb2dpbiIsImlhdCI6MTY5ODUwMDIzMSwiZXhwIjoxNjk5NzA5ODMxLCJuYmYiOjE2OTg1MDAyMzEsImp0aSI6Im50c2RUc2JCek1JOG1RRDMiLCJzdWIiOjEsInBydiI6IjIzYmQ1Yzg5NDlmNjAwYWRiMzllNzAxYzQwMDg3MmRiN2E1OTc2ZjcifQ.oRIQ6YxOxRzeR18HQRiMblVSBPoBuJk2znrHDzahE74  
[2023-10-29 03:10:01] local.DEBUG: [self_shop] [2.7ms] select * from `oa_blog_admin` where `id` = '1' limit 1 | GET: /api/user?token%20=%20eyJ0eXAiOiJKV1QiLCJhbGciOiJIUzI1NiJ9.eyJpc3MiOiJodHRwOlwvXC8xMjcuMC4wLjE6MzAwMVwvYXBpXC9sb2dpbiIsImlhdCI6MTY5ODUwMDIzMSwiZXhwIjoxNjk5NzA5ODMxLCJuYmYiOjE2OTg1MDAyMzEsImp0aSI6Im50c2RUc2JCek1JOG1RRDMiLCJzdWIiOjEsInBydiI6IjIzYmQ1Yzg5NDlmNjAwYWRiMzllNzAxYzQwMDg3MmRiN2E1OTc2ZjcifQ.oRIQ6YxOxRzeR18HQRiMblVSBPoBuJk2znrHDzahE74  
[2023-10-29 03:10:01] local.DEBUG: [self_shop] [480μs] select * from `oa_blog_admin` where `id` = '1' limit 1 | GET: /api/user?token%20=%20eyJ0eXAiOiJKV1QiLCJhbGciOiJIUzI1NiJ9.eyJpc3MiOiJodHRwOlwvXC8xMjcuMC4wLjE6MzAwMVwvYXBpXC9sb2dpbiIsImlhdCI6MTY5ODUwMDIzMSwiZXhwIjoxNjk5NzA5ODMxLCJuYmYiOjE2OTg1MDAyMzEsImp0aSI6Im50c2RUc2JCek1JOG1RRDMiLCJzdWIiOjEsInBydiI6IjIzYmQ1Yzg5NDlmNjAwYWRiMzllNzAxYzQwMDg3MmRiN2E1OTc2ZjcifQ.oRIQ6YxOxRzeR18HQRiMblVSBPoBuJk2znrHDzahE74  
[2023-10-29 03:11:34] local.DEBUG: [self_shop] [3.85ms] select * from `oa_blog_admin` where `id` = '1' limit 1 | GET: /api/admin/user?token%20=%20eyJ0eXAiOiJKV1QiLCJhbGciOiJIUzI1NiJ9.eyJpc3MiOiJodHRwOlwvXC8xMjcuMC4wLjE6MzAwMVwvYXBpXC9sb2dpbiIsImlhdCI6MTY5ODUwMDIzMSwiZXhwIjoxNjk5NzA5ODMxLCJuYmYiOjE2OTg1MDAyMzEsImp0aSI6Im50c2RUc2JCek1JOG1RRDMiLCJzdWIiOjEsInBydiI6IjIzYmQ1Yzg5NDlmNjAwYWRiMzllNzAxYzQwMDg3MmRiN2E1OTc2ZjcifQ.oRIQ6YxOxRzeR18HQRiMblVSBPoBuJk2znrHDzahE74  
[2023-10-29 03:11:38] local.DEBUG: [self_shop] [3.77ms] select * from `oa_blog_admin` where `id` = '1' limit 1 | GET: /api/admin/user?token%20=%20eyJ0eXAiOiJKV1QiLCJhbGciOiJIUzI1NiJ9.eyJpc3MiOiJodHRwOlwvXC8xMjcuMC4wLjE6MzAwMVwvYXBpXC9sb2dpbiIsImlhdCI6MTY5ODUwMDIzMSwiZXhwIjoxNjk5NzA5ODMxLCJuYmYiOjE2OTg1MDAyMzEsImp0aSI6Im50c2RUc2JCek1JOG1RRDMiLCJzdWIiOjEsInBydiI6IjIzYmQ1Yzg5NDlmNjAwYWRiMzllNzAxYzQwMDg3MmRiN2E1OTc2ZjcifQ.oRIQ6YxOxRzeR18HQRiMblVSBPoBuJk2znrHDzahE74  
[2023-10-29 03:11:59] local.DEBUG: [self_shop] [3.97ms] select * from `oa_blog_admin` where `username` = 'admin' limit 1 | POST: /api/admin/login?token%20=%20eyJ0eXAiOiJKV1QiLCJhbGciOiJIUzI1NiJ9.eyJpc3MiOiJodHRwOlwvXC8xMjcuMC4wLjE6MzAwMVwvYXBpXC9sb2dpbiIsImlhdCI6MTY5ODUwMDIzMSwiZXhwIjoxNjk5NzA5ODMxLCJuYmYiOjE2OTg1MDAyMzEsImp0aSI6Im50c2RUc2JCek1JOG1RRDMiLCJzdWIiOjEsInBydiI6IjIzYmQ1Yzg5NDlmNjAwYWRiMzllNzAxYzQwMDg3MmRiN2E1OTc2ZjcifQ.oRIQ6YxOxRzeR18HQRiMblVSBPoBuJk2znrHDzahE74  
[2023-10-29 03:12:00] local.DEBUG: [self_shop] [1.65ms] select * from `oa_blog_admin` where `id` = '1' limit 1 | GET: /api/admin/user?token%20=%20eyJ0eXAiOiJKV1QiLCJhbGciOiJIUzI1NiJ9.eyJpc3MiOiJodHRwOlwvXC8xMjcuMC4wLjE6MzAwMVwvYXBpXC9hZG1pblwvbG9naW4iLCJpYXQiOjE2OTg1NDkxMjAsImV4cCI6MTY5OTc1ODcyMCwibmJmIjoxNjk4NTQ5MTIwLCJqdGkiOiJXd1l6T3VYSWJ6REh0ODVTIiwic3ViIjoxLCJwcnYiOiIyM2JkNWM4OTQ5ZjYwMGFkYjM5ZTcwMWM0MDA4NzJkYjdhNTk3NmY3In0.5OjJgNsWJXlTy1WRqErL1dMCTI8QsDELRAu5n6v3L2I  
[2023-10-29 03:14:11] local.DEBUG: [self_shop] [3.65ms] select * from `oa_blog_admin` where `id` = '1' limit 1 | GET: /api/admin/user?token%20=%20eyJ0eXAiOiJKV1QiLCJhbGciOiJIUzI1NiJ9.eyJpc3MiOiJodHRwOlwvXC8xMjcuMC4wLjE6MzAwMVwvYXBpXC9hZG1pblwvbG9naW4iLCJpYXQiOjE2OTg1NDkxMjAsImV4cCI6MTY5OTc1ODcyMCwibmJmIjoxNjk4NTQ5MTIwLCJqdGkiOiJXd1l6T3VYSWJ6REh0ODVTIiwic3ViIjoxLCJwcnYiOiIyM2JkNWM4OTQ5ZjYwMGFkYjM5ZTcwMWM0MDA4NzJkYjdhNTk3NmY3In0.5OjJgNsWJXlTy1WRqErL1dMCTI8QsDELRAu5n6v3L2I  
[2023-10-29 03:14:26] local.DEBUG: [self_shop] [2.64ms] select * from `oa_blog_admin` where `username` = 'admin' limit 1 | POST: /api/admin/login?token%20=%20eyJ0eXAiOiJKV1QiLCJhbGciOiJIUzI1NiJ9.eyJpc3MiOiJodHRwOlwvXC8xMjcuMC4wLjE6MzAwMVwvYXBpXC9hZG1pblwvbG9naW4iLCJpYXQiOjE2OTg1NDkxMjAsImV4cCI6MTY5OTc1ODcyMCwibmJmIjoxNjk4NTQ5MTIwLCJqdGkiOiJXd1l6T3VYSWJ6REh0ODVTIiwic3ViIjoxLCJwcnYiOiIyM2JkNWM4OTQ5ZjYwMGFkYjM5ZTcwMWM0MDA4NzJkYjdhNTk3NmY3In0.5OjJgNsWJXlTy1WRqErL1dMCTI8QsDELRAu5n6v3L2I  
[2023-10-29 03:50:45] local.ERROR: Wrong number of segments {"exception":"[object] (Tymon\\JWTAuth\\Exceptions\\TokenInvalidException(code: 0): Wrong number of segments at /Users/xinsiqi/Downloads/projects/php_serviceapi/vendor/tymon/jwt-auth/src/Validators/TokenValidator.php:42)
[stacktrace]
#0 /Users/xinsiqi/Downloads/projects/php_serviceapi/vendor/tymon/jwt-auth/src/Validators/TokenValidator.php(27): Tymon\\JWTAuth\\Validators\\TokenValidator->validateStructure('undefined')
#1 /Users/xinsiqi/Downloads/projects/php_serviceapi/vendor/tymon/jwt-auth/src/Token.php(32): Tymon\\JWTAuth\\Validators\\TokenValidator->check('undefined')
#2 /Users/xinsiqi/Downloads/projects/php_serviceapi/vendor/tymon/jwt-auth/src/JWT.php(304): Tymon\\JWTAuth\\Token->__construct('undefined')
#3 /Users/xinsiqi/Downloads/projects/php_serviceapi/vendor/tymon/jwt-auth/src/JWT.php(188): Tymon\\JWTAuth\\JWT->setToken('undefined')
#4 /Users/xinsiqi/Downloads/projects/php_serviceapi/vendor/laravel/framework/src/Illuminate/Support/Facades/Facade.php(261): Tymon\\JWTAuth\\JWT->parseToken()
#5 /Users/xinsiqi/Downloads/projects/php_serviceapi/app/Http/Controllers/Api/AdminUserController.php(105): Illuminate\\Support\\Facades\\Facade::__callStatic('parseToken', Array)
#6 [internal function]: App\\Http\\Controllers\\Api\\AdminUserController->getAuthUser(Object(Illuminate\\Http\\Request))
#7 /Users/xinsiqi/Downloads/projects/php_serviceapi/vendor/laravel/framework/src/Illuminate/Routing/Controller.php(54): call_user_func_array(Array, Array)
#8 /Users/xinsiqi/Downloads/projects/php_serviceapi/vendor/laravel/framework/src/Illuminate/Routing/ControllerDispatcher.php(45): Illuminate\\Routing\\Controller->callAction('getAuthUser', Array)
#9 /Users/xinsiqi/Downloads/projects/php_serviceapi/vendor/laravel/framework/src/Illuminate/Routing/Route.php(219): Illuminate\\Routing\\ControllerDispatcher->dispatch(Object(Illuminate\\Routing\\Route), Object(App\\Http\\Controllers\\Api\\AdminUserController), 'getAuthUser')
#10 /Users/xinsiqi/Downloads/projects/php_serviceapi/vendor/laravel/framework/src/Illuminate/Routing/Route.php(176): Illuminate\\Routing\\Route->runController()
#11 /Users/xinsiqi/Downloads/projects/php_serviceapi/vendor/laravel/framework/src/Illuminate/Routing/Router.php(681): Illuminate\\Routing\\Route->run()
#12 /Users/xinsiqi/Downloads/projects/php_serviceapi/vendor/laravel/framework/src/Illuminate/Pipeline/Pipeline.php(130): Illuminate\\Routing\\Router->Illuminate\\Routing\\{closure}(Object(Illuminate\\Http\\Request))
#13 /Users/xinsiqi/Downloads/projects/php_serviceapi/vendor/laravel/framework/src/Illuminate/Routing/Middleware/SubstituteBindings.php(41): Illuminate\\Pipeline\\Pipeline->Illuminate\\Pipeline\\{closure}(Object(Illuminate\\Http\\Request))
#14 /Users/xinsiqi/Downloads/projects/php_serviceapi/vendor/laravel/framework/src/Illuminate/Pipeline/Pipeline.php(171): Illuminate\\Routing\\Middleware\\SubstituteBindings->handle(Object(Illuminate\\Http\\Request), Object(Closure))
#15 /Users/xinsiqi/Downloads/projects/php_serviceapi/vendor/laravel/framework/src/Illuminate/Foundation/Http/Middleware/VerifyCsrfToken.php(77): Illuminate\\Pipeline\\Pipeline->Illuminate\\Pipeline\\{closure}(Object(Illuminate\\Http\\Request))
#16 /Users/xinsiqi/Downloads/projects/php_serviceapi/vendor/laravel/framework/src/Illuminate/Pipeline/Pipeline.php(171): Illuminate\\Foundation\\Http\\Middleware\\VerifyCsrfToken->handle(Object(Illuminate\\Http\\Request), Object(Closure))
#17 /Users/xinsiqi/Downloads/projects/php_serviceapi/vendor/laravel/framework/src/Illuminate/View/Middleware/ShareErrorsFromSession.php(49): Illuminate\\Pipeline\\Pipeline->Illuminate\\Pipeline\\{closure}(Object(Illuminate\\Http\\Request))
#18 /Users/xinsiqi/Downloads/projects/php_serviceapi/vendor/laravel/framework/src/Illuminate/Pipeline/Pipeline.php(171): Illuminate\\View\\Middleware\\ShareErrorsFromSession->handle(Object(Illuminate\\Http\\Request), Object(Closure))
#19 /Users/xinsiqi/Downloads/projects/php_serviceapi/vendor/laravel/framework/src/Illuminate/Session/Middleware/StartSession.php(56): Illuminate\\Pipeline\\Pipeline->Illuminate\\Pipeline\\{closure}(Object(Illuminate\\Http\\Request))
#20 /Users/xinsiqi/Downloads/projects/php_serviceapi/vendor/laravel/framework/src/Illuminate/Pipeline/Pipeline.php(171): Illuminate\\Session\\Middleware\\StartSession->handle(Object(Illuminate\\Http\\Request), Object(Closure))
#21 /Users/xinsiqi/Downloads/projects/php_serviceapi/vendor/laravel/framework/src/Illuminate/Cookie/Middleware/AddQueuedCookiesToResponse.php(37): Illuminate\\Pipeline\\Pipeline->Illuminate\\Pipeline\\{closure}(Object(Illuminate\\Http\\Request))
#22 /Users/xinsiqi/Downloads/projects/php_serviceapi/vendor/laravel/framework/src/Illuminate/Pipeline/Pipeline.php(171): Illuminate\\Cookie\\Middleware\\AddQueuedCookiesToResponse->handle(Object(Illuminate\\Http\\Request), Object(Closure))
#23 /Users/xinsiqi/Downloads/projects/php_serviceapi/vendor/laravel/framework/src/Illuminate/Cookie/Middleware/EncryptCookies.php(67): Illuminate\\Pipeline\\Pipeline->Illuminate\\Pipeline\\{closure}(Object(Illuminate\\Http\\Request))
#24 /Users/xinsiqi/Downloads/projects/php_serviceapi/vendor/laravel/framework/src/Illuminate/Pipeline/Pipeline.php(171): Illuminate\\Cookie\\Middleware\\EncryptCookies->handle(Object(Illuminate\\Http\\Request), Object(Closure))
#25 /Users/xinsiqi/Downloads/projects/php_serviceapi/vendor/laravel/framework/src/Illuminate/Pipeline/Pipeline.php(105): Illuminate\\Pipeline\\Pipeline->Illuminate\\Pipeline\\{closure}(Object(Illuminate\\Http\\Request))
#26 /Users/xinsiqi/Downloads/projects/php_serviceapi/vendor/laravel/framework/src/Illuminate/Routing/Router.php(683): Illuminate\\Pipeline\\Pipeline->then(Object(Closure))
#27 /Users/xinsiqi/Downloads/projects/php_serviceapi/vendor/laravel/framework/src/Illuminate/Routing/Router.php(658): Illuminate\\Routing\\Router->runRouteWithinStack(Object(Illuminate\\Routing\\Route), Object(Illuminate\\Http\\Request))
#28 /Users/xinsiqi/Downloads/projects/php_serviceapi/vendor/laravel/framework/src/Illuminate/Routing/Router.php(624): Illuminate\\Routing\\Router->runRoute(Object(Illuminate\\Http\\Request), Object(Illuminate\\Routing\\Route))
#29 /Users/xinsiqi/Downloads/projects/php_serviceapi/vendor/laravel/framework/src/Illuminate/Routing/Router.php(613): Illuminate\\Routing\\Router->dispatchToRoute(Object(Illuminate\\Http\\Request))
#30 /Users/xinsiqi/Downloads/projects/php_serviceapi/vendor/laravel/framework/src/Illuminate/Foundation/Http/Kernel.php(170): Illuminate\\Routing\\Router->dispatch(Object(Illuminate\\Http\\Request))
#31 /Users/xinsiqi/Downloads/projects/php_serviceapi/vendor/laravel/framework/src/Illuminate/Pipeline/Pipeline.php(130): Illuminate\\Foundation\\Http\\Kernel->Illuminate\\Foundation\\Http\\{closure}(Object(Illuminate\\Http\\Request))
#32 /Users/xinsiqi/Downloads/projects/php_serviceapi/vendor/laravel/framework/src/Illuminate/Foundation/Http/Middleware/TransformsRequest.php(21): Illuminate\\Pipeline\\Pipeline->Illuminate\\Pipeline\\{closure}(Object(Illuminate\\Http\\Request))
#33 /Users/xinsiqi/Downloads/projects/php_serviceapi/vendor/laravel/framework/src/Illuminate/Pipeline/Pipeline.php(171): Illuminate\\Foundation\\Http\\Middleware\\TransformsRequest->handle(Object(Illuminate\\Http\\Request), Object(Closure))
#34 /Users/xinsiqi/Downloads/projects/php_serviceapi/vendor/laravel/framework/src/Illuminate/Foundation/Http/Middleware/TransformsRequest.php(21): Illuminate\\Pipeline\\Pipeline->Illuminate\\Pipeline\\{closure}(Object(Illuminate\\Http\\Request))
#35 /Users/xinsiqi/Downloads/projects/php_serviceapi/vendor/laravel/framework/src/Illuminate/Pipeline/Pipeline.php(171): Illuminate\\Foundation\\Http\\Middleware\\TransformsRequest->handle(Object(Illuminate\\Http\\Request), Object(Closure))
#36 /Users/xinsiqi/Downloads/projects/php_serviceapi/vendor/laravel/framework/src/Illuminate/Foundation/Http/Middleware/ValidatePostSize.php(27): Illuminate\\Pipeline\\Pipeline->Illuminate\\Pipeline\\{closure}(Object(Illuminate\\Http\\Request))
#37 /Users/xinsiqi/Downloads/projects/php_serviceapi/vendor/laravel/framework/src/Illuminate/Pipeline/Pipeline.php(171): Illuminate\\Foundation\\Http\\Middleware\\ValidatePostSize->handle(Object(Illuminate\\Http\\Request), Object(Closure))
#38 /Users/xinsiqi/Downloads/projects/php_serviceapi/vendor/laravel/framework/src/Illuminate/Foundation/Http/Middleware/CheckForMaintenanceMode.php(63): Illuminate\\Pipeline\\Pipeline->Illuminate\\Pipeline\\{closure}(Object(Illuminate\\Http\\Request))
#39 /Users/xinsiqi/Downloads/projects/php_serviceapi/vendor/laravel/framework/src/Illuminate/Pipeline/Pipeline.php(171): Illuminate\\Foundation\\Http\\Middleware\\CheckForMaintenanceMode->handle(Object(Illuminate\\Http\\Request), Object(Closure))
#40 /Users/xinsiqi/Downloads/projects/php_serviceapi/vendor/fideloper/proxy/src/TrustProxies.php(57): Illuminate\\Pipeline\\Pipeline->Illuminate\\Pipeline\\{closure}(Object(Illuminate\\Http\\Request))
#41 /Users/xinsiqi/Downloads/projects/php_serviceapi/vendor/laravel/framework/src/Illuminate/Pipeline/Pipeline.php(171): Fideloper\\Proxy\\TrustProxies->handle(Object(Illuminate\\Http\\Request), Object(Closure))
#42 /Users/xinsiqi/Downloads/projects/php_serviceapi/vendor/fruitcake/laravel-cors/src/HandleCors.php(57): Illuminate\\Pipeline\\Pipeline->Illuminate\\Pipeline\\{closure}(Object(Illuminate\\Http\\Request))
#43 /Users/xinsiqi/Downloads/projects/php_serviceapi/vendor/laravel/framework/src/Illuminate/Pipeline/Pipeline.php(171): Fruitcake\\Cors\\HandleCors->handle(Object(Illuminate\\Http\\Request), Object(Closure))
#44 /Users/xinsiqi/Downloads/projects/php_serviceapi/vendor/laravel/framework/src/Illuminate/Pipeline/Pipeline.php(105): Illuminate\\Pipeline\\Pipeline->Illuminate\\Pipeline\\{closure}(Object(Illuminate\\Http\\Request))
#45 /Users/xinsiqi/Downloads/projects/php_serviceapi/vendor/laravel/framework/src/Illuminate/Foundation/Http/Kernel.php(145): Illuminate\\Pipeline\\Pipeline->then(Object(Closure))
#46 /Users/xinsiqi/Downloads/projects/php_serviceapi/vendor/laravel/framework/src/Illuminate/Foundation/Http/Kernel.php(110): Illuminate\\Foundation\\Http\\Kernel->sendRequestThroughRouter(Object(Illuminate\\Http\\Request))
#47 /Users/xinsiqi/Downloads/projects/php_serviceapi/public/index.php(55): Illuminate\\Foundation\\Http\\Kernel->handle(Object(Illuminate\\Http\\Request))
#48 {main}
"} 
[2023-10-29 03:50:58] local.ERROR: Wrong number of segments {"exception":"[object] (Tymon\\JWTAuth\\Exceptions\\TokenInvalidException(code: 0): Wrong number of segments at /Users/xinsiqi/Downloads/projects/php_serviceapi/vendor/tymon/jwt-auth/src/Validators/TokenValidator.php:42)
[stacktrace]
#0 /Users/xinsiqi/Downloads/projects/php_serviceapi/vendor/tymon/jwt-auth/src/Validators/TokenValidator.php(27): Tymon\\JWTAuth\\Validators\\TokenValidator->validateStructure('undefined')
#1 /Users/xinsiqi/Downloads/projects/php_serviceapi/vendor/tymon/jwt-auth/src/Token.php(32): Tymon\\JWTAuth\\Validators\\TokenValidator->check('undefined')
#2 /Users/xinsiqi/Downloads/projects/php_serviceapi/vendor/tymon/jwt-auth/src/JWT.php(304): Tymon\\JWTAuth\\Token->__construct('undefined')
#3 /Users/xinsiqi/Downloads/projects/php_serviceapi/vendor/tymon/jwt-auth/src/JWT.php(188): Tymon\\JWTAuth\\JWT->setToken('undefined')
#4 /Users/xinsiqi/Downloads/projects/php_serviceapi/vendor/laravel/framework/src/Illuminate/Support/Facades/Facade.php(261): Tymon\\JWTAuth\\JWT->parseToken()
#5 /Users/xinsiqi/Downloads/projects/php_serviceapi/app/Http/Controllers/Api/AdminUserController.php(105): Illuminate\\Support\\Facades\\Facade::__callStatic('parseToken', Array)
#6 [internal function]: App\\Http\\Controllers\\Api\\AdminUserController->getAuthUser(Object(Illuminate\\Http\\Request))
#7 /Users/xinsiqi/Downloads/projects/php_serviceapi/vendor/laravel/framework/src/Illuminate/Routing/Controller.php(54): call_user_func_array(Array, Array)
#8 /Users/xinsiqi/Downloads/projects/php_serviceapi/vendor/laravel/framework/src/Illuminate/Routing/ControllerDispatcher.php(45): Illuminate\\Routing\\Controller->callAction('getAuthUser', Array)
#9 /Users/xinsiqi/Downloads/projects/php_serviceapi/vendor/laravel/framework/src/Illuminate/Routing/Route.php(219): Illuminate\\Routing\\ControllerDispatcher->dispatch(Object(Illuminate\\Routing\\Route), Object(App\\Http\\Controllers\\Api\\AdminUserController), 'getAuthUser')
#10 /Users/xinsiqi/Downloads/projects/php_serviceapi/vendor/laravel/framework/src/Illuminate/Routing/Route.php(176): Illuminate\\Routing\\Route->runController()
#11 /Users/xinsiqi/Downloads/projects/php_serviceapi/vendor/laravel/framework/src/Illuminate/Routing/Router.php(681): Illuminate\\Routing\\Route->run()
#12 /Users/xinsiqi/Downloads/projects/php_serviceapi/vendor/laravel/framework/src/Illuminate/Pipeline/Pipeline.php(130): Illuminate\\Routing\\Router->Illuminate\\Routing\\{closure}(Object(Illuminate\\Http\\Request))
#13 /Users/xinsiqi/Downloads/projects/php_serviceapi/vendor/laravel/framework/src/Illuminate/Routing/Middleware/SubstituteBindings.php(41): Illuminate\\Pipeline\\Pipeline->Illuminate\\Pipeline\\{closure}(Object(Illuminate\\Http\\Request))
#14 /Users/xinsiqi/Downloads/projects/php_serviceapi/vendor/laravel/framework/src/Illuminate/Pipeline/Pipeline.php(171): Illuminate\\Routing\\Middleware\\SubstituteBindings->handle(Object(Illuminate\\Http\\Request), Object(Closure))
#15 /Users/xinsiqi/Downloads/projects/php_serviceapi/vendor/laravel/framework/src/Illuminate/Foundation/Http/Middleware/VerifyCsrfToken.php(77): Illuminate\\Pipeline\\Pipeline->Illuminate\\Pipeline\\{closure}(Object(Illuminate\\Http\\Request))
#16 /Users/xinsiqi/Downloads/projects/php_serviceapi/vendor/laravel/framework/src/Illuminate/Pipeline/Pipeline.php(171): Illuminate\\Foundation\\Http\\Middleware\\VerifyCsrfToken->handle(Object(Illuminate\\Http\\Request), Object(Closure))
#17 /Users/xinsiqi/Downloads/projects/php_serviceapi/vendor/laravel/framework/src/Illuminate/View/Middleware/ShareErrorsFromSession.php(49): Illuminate\\Pipeline\\Pipeline->Illuminate\\Pipeline\\{closure}(Object(Illuminate\\Http\\Request))
#18 /Users/xinsiqi/Downloads/projects/php_serviceapi/vendor/laravel/framework/src/Illuminate/Pipeline/Pipeline.php(171): Illuminate\\View\\Middleware\\ShareErrorsFromSession->handle(Object(Illuminate\\Http\\Request), Object(Closure))
#19 /Users/xinsiqi/Downloads/projects/php_serviceapi/vendor/laravel/framework/src/Illuminate/Session/Middleware/StartSession.php(56): Illuminate\\Pipeline\\Pipeline->Illuminate\\Pipeline\\{closure}(Object(Illuminate\\Http\\Request))
#20 /Users/xinsiqi/Downloads/projects/php_serviceapi/vendor/laravel/framework/src/Illuminate/Pipeline/Pipeline.php(171): Illuminate\\Session\\Middleware\\StartSession->handle(Object(Illuminate\\Http\\Request), Object(Closure))
#21 /Users/xinsiqi/Downloads/projects/php_serviceapi/vendor/laravel/framework/src/Illuminate/Cookie/Middleware/AddQueuedCookiesToResponse.php(37): Illuminate\\Pipeline\\Pipeline->Illuminate\\Pipeline\\{closure}(Object(Illuminate\\Http\\Request))
#22 /Users/xinsiqi/Downloads/projects/php_serviceapi/vendor/laravel/framework/src/Illuminate/Pipeline/Pipeline.php(171): Illuminate\\Cookie\\Middleware\\AddQueuedCookiesToResponse->handle(Object(Illuminate\\Http\\Request), Object(Closure))
#23 /Users/xinsiqi/Downloads/projects/php_serviceapi/vendor/laravel/framework/src/Illuminate/Cookie/Middleware/EncryptCookies.php(67): Illuminate\\Pipeline\\Pipeline->Illuminate\\Pipeline\\{closure}(Object(Illuminate\\Http\\Request))
#24 /Users/xinsiqi/Downloads/projects/php_serviceapi/vendor/laravel/framework/src/Illuminate/Pipeline/Pipeline.php(171): Illuminate\\Cookie\\Middleware\\EncryptCookies->handle(Object(Illuminate\\Http\\Request), Object(Closure))
#25 /Users/xinsiqi/Downloads/projects/php_serviceapi/vendor/laravel/framework/src/Illuminate/Pipeline/Pipeline.php(105): Illuminate\\Pipeline\\Pipeline->Illuminate\\Pipeline\\{closure}(Object(Illuminate\\Http\\Request))
#26 /Users/xinsiqi/Downloads/projects/php_serviceapi/vendor/laravel/framework/src/Illuminate/Routing/Router.php(683): Illuminate\\Pipeline\\Pipeline->then(Object(Closure))
#27 /Users/xinsiqi/Downloads/projects/php_serviceapi/vendor/laravel/framework/src/Illuminate/Routing/Router.php(658): Illuminate\\Routing\\Router->runRouteWithinStack(Object(Illuminate\\Routing\\Route), Object(Illuminate\\Http\\Request))
#28 /Users/xinsiqi/Downloads/projects/php_serviceapi/vendor/laravel/framework/src/Illuminate/Routing/Router.php(624): Illuminate\\Routing\\Router->runRoute(Object(Illuminate\\Http\\Request), Object(Illuminate\\Routing\\Route))
#29 /Users/xinsiqi/Downloads/projects/php_serviceapi/vendor/laravel/framework/src/Illuminate/Routing/Router.php(613): Illuminate\\Routing\\Router->dispatchToRoute(Object(Illuminate\\Http\\Request))
#30 /Users/xinsiqi/Downloads/projects/php_serviceapi/vendor/laravel/framework/src/Illuminate/Foundation/Http/Kernel.php(170): Illuminate\\Routing\\Router->dispatch(Object(Illuminate\\Http\\Request))
#31 /Users/xinsiqi/Downloads/projects/php_serviceapi/vendor/laravel/framework/src/Illuminate/Pipeline/Pipeline.php(130): Illuminate\\Foundation\\Http\\Kernel->Illuminate\\Foundation\\Http\\{closure}(Object(Illuminate\\Http\\Request))
#32 /Users/xinsiqi/Downloads/projects/php_serviceapi/vendor/laravel/framework/src/Illuminate/Foundation/Http/Middleware/TransformsRequest.php(21): Illuminate\\Pipeline\\Pipeline->Illuminate\\Pipeline\\{closure}(Object(Illuminate\\Http\\Request))
#33 /Users/xinsiqi/Downloads/projects/php_serviceapi/vendor/laravel/framework/src/Illuminate/Pipeline/Pipeline.php(171): Illuminate\\Foundation\\Http\\Middleware\\TransformsRequest->handle(Object(Illuminate\\Http\\Request), Object(Closure))
#34 /Users/xinsiqi/Downloads/projects/php_serviceapi/vendor/laravel/framework/src/Illuminate/Foundation/Http/Middleware/TransformsRequest.php(21): Illuminate\\Pipeline\\Pipeline->Illuminate\\Pipeline\\{closure}(Object(Illuminate\\Http\\Request))
#35 /Users/xinsiqi/Downloads/projects/php_serviceapi/vendor/laravel/framework/src/Illuminate/Pipeline/Pipeline.php(171): Illuminate\\Foundation\\Http\\Middleware\\TransformsRequest->handle(Object(Illuminate\\Http\\Request), Object(Closure))
#36 /Users/xinsiqi/Downloads/projects/php_serviceapi/vendor/laravel/framework/src/Illuminate/Foundation/Http/Middleware/ValidatePostSize.php(27): Illuminate\\Pipeline\\Pipeline->Illuminate\\Pipeline\\{closure}(Object(Illuminate\\Http\\Request))
#37 /Users/xinsiqi/Downloads/projects/php_serviceapi/vendor/laravel/framework/src/Illuminate/Pipeline/Pipeline.php(171): Illuminate\\Foundation\\Http\\Middleware\\ValidatePostSize->handle(Object(Illuminate\\Http\\Request), Object(Closure))
#38 /Users/xinsiqi/Downloads/projects/php_serviceapi/vendor/laravel/framework/src/Illuminate/Foundation/Http/Middleware/CheckForMaintenanceMode.php(63): Illuminate\\Pipeline\\Pipeline->Illuminate\\Pipeline\\{closure}(Object(Illuminate\\Http\\Request))
#39 /Users/xinsiqi/Downloads/projects/php_serviceapi/vendor/laravel/framework/src/Illuminate/Pipeline/Pipeline.php(171): Illuminate\\Foundation\\Http\\Middleware\\CheckForMaintenanceMode->handle(Object(Illuminate\\Http\\Request), Object(Closure))
#40 /Users/xinsiqi/Downloads/projects/php_serviceapi/vendor/fideloper/proxy/src/TrustProxies.php(57): Illuminate\\Pipeline\\Pipeline->Illuminate\\Pipeline\\{closure}(Object(Illuminate\\Http\\Request))
#41 /Users/xinsiqi/Downloads/projects/php_serviceapi/vendor/laravel/framework/src/Illuminate/Pipeline/Pipeline.php(171): Fideloper\\Proxy\\TrustProxies->handle(Object(Illuminate\\Http\\Request), Object(Closure))
#42 /Users/xinsiqi/Downloads/projects/php_serviceapi/vendor/fruitcake/laravel-cors/src/HandleCors.php(57): Illuminate\\Pipeline\\Pipeline->Illuminate\\Pipeline\\{closure}(Object(Illuminate\\Http\\Request))
#43 /Users/xinsiqi/Downloads/projects/php_serviceapi/vendor/laravel/framework/src/Illuminate/Pipeline/Pipeline.php(171): Fruitcake\\Cors\\HandleCors->handle(Object(Illuminate\\Http\\Request), Object(Closure))
#44 /Users/xinsiqi/Downloads/projects/php_serviceapi/vendor/laravel/framework/src/Illuminate/Pipeline/Pipeline.php(105): Illuminate\\Pipeline\\Pipeline->Illuminate\\Pipeline\\{closure}(Object(Illuminate\\Http\\Request))
#45 /Users/xinsiqi/Downloads/projects/php_serviceapi/vendor/laravel/framework/src/Illuminate/Foundation/Http/Kernel.php(145): Illuminate\\Pipeline\\Pipeline->then(Object(Closure))
#46 /Users/xinsiqi/Downloads/projects/php_serviceapi/vendor/laravel/framework/src/Illuminate/Foundation/Http/Kernel.php(110): Illuminate\\Foundation\\Http\\Kernel->sendRequestThroughRouter(Object(Illuminate\\Http\\Request))
#47 /Users/xinsiqi/Downloads/projects/php_serviceapi/public/index.php(55): Illuminate\\Foundation\\Http\\Kernel->handle(Object(Illuminate\\Http\\Request))
#48 {main}
"} 
[2023-10-29 03:51:14] local.DEBUG: [self_shop] [6.61ms] select * from `oa_blog_admin` where `username` = 'admin' limit 1 | POST: /api/admin/login?token%20=%20undefined  
[2023-10-29 03:51:15] local.DEBUG: [self_shop] [2.1ms] select * from `oa_blog_admin` where `id` = '1' limit 1 | GET: /api/admin/user?token%20=%20eyJ0eXAiOiJKV1QiLCJhbGciOiJIUzI1NiJ9.eyJpc3MiOiJodHRwOlwvXC8xMjcuMC4wLjE6MzAwMVwvYXBpXC9hZG1pblwvbG9naW4iLCJpYXQiOjE2OTg1NTE0NzUsImV4cCI6MTY5OTc2MTA3NSwibmJmIjoxNjk4NTUxNDc1LCJqdGkiOiJiZ3Q1aHAyOEc2ZDJqM1prIiwic3ViIjoxLCJwcnYiOiIyM2JkNWM4OTQ5ZjYwMGFkYjM5ZTcwMWM0MDA4NzJkYjdhNTk3NmY3In0.okCk-yRpR8PK5P-8Dxu1RZVdWxh_YCfv5W75k3XAk_M  
[2023-10-29 03:54:39] local.DEBUG: [self_shop] [3.89ms] select * from `oa_blog_admin` where `id` = '1' limit 1 | GET: /api/admin/user?token%20=%20eyJ0eXAiOiJKV1QiLCJhbGciOiJIUzI1NiJ9.eyJpc3MiOiJodHRwOlwvXC8xMjcuMC4wLjE6MzAwMVwvYXBpXC9hZG1pblwvbG9naW4iLCJpYXQiOjE2OTg1NTE0NzUsImV4cCI6MTY5OTc2MTA3NSwibmJmIjoxNjk4NTUxNDc1LCJqdGkiOiJiZ3Q1aHAyOEc2ZDJqM1prIiwic3ViIjoxLCJwcnYiOiIyM2JkNWM4OTQ5ZjYwMGFkYjM5ZTcwMWM0MDA4NzJkYjdhNTk3NmY3In0.okCk-yRpR8PK5P-8Dxu1RZVdWxh_YCfv5W75k3XAk_M  
[2023-10-29 03:54:41] local.DEBUG: [self_shop] [2.19ms] select * from `oa_blog_admin` where `id` = '1' limit 1 | GET: /api/admin/user?token%20=%20eyJ0eXAiOiJKV1QiLCJhbGciOiJIUzI1NiJ9.eyJpc3MiOiJodHRwOlwvXC8xMjcuMC4wLjE6MzAwMVwvYXBpXC9hZG1pblwvbG9naW4iLCJpYXQiOjE2OTg1NTE0NzUsImV4cCI6MTY5OTc2MTA3NSwibmJmIjoxNjk4NTUxNDc1LCJqdGkiOiJiZ3Q1aHAyOEc2ZDJqM1prIiwic3ViIjoxLCJwcnYiOiIyM2JkNWM4OTQ5ZjYwMGFkYjM5ZTcwMWM0MDA4NzJkYjdhNTk3NmY3In0.okCk-yRpR8PK5P-8Dxu1RZVdWxh_YCfv5W75k3XAk_M  
[2023-10-29 03:56:08] local.DEBUG: [self_shop] [2.71ms] select * from `oa_blog_admin` where `id` = '1' limit 1 | GET: /api/admin/user?token%20=%20eyJ0eXAiOiJKV1QiLCJhbGciOiJIUzI1NiJ9.eyJpc3MiOiJodHRwOlwvXC8xMjcuMC4wLjE6MzAwMVwvYXBpXC9hZG1pblwvbG9naW4iLCJpYXQiOjE2OTg1NTE0NzUsImV4cCI6MTY5OTc2MTA3NSwibmJmIjoxNjk4NTUxNDc1LCJqdGkiOiJiZ3Q1aHAyOEc2ZDJqM1prIiwic3ViIjoxLCJwcnYiOiIyM2JkNWM4OTQ5ZjYwMGFkYjM5ZTcwMWM0MDA4NzJkYjdhNTk3NmY3In0.okCk-yRpR8PK5P-8Dxu1RZVdWxh_YCfv5W75k3XAk_M  
[2023-10-29 03:56:10] local.DEBUG: [self_shop] [2.27ms] select * from `oa_blog_admin` where `id` = '1' limit 1 | GET: /api/admin/user?token%20=%20eyJ0eXAiOiJKV1QiLCJhbGciOiJIUzI1NiJ9.eyJpc3MiOiJodHRwOlwvXC8xMjcuMC4wLjE6MzAwMVwvYXBpXC9hZG1pblwvbG9naW4iLCJpYXQiOjE2OTg1NTE0NzUsImV4cCI6MTY5OTc2MTA3NSwibmJmIjoxNjk4NTUxNDc1LCJqdGkiOiJiZ3Q1aHAyOEc2ZDJqM1prIiwic3ViIjoxLCJwcnYiOiIyM2JkNWM4OTQ5ZjYwMGFkYjM5ZTcwMWM0MDA4NzJkYjdhNTk3NmY3In0.okCk-yRpR8PK5P-8Dxu1RZVdWxh_YCfv5W75k3XAk_M  
[2023-10-29 04:00:26] local.ERROR: The token could not be parsed from the request {"exception":"[object] (Tymon\\JWTAuth\\Exceptions\\JWTException(code: 0): The token could not be parsed from the request at /Users/xinsiqi/Downloads/projects/php_serviceapi/vendor/tymon/jwt-auth/src/JWT.php:185)
[stacktrace]
#0 /Users/xinsiqi/Downloads/projects/php_serviceapi/vendor/laravel/framework/src/Illuminate/Support/Facades/Facade.php(261): Tymon\\JWTAuth\\JWT->parseToken()
#1 /Users/xinsiqi/Downloads/projects/php_serviceapi/app/Http/Controllers/Api/AdminUserController.php(105): Illuminate\\Support\\Facades\\Facade::__callStatic('parseToken', Array)
#2 [internal function]: App\\Http\\Controllers\\Api\\AdminUserController->getAuthUser(Object(Illuminate\\Http\\Request))
#3 /Users/xinsiqi/Downloads/projects/php_serviceapi/vendor/laravel/framework/src/Illuminate/Routing/Controller.php(54): call_user_func_array(Array, Array)
#4 /Users/xinsiqi/Downloads/projects/php_serviceapi/vendor/laravel/framework/src/Illuminate/Routing/ControllerDispatcher.php(45): Illuminate\\Routing\\Controller->callAction('getAuthUser', Array)
#5 /Users/xinsiqi/Downloads/projects/php_serviceapi/vendor/laravel/framework/src/Illuminate/Routing/Route.php(219): Illuminate\\Routing\\ControllerDispatcher->dispatch(Object(Illuminate\\Routing\\Route), Object(App\\Http\\Controllers\\Api\\AdminUserController), 'getAuthUser')
#6 /Users/xinsiqi/Downloads/projects/php_serviceapi/vendor/laravel/framework/src/Illuminate/Routing/Route.php(176): Illuminate\\Routing\\Route->runController()
#7 /Users/xinsiqi/Downloads/projects/php_serviceapi/vendor/laravel/framework/src/Illuminate/Routing/Router.php(681): Illuminate\\Routing\\Route->run()
#8 /Users/xinsiqi/Downloads/projects/php_serviceapi/vendor/laravel/framework/src/Illuminate/Pipeline/Pipeline.php(130): Illuminate\\Routing\\Router->Illuminate\\Routing\\{closure}(Object(Illuminate\\Http\\Request))
#9 /Users/xinsiqi/Downloads/projects/php_serviceapi/vendor/laravel/framework/src/Illuminate/Routing/Middleware/SubstituteBindings.php(41): Illuminate\\Pipeline\\Pipeline->Illuminate\\Pipeline\\{closure}(Object(Illuminate\\Http\\Request))
#10 /Users/xinsiqi/Downloads/projects/php_serviceapi/vendor/laravel/framework/src/Illuminate/Pipeline/Pipeline.php(171): Illuminate\\Routing\\Middleware\\SubstituteBindings->handle(Object(Illuminate\\Http\\Request), Object(Closure))
#11 /Users/xinsiqi/Downloads/projects/php_serviceapi/vendor/laravel/framework/src/Illuminate/Foundation/Http/Middleware/VerifyCsrfToken.php(77): Illuminate\\Pipeline\\Pipeline->Illuminate\\Pipeline\\{closure}(Object(Illuminate\\Http\\Request))
#12 /Users/xinsiqi/Downloads/projects/php_serviceapi/vendor/laravel/framework/src/Illuminate/Pipeline/Pipeline.php(171): Illuminate\\Foundation\\Http\\Middleware\\VerifyCsrfToken->handle(Object(Illuminate\\Http\\Request), Object(Closure))
#13 /Users/xinsiqi/Downloads/projects/php_serviceapi/vendor/laravel/framework/src/Illuminate/View/Middleware/ShareErrorsFromSession.php(49): Illuminate\\Pipeline\\Pipeline->Illuminate\\Pipeline\\{closure}(Object(Illuminate\\Http\\Request))
#14 /Users/xinsiqi/Downloads/projects/php_serviceapi/vendor/laravel/framework/src/Illuminate/Pipeline/Pipeline.php(171): Illuminate\\View\\Middleware\\ShareErrorsFromSession->handle(Object(Illuminate\\Http\\Request), Object(Closure))
#15 /Users/xinsiqi/Downloads/projects/php_serviceapi/vendor/laravel/framework/src/Illuminate/Session/Middleware/StartSession.php(56): Illuminate\\Pipeline\\Pipeline->Illuminate\\Pipeline\\{closure}(Object(Illuminate\\Http\\Request))
#16 /Users/xinsiqi/Downloads/projects/php_serviceapi/vendor/laravel/framework/src/Illuminate/Pipeline/Pipeline.php(171): Illuminate\\Session\\Middleware\\StartSession->handle(Object(Illuminate\\Http\\Request), Object(Closure))
#17 /Users/xinsiqi/Downloads/projects/php_serviceapi/vendor/laravel/framework/src/Illuminate/Cookie/Middleware/AddQueuedCookiesToResponse.php(37): Illuminate\\Pipeline\\Pipeline->Illuminate\\Pipeline\\{closure}(Object(Illuminate\\Http\\Request))
#18 /Users/xinsiqi/Downloads/projects/php_serviceapi/vendor/laravel/framework/src/Illuminate/Pipeline/Pipeline.php(171): Illuminate\\Cookie\\Middleware\\AddQueuedCookiesToResponse->handle(Object(Illuminate\\Http\\Request), Object(Closure))
#19 /Users/xinsiqi/Downloads/projects/php_serviceapi/vendor/laravel/framework/src/Illuminate/Cookie/Middleware/EncryptCookies.php(67): Illuminate\\Pipeline\\Pipeline->Illuminate\\Pipeline\\{closure}(Object(Illuminate\\Http\\Request))
#20 /Users/xinsiqi/Downloads/projects/php_serviceapi/vendor/laravel/framework/src/Illuminate/Pipeline/Pipeline.php(171): Illuminate\\Cookie\\Middleware\\EncryptCookies->handle(Object(Illuminate\\Http\\Request), Object(Closure))
#21 /Users/xinsiqi/Downloads/projects/php_serviceapi/vendor/laravel/framework/src/Illuminate/Pipeline/Pipeline.php(105): Illuminate\\Pipeline\\Pipeline->Illuminate\\Pipeline\\{closure}(Object(Illuminate\\Http\\Request))
#22 /Users/xinsiqi/Downloads/projects/php_serviceapi/vendor/laravel/framework/src/Illuminate/Routing/Router.php(683): Illuminate\\Pipeline\\Pipeline->then(Object(Closure))
#23 /Users/xinsiqi/Downloads/projects/php_serviceapi/vendor/laravel/framework/src/Illuminate/Routing/Router.php(658): Illuminate\\Routing\\Router->runRouteWithinStack(Object(Illuminate\\Routing\\Route), Object(Illuminate\\Http\\Request))
#24 /Users/xinsiqi/Downloads/projects/php_serviceapi/vendor/laravel/framework/src/Illuminate/Routing/Router.php(624): Illuminate\\Routing\\Router->runRoute(Object(Illuminate\\Http\\Request), Object(Illuminate\\Routing\\Route))
#25 /Users/xinsiqi/Downloads/projects/php_serviceapi/vendor/laravel/framework/src/Illuminate/Routing/Router.php(613): Illuminate\\Routing\\Router->dispatchToRoute(Object(Illuminate\\Http\\Request))
#26 /Users/xinsiqi/Downloads/projects/php_serviceapi/vendor/laravel/framework/src/Illuminate/Foundation/Http/Kernel.php(170): Illuminate\\Routing\\Router->dispatch(Object(Illuminate\\Http\\Request))
#27 /Users/xinsiqi/Downloads/projects/php_serviceapi/vendor/laravel/framework/src/Illuminate/Pipeline/Pipeline.php(130): Illuminate\\Foundation\\Http\\Kernel->Illuminate\\Foundation\\Http\\{closure}(Object(Illuminate\\Http\\Request))
#28 /Users/xinsiqi/Downloads/projects/php_serviceapi/vendor/laravel/framework/src/Illuminate/Foundation/Http/Middleware/TransformsRequest.php(21): Illuminate\\Pipeline\\Pipeline->Illuminate\\Pipeline\\{closure}(Object(Illuminate\\Http\\Request))
#29 /Users/xinsiqi/Downloads/projects/php_serviceapi/vendor/laravel/framework/src/Illuminate/Pipeline/Pipeline.php(171): Illuminate\\Foundation\\Http\\Middleware\\TransformsRequest->handle(Object(Illuminate\\Http\\Request), Object(Closure))
#30 /Users/xinsiqi/Downloads/projects/php_serviceapi/vendor/laravel/framework/src/Illuminate/Foundation/Http/Middleware/TransformsRequest.php(21): Illuminate\\Pipeline\\Pipeline->Illuminate\\Pipeline\\{closure}(Object(Illuminate\\Http\\Request))
#31 /Users/xinsiqi/Downloads/projects/php_serviceapi/vendor/laravel/framework/src/Illuminate/Pipeline/Pipeline.php(171): Illuminate\\Foundation\\Http\\Middleware\\TransformsRequest->handle(Object(Illuminate\\Http\\Request), Object(Closure))
#32 /Users/xinsiqi/Downloads/projects/php_serviceapi/vendor/laravel/framework/src/Illuminate/Foundation/Http/Middleware/ValidatePostSize.php(27): Illuminate\\Pipeline\\Pipeline->Illuminate\\Pipeline\\{closure}(Object(Illuminate\\Http\\Request))
#33 /Users/xinsiqi/Downloads/projects/php_serviceapi/vendor/laravel/framework/src/Illuminate/Pipeline/Pipeline.php(171): Illuminate\\Foundation\\Http\\Middleware\\ValidatePostSize->handle(Object(Illuminate\\Http\\Request), Object(Closure))
#34 /Users/xinsiqi/Downloads/projects/php_serviceapi/vendor/laravel/framework/src/Illuminate/Foundation/Http/Middleware/CheckForMaintenanceMode.php(63): Illuminate\\Pipeline\\Pipeline->Illuminate\\Pipeline\\{closure}(Object(Illuminate\\Http\\Request))
#35 /Users/xinsiqi/Downloads/projects/php_serviceapi/vendor/laravel/framework/src/Illuminate/Pipeline/Pipeline.php(171): Illuminate\\Foundation\\Http\\Middleware\\CheckForMaintenanceMode->handle(Object(Illuminate\\Http\\Request), Object(Closure))
#36 /Users/xinsiqi/Downloads/projects/php_serviceapi/vendor/fideloper/proxy/src/TrustProxies.php(57): Illuminate\\Pipeline\\Pipeline->Illuminate\\Pipeline\\{closure}(Object(Illuminate\\Http\\Request))
#37 /Users/xinsiqi/Downloads/projects/php_serviceapi/vendor/laravel/framework/src/Illuminate/Pipeline/Pipeline.php(171): Fideloper\\Proxy\\TrustProxies->handle(Object(Illuminate\\Http\\Request), Object(Closure))
#38 /Users/xinsiqi/Downloads/projects/php_serviceapi/vendor/fruitcake/laravel-cors/src/HandleCors.php(57): Illuminate\\Pipeline\\Pipeline->Illuminate\\Pipeline\\{closure}(Object(Illuminate\\Http\\Request))
#39 /Users/xinsiqi/Downloads/projects/php_serviceapi/vendor/laravel/framework/src/Illuminate/Pipeline/Pipeline.php(171): Fruitcake\\Cors\\HandleCors->handle(Object(Illuminate\\Http\\Request), Object(Closure))
#40 /Users/xinsiqi/Downloads/projects/php_serviceapi/vendor/laravel/framework/src/Illuminate/Pipeline/Pipeline.php(105): Illuminate\\Pipeline\\Pipeline->Illuminate\\Pipeline\\{closure}(Object(Illuminate\\Http\\Request))
#41 /Users/xinsiqi/Downloads/projects/php_serviceapi/vendor/laravel/framework/src/Illuminate/Foundation/Http/Kernel.php(145): Illuminate\\Pipeline\\Pipeline->then(Object(Closure))
#42 /Users/xinsiqi/Downloads/projects/php_serviceapi/vendor/laravel/framework/src/Illuminate/Foundation/Http/Kernel.php(110): Illuminate\\Foundation\\Http\\Kernel->sendRequestThroughRouter(Object(Illuminate\\Http\\Request))
#43 /Users/xinsiqi/Downloads/projects/php_serviceapi/public/index.php(55): Illuminate\\Foundation\\Http\\Kernel->handle(Object(Illuminate\\Http\\Request))
#44 {main}
"} 
