[2023-10-04 13:49:25] local.DEBUG: [blog_self] [6.39ms] select count(*) as aggregate from `blog_article` left join `blog_category` as `category` on `blog_article`.`category_id` = `category`.`id` where `blog_article`.`is_delete` = '0' | GET: /api/admin/article?page=1&limit=20  
[2023-10-04 13:49:25] local.DEBUG: [blog_self] [600μs] select `blog_article`.`id`, `category`.`name` as `category_name`, `category`.`icon`, `blog_article`.`title`, `blog_article`.`description`, `blog_article`.`access_num`, date_format(from_unixtime(create_time),'%Y-%m-%d %H:%i:%s') as create_time from `blog_article` left join `blog_category` as `category` on `blog_article`.`category_id` = `category`.`id` where `blog_article`.`is_delete` = '0' limit 20 offset 0 | GET: /api/admin/article?page=1&limit=20  
[2023-10-04 13:49:25] local.DEBUG: [blog_self] [1.73ms] select * from `blog_category` limit 21 offset 0 | GET: /api/admin/article/category  
[2023-10-04 13:49:25] local.DEBUG: [blog_self] [1.28ms] select * from `blog_category` limit 21 offset 0 | GET: /api/admin/article/category  
[2023-10-04 13:49:34] local.DEBUG: [blog_self] [2.15ms] select `category`.`name` as `category_name`, `category`.`id` as `category_id`, `category`.`icon`, `blog_article`.`title`, `blog_article`.`description`, `blog_article`.`content`, `blog_article`.`access_num`, date_format(from_unixtime(create_time),'%Y-%m-%d %H:%i:%s') as create_time from `blog_article` left join `blog_category` as `category` on `blog_article`.`category_id` = `category`.`id` where `blog_article`.`id` = '1' limit 1 | GET: /api/admin/article/info?id=1  
[2023-10-04 13:49:35] local.DEBUG: [blog_self] [2.02ms] select * from `blog_category` limit 21 offset 0 | GET: /api/admin/article/category  
[2023-10-04 13:49:35] local.DEBUG: [blog_self] [2.02ms] select * from `blog_category` limit 21 offset 0 | GET: /api/admin/article/category  
[2023-10-04 13:49:56] local.DEBUG: [blog_self] [2.3ms] select `category`.`name` as `category_name`, `category`.`id` as `category_id`, `category`.`icon`, `blog_article`.`title`, `blog_article`.`description`, `blog_article`.`content`, `blog_article`.`access_num`, date_format(from_unixtime(create_time),'%Y-%m-%d %H:%i:%s') as create_time from `blog_article` left join `blog_category` as `category` on `blog_article`.`category_id` = `category`.`id` where `blog_article`.`id` = '3' limit 1 | GET: /api/admin/article/info?id=3  
[2023-10-04 13:54:19] local.DEBUG: [blog_self] [3.43ms] select count(*) as aggregate from `blog_article` left join `blog_category` as `category` on `blog_article`.`category_id` = `category`.`id` where `blog_article`.`is_delete` = '0' | GET: /api/admin/article?page=1&limit=20  
[2023-10-04 13:54:19] local.DEBUG: [blog_self] [430μs] select `blog_article`.`id`, `category`.`name` as `category_name`, `category`.`icon`, `blog_article`.`title`, `blog_article`.`description`, `blog_article`.`access_num`, date_format(from_unixtime(create_time),'%Y-%m-%d %H:%i:%s') as create_time from `blog_article` left join `blog_category` as `category` on `blog_article`.`category_id` = `category`.`id` where `blog_article`.`is_delete` = '0' limit 20 offset 0 | GET: /api/admin/article?page=1&limit=20  
[2023-10-04 13:54:19] local.DEBUG: [blog_self] [2.15ms] select * from `blog_category` limit 21 offset 0 | GET: /api/admin/article/category  
[2023-10-04 13:54:19] local.DEBUG: [blog_self] [1.42ms] select * from `blog_category` limit 21 offset 0 | GET: /api/admin/article/category  
[2023-10-04 13:55:41] local.DEBUG: [blog_self] [3.82ms] select `category`.`name` as `category_name`, `category`.`id` as `category_id`, `category`.`icon`, `blog_article`.`title`, `blog_article`.`description`, `blog_article`.`content`, `blog_article`.`access_num`, date_format(from_unixtime(create_time),'%Y-%m-%d %H:%i:%s') as create_time from `blog_article` left join `blog_category` as `category` on `blog_article`.`category_id` = `category`.`id` where `blog_article`.`id` = '1' limit 1 | GET: /api/admin/article/info?id=1  
[2023-10-04 13:55:42] local.DEBUG: [blog_self] [1.62ms] select * from `blog_category` limit 21 offset 0 | GET: /api/admin/article/category  
[2023-10-04 13:55:42] local.DEBUG: [blog_self] [1.72ms] select * from `blog_category` limit 21 offset 0 | GET: /api/admin/article/category  
[2023-10-04 13:55:48] local.DEBUG: [blog_self] [3.63ms] select count(*) as aggregate from `blog_article` left join `blog_category` as `category` on `blog_article`.`category_id` = `category`.`id` where `blog_article`.`is_delete` = '0' | GET: /api/admin/article?page=1&limit=20  
[2023-10-04 13:55:48] local.DEBUG: [blog_self] [480μs] select `blog_article`.`id`, `category`.`name` as `category_name`, `category`.`icon`, `blog_article`.`title`, `blog_article`.`description`, `blog_article`.`access_num`, date_format(from_unixtime(create_time),'%Y-%m-%d %H:%i:%s') as create_time from `blog_article` left join `blog_category` as `category` on `blog_article`.`category_id` = `category`.`id` where `blog_article`.`is_delete` = '0' limit 20 offset 0 | GET: /api/admin/article?page=1&limit=20  
[2023-10-04 13:55:49] local.DEBUG: [blog_self] [1.61ms] select * from `blog_category` limit 21 offset 0 | GET: /api/admin/article/category  
[2023-10-04 13:55:49] local.DEBUG: [blog_self] [1.4ms] select * from `blog_category` limit 21 offset 0 | GET: /api/admin/article/category  
[2023-10-04 13:55:51] local.DEBUG: [blog_self] [2.66ms] select `category`.`name` as `category_name`, `category`.`id` as `category_id`, `category`.`icon`, `blog_article`.`title`, `blog_article`.`description`, `blog_article`.`content`, `blog_article`.`access_num`, date_format(from_unixtime(create_time),'%Y-%m-%d %H:%i:%s') as create_time from `blog_article` left join `blog_category` as `category` on `blog_article`.`category_id` = `category`.`id` where `blog_article`.`id` = '2' limit 1 | GET: /api/admin/article/info?id=2  
[2023-10-04 13:55:51] local.DEBUG: [blog_self] [1.96ms] select * from `blog_category` limit 21 offset 0 | GET: /api/admin/article/category  
[2023-10-04 13:55:51] local.DEBUG: [blog_self] [1.87ms] select * from `blog_category` limit 21 offset 0 | GET: /api/admin/article/category  
[2023-10-04 13:55:53] local.DEBUG: [blog_self] [11.54ms] select count(*) as aggregate from `blog_article` left join `blog_category` as `category` on `blog_article`.`category_id` = `category`.`id` where `blog_article`.`is_delete` = '0' | GET: /api/admin/article?page=1&limit=20  
[2023-10-04 13:55:53] local.DEBUG: [blog_self] [1.76ms] select `blog_article`.`id`, `category`.`name` as `category_name`, `category`.`icon`, `blog_article`.`title`, `blog_article`.`description`, `blog_article`.`access_num`, date_format(from_unixtime(create_time),'%Y-%m-%d %H:%i:%s') as create_time from `blog_article` left join `blog_category` as `category` on `blog_article`.`category_id` = `category`.`id` where `blog_article`.`is_delete` = '0' limit 20 offset 0 | GET: /api/admin/article?page=1&limit=20  
[2023-10-04 13:55:53] local.DEBUG: [blog_self] [2.2ms] select * from `blog_category` limit 21 offset 0 | GET: /api/admin/article/category  
[2023-10-04 13:55:53] local.DEBUG: [blog_self] [1.75ms] select * from `blog_category` limit 21 offset 0 | GET: /api/admin/article/category  
[2023-10-04 13:55:55] local.DEBUG: [blog_self] [3.36ms] select count(*) as aggregate from `blog_article` left join `blog_category` as `category` on `blog_article`.`category_id` = `category`.`id` where `blog_article`.`category_id` = '1' and `blog_article`.`is_delete` = '0' | GET: /api/admin/article?category_id=1&page=1&limit=20  
[2023-10-04 13:55:55] local.DEBUG: [blog_self] [590μs] select `blog_article`.`id`, `category`.`name` as `category_name`, `category`.`icon`, `blog_article`.`title`, `blog_article`.`description`, `blog_article`.`access_num`, date_format(from_unixtime(create_time),'%Y-%m-%d %H:%i:%s') as create_time from `blog_article` left join `blog_category` as `category` on `blog_article`.`category_id` = `category`.`id` where `blog_article`.`category_id` = '1' and `blog_article`.`is_delete` = '0' limit 20 offset 0 | GET: /api/admin/article?category_id=1&page=1&limit=20  
[2023-10-04 13:55:55] local.DEBUG: [blog_self] [1.73ms] select * from `blog_category` limit 21 offset 0 | GET: /api/admin/article/category  
[2023-10-04 13:55:55] local.DEBUG: [blog_self] [1.5ms] select * from `blog_category` limit 21 offset 0 | GET: /api/admin/article/category  
[2023-10-04 13:55:57] local.DEBUG: [blog_self] [3.11ms] select `category`.`name` as `category_name`, `category`.`id` as `category_id`, `category`.`icon`, `blog_article`.`title`, `blog_article`.`description`, `blog_article`.`content`, `blog_article`.`access_num`, date_format(from_unixtime(create_time),'%Y-%m-%d %H:%i:%s') as create_time from `blog_article` left join `blog_category` as `category` on `blog_article`.`category_id` = `category`.`id` where `blog_article`.`id` = '4' limit 1 | GET: /api/admin/article/info?id=4  
[2023-10-04 13:55:57] local.DEBUG: [blog_self] [1.56ms] select * from `blog_category` limit 21 offset 0 | GET: /api/admin/article/category  
[2023-10-04 13:55:57] local.DEBUG: [blog_self] [1.07ms] select * from `blog_category` limit 21 offset 0 | GET: /api/admin/article/category  
[2023-10-04 13:56:05] local.DEBUG: [blog_self] [3.79ms] select count(*) as aggregate from `blog_article` left join `blog_category` as `category` on `blog_article`.`category_id` = `category`.`id` where `blog_article`.`is_delete` = '0' | GET: /api/admin/article?page=1&limit=20  
[2023-10-04 13:56:05] local.DEBUG: [blog_self] [550μs] select `blog_article`.`id`, `category`.`name` as `category_name`, `category`.`icon`, `blog_article`.`title`, `blog_article`.`description`, `blog_article`.`access_num`, date_format(from_unixtime(create_time),'%Y-%m-%d %H:%i:%s') as create_time from `blog_article` left join `blog_category` as `category` on `blog_article`.`category_id` = `category`.`id` where `blog_article`.`is_delete` = '0' limit 20 offset 0 | GET: /api/admin/article?page=1&limit=20  
[2023-10-04 13:56:05] local.DEBUG: [blog_self] [1.51ms] select * from `blog_category` limit 21 offset 0 | GET: /api/admin/article/category  
[2023-10-04 13:56:05] local.DEBUG: [blog_self] [1.53ms] select * from `blog_category` limit 21 offset 0 | GET: /api/admin/article/category  
[2023-10-04 13:57:25] local.DEBUG: [blog_self] [4.56ms] select count(*) as aggregate from `blog_article` left join `blog_category` as `category` on `blog_article`.`category_id` = `category`.`id` where `blog_article`.`is_delete` = '0' | GET: /api/admin/article?page=1&limit=20  
[2023-10-04 13:57:25] local.DEBUG: [blog_self] [600μs] select `blog_article`.`id`, `category`.`name` as `category_name`, `category`.`icon`, `blog_article`.`title`, `blog_article`.`description`, `blog_article`.`access_num`, date_format(from_unixtime(create_time),'%Y-%m-%d %H:%i:%s') as create_time from `blog_article` left join `blog_category` as `category` on `blog_article`.`category_id` = `category`.`id` where `blog_article`.`is_delete` = '0' limit 20 offset 0 | GET: /api/admin/article?page=1&limit=20  
[2023-10-04 13:59:34] local.DEBUG: [blog_self] [2.23ms] select * from `blog_category` limit 21 offset 0 | GET: /api/admin/article/category  
[2023-10-04 13:59:34] local.DEBUG: [blog_self] [1.6ms] select * from `blog_category` limit 21 offset 0 | GET: /api/admin/article/category  
[2023-10-04 13:59:35] local.DEBUG: [blog_self] [2.59ms] select `category`.`name` as `category_name`, `category`.`id` as `category_id`, `category`.`icon`, `blog_article`.`title`, `blog_article`.`description`, `blog_article`.`content`, `blog_article`.`access_num`, date_format(from_unixtime(create_time),'%Y-%m-%d %H:%i:%s') as create_time from `blog_article` left join `blog_category` as `category` on `blog_article`.`category_id` = `category`.`id` where `blog_article`.`id` = '3' limit 1 | GET: /api/admin/article/info?id=3  
[2023-10-04 13:59:38] local.DEBUG: [blog_self] [1.81ms] select * from `blog_category` limit 21 offset 0 | GET: /api/admin/article/category  
[2023-10-04 13:59:38] local.DEBUG: [blog_self] [6.73ms] select * from `blog_category` limit 21 offset 0 | GET: /api/admin/article/category  
[2023-10-04 13:59:50] local.DEBUG: [blog_self] [3.98ms] select `category`.`name` as `category_name`, `category`.`id` as `category_id`, `category`.`icon`, `blog_article`.`title`, `blog_article`.`description`, `blog_article`.`content`, `blog_article`.`access_num`, date_format(from_unixtime(create_time),'%Y-%m-%d %H:%i:%s') as create_time from `blog_article` left join `blog_category` as `category` on `blog_article`.`category_id` = `category`.`id` where `blog_article`.`id` = '3' limit 1 | GET: /api/admin/article/info?id=3  
[2023-10-04 13:59:52] local.DEBUG: [blog_self] [2.17ms] select * from `blog_category` limit 21 offset 0 | GET: /api/admin/article/category  
[2023-10-04 13:59:52] local.DEBUG: [blog_self] [1.43ms] select * from `blog_category` limit 21 offset 0 | GET: /api/admin/article/category  
[2023-10-04 14:00:39] local.DEBUG: [blog_self] [3.54ms] select `category`.`name` as `category_name`, `category`.`id` as `category_id`, `category`.`icon`, `blog_article`.`title`, `blog_article`.`description`, `blog_article`.`content`, `blog_article`.`access_num`, date_format(from_unixtime(create_time),'%Y-%m-%d %H:%i:%s') as create_time from `blog_article` left join `blog_category` as `category` on `blog_article`.`category_id` = `category`.`id` where `blog_article`.`id` = '3' limit 1 | GET: /api/admin/article/info?id=3  
[2023-10-04 14:00:41] local.DEBUG: [blog_self] [1.64ms] select * from `blog_category` limit 21 offset 0 | GET: /api/admin/article/category  
[2023-10-04 14:00:41] local.DEBUG: [blog_self] [2.07ms] select * from `blog_category` limit 21 offset 0 | GET: /api/admin/article/category  
[2023-10-04 14:47:05] local.DEBUG: [blog_self] [3.38ms] select `category`.`name` as `category_name`, `category`.`id` as `category_id`, `category`.`icon`, `blog_article`.`title`, `blog_article`.`description`, `blog_article`.`content`, `blog_article`.`access_num`, date_format(from_unixtime(create_time),'%Y-%m-%d %H:%i:%s') as create_time from `blog_article` left join `blog_category` as `category` on `blog_article`.`category_id` = `category`.`id` where `blog_article`.`id` = '1' limit 1 | GET: /api/admin/article/info?id=1  
[2023-10-04 14:47:06] local.DEBUG: [blog_self] [1.83ms] select * from `blog_category` limit 21 offset 0 | GET: /api/admin/article/category  
[2023-10-04 14:47:06] local.DEBUG: [blog_self] [2.09ms] select * from `blog_category` limit 21 offset 0 | GET: /api/admin/article/category  
[2023-10-04 14:47:33] local.DEBUG: [blog_self] [2.71ms] select `category`.`name` as `category_name`, `category`.`id` as `category_id`, `category`.`icon`, `blog_article`.`title`, `blog_article`.`description`, `blog_article`.`content`, `blog_article`.`access_num`, date_format(from_unixtime(create_time),'%Y-%m-%d %H:%i:%s') as create_time from `blog_article` left join `blog_category` as `category` on `blog_article`.`category_id` = `category`.`id` where `blog_article`.`id` = '1' limit 1 | GET: /api/admin/article/info?id=1  
