[2023-10-28 14:35:54] local.DEBUG: [self_shop] [6.94ms] select * from `oa_blog_admin` where `id` = '1' limit 1 | POST: /api/admin/rule/save  
[2023-10-28 14:36:14] local.DEBUG: [self_shop] [4.75ms] select * from `oa_blog_admin` where `id` = '1' limit 1 | POST: /api/admin/rule/save  
[2023-10-28 14:36:14] local.INFO: SQLSTATE[42S22]: Column not found: 1054 Unknown column 'create_time' in 'field list' (SQL: insert into `oa_admin_rule` (`title`, `url`, `name`, `pid`, `create_time`, `is_menu`) values (测试, home/test, test, 0, 1698503774, 1))  
[2023-10-28 14:36:29] local.DEBUG: [self_shop] [6.32ms] select * from `oa_blog_admin` where `id` = '1' limit 1 | POST: /api/admin/rule/save  
[2023-10-28 14:36:29] local.INFO: SQLSTATE[42S22]: Column not found: 1054 Unknown column 'create_time' in 'field list' (SQL: insert into `oa_admin_rule` (`title`, `url`, `name`, `pid`, `create_time`, `is_menu`) values (测试, home/test, test, 0, 1698503789, 1))  
[2023-10-28 14:38:22] local.DEBUG: [self_shop] [5.51ms] select * from `oa_blog_admin` where `id` = '1' limit 1 | POST: /api/admin/rule/save  
[2023-10-28 14:38:22] local.INFO: SQLSTATE[42S22]: Column not found: 1054 Unknown column 'create_time' in 'field list' (SQL: insert into `oa_admin_rule` (`title`, `url`, `name`, `pid`, `create_time`, `is_menu`) values (测试, home/test, test, 0, 1698503902, 1))  
[2023-10-28 14:39:14] local.DEBUG: [self_shop] [4.06ms] select * from `oa_blog_admin` where `id` = '1' limit 1 | POST: /api/admin/rule/save  
[2023-10-28 14:39:14] local.ERROR: SQLSTATE[42S22]: Column not found: 1054 Unknown column 'create_time' in 'field list' (SQL: insert into `oa_admin_rule` (`title`, `url`, `name`, `pid`, `create_time`, `is_menu`) values (测试, home/test, test, 0, 1698503954, 1)) {"userId":1,"exception":"[object] (Illuminate\\Database\\QueryException(code: 42S22): SQLSTATE[42S22]: Column not found: 1054 Unknown column 'create_time' in 'field list' (SQL: insert into `oa_admin_rule` (`title`, `url`, `name`, `pid`, `create_time`, `is_menu`) values (测试, home/test, test, 0, 1698503954, 1)) at /Users/xinsiqi/Downloads/projects/php_serviceapi/vendor/laravel/framework/src/Illuminate/Database/Connection.php:669)
[stacktrace]
#0 /Users/xinsiqi/Downloads/projects/php_serviceapi/vendor/laravel/framework/src/Illuminate/Database/Connection.php(629): Illuminate\\Database\\Connection->runQueryCallback('insert into `oa...', Array, Object(Closure))
#1 /Users/xinsiqi/Downloads/projects/php_serviceapi/vendor/laravel/framework/src/Illuminate/Database/Connection.php(464): Illuminate\\Database\\Connection->run('insert into `oa...', Array, Object(Closure))
#2 /Users/xinsiqi/Downloads/projects/php_serviceapi/vendor/laravel/framework/src/Illuminate/Database/Connection.php(416): Illuminate\\Database\\Connection->statement('insert into `oa...', Array)
#3 /Users/xinsiqi/Downloads/projects/php_serviceapi/vendor/laravel/framework/src/Illuminate/Database/Query/Processors/Processor.php(32): Illuminate\\Database\\Connection->insert('insert into `oa...', Array)
#4 /Users/xinsiqi/Downloads/projects/php_serviceapi/vendor/laravel/framework/src/Illuminate/Database/Query/Builder.php(2695): Illuminate\\Database\\Query\\Processors\\Processor->processInsertGetId(Object(Illuminate\\Database\\Query\\Builder), 'insert into `oa...', Array, NULL)
#5 /Users/xinsiqi/Downloads/projects/php_serviceapi/vendor/laravel/framework/src/Illuminate/Database/Eloquent/Builder.php(1374): Illuminate\\Database\\Query\\Builder->insertGetId(Array)
#6 /Users/xinsiqi/Downloads/projects/php_serviceapi/vendor/laravel/framework/src/Illuminate/Support/Traits/ForwardsCalls.php(23): Illuminate\\Database\\Eloquent\\Builder->__call('insertGetId', Array)
#7 /Users/xinsiqi/Downloads/projects/php_serviceapi/vendor/laravel/framework/src/Illuminate/Database/Eloquent/Model.php(1622): Illuminate\\Database\\Eloquent\\Model->forwardCallTo(Object(Illuminate\\Database\\Eloquent\\Builder), 'insertGetId', Array)
#8 /Users/xinsiqi/Downloads/projects/php_serviceapi/vendor/laravel/framework/src/Illuminate/Database/Eloquent/Model.php(1634): Illuminate\\Database\\Eloquent\\Model->__call('insertGetId', Array)
#9 /Users/xinsiqi/Downloads/projects/php_serviceapi/app/Http/Controllers/Api/RuleController.php(69): Illuminate\\Database\\Eloquent\\Model::__callStatic('insertGetId', Array)
#10 [internal function]: App\\Http\\Controllers\\Api\\RuleController->ruleSave(Object(Illuminate\\Http\\Request))
#11 /Users/xinsiqi/Downloads/projects/php_serviceapi/vendor/laravel/framework/src/Illuminate/Routing/Controller.php(54): call_user_func_array(Array, Array)
#12 /Users/xinsiqi/Downloads/projects/php_serviceapi/vendor/laravel/framework/src/Illuminate/Routing/ControllerDispatcher.php(45): Illuminate\\Routing\\Controller->callAction('ruleSave', Array)
#13 /Users/xinsiqi/Downloads/projects/php_serviceapi/vendor/laravel/framework/src/Illuminate/Routing/Route.php(219): Illuminate\\Routing\\ControllerDispatcher->dispatch(Object(Illuminate\\Routing\\Route), Object(App\\Http\\Controllers\\Api\\RuleController), 'ruleSave')
#14 /Users/xinsiqi/Downloads/projects/php_serviceapi/vendor/laravel/framework/src/Illuminate/Routing/Route.php(176): Illuminate\\Routing\\Route->runController()
#15 /Users/xinsiqi/Downloads/projects/php_serviceapi/vendor/laravel/framework/src/Illuminate/Routing/Router.php(681): Illuminate\\Routing\\Route->run()
#16 /Users/xinsiqi/Downloads/projects/php_serviceapi/vendor/laravel/framework/src/Illuminate/Pipeline/Pipeline.php(130): Illuminate\\Routing\\Router->Illuminate\\Routing\\{closure}(Object(Illuminate\\Http\\Request))
#17 /Users/xinsiqi/Downloads/projects/php_serviceapi/app/Http/Middleware/ValidateToken.php(60): Illuminate\\Pipeline\\Pipeline->Illuminate\\Pipeline\\{closure}(Object(Illuminate\\Http\\Request))
#18 /Users/xinsiqi/Downloads/projects/php_serviceapi/vendor/laravel/framework/src/Illuminate/Pipeline/Pipeline.php(171): App\\Http\\Middleware\\ValidateToken->handle(Object(Illuminate\\Http\\Request), Object(Closure))
#19 /Users/xinsiqi/Downloads/projects/php_serviceapi/vendor/laravel/framework/src/Illuminate/Routing/Middleware/SubstituteBindings.php(41): Illuminate\\Pipeline\\Pipeline->Illuminate\\Pipeline\\{closure}(Object(Illuminate\\Http\\Request))
#20 /Users/xinsiqi/Downloads/projects/php_serviceapi/vendor/laravel/framework/src/Illuminate/Pipeline/Pipeline.php(171): Illuminate\\Routing\\Middleware\\SubstituteBindings->handle(Object(Illuminate\\Http\\Request), Object(Closure))
#21 /Users/xinsiqi/Downloads/projects/php_serviceapi/vendor/laravel/framework/src/Illuminate/Foundation/Http/Middleware/VerifyCsrfToken.php(77): Illuminate\\Pipeline\\Pipeline->Illuminate\\Pipeline\\{closure}(Object(Illuminate\\Http\\Request))
#22 /Users/xinsiqi/Downloads/projects/php_serviceapi/vendor/laravel/framework/src/Illuminate/Pipeline/Pipeline.php(171): Illuminate\\Foundation\\Http\\Middleware\\VerifyCsrfToken->handle(Object(Illuminate\\Http\\Request), Object(Closure))
#23 /Users/xinsiqi/Downloads/projects/php_serviceapi/vendor/laravel/framework/src/Illuminate/View/Middleware/ShareErrorsFromSession.php(49): Illuminate\\Pipeline\\Pipeline->Illuminate\\Pipeline\\{closure}(Object(Illuminate\\Http\\Request))
#24 /Users/xinsiqi/Downloads/projects/php_serviceapi/vendor/laravel/framework/src/Illuminate/Pipeline/Pipeline.php(171): Illuminate\\View\\Middleware\\ShareErrorsFromSession->handle(Object(Illuminate\\Http\\Request), Object(Closure))
#25 /Users/xinsiqi/Downloads/projects/php_serviceapi/vendor/laravel/framework/src/Illuminate/Session/Middleware/StartSession.php(56): Illuminate\\Pipeline\\Pipeline->Illuminate\\Pipeline\\{closure}(Object(Illuminate\\Http\\Request))
#26 /Users/xinsiqi/Downloads/projects/php_serviceapi/vendor/laravel/framework/src/Illuminate/Pipeline/Pipeline.php(171): Illuminate\\Session\\Middleware\\StartSession->handle(Object(Illuminate\\Http\\Request), Object(Closure))
#27 /Users/xinsiqi/Downloads/projects/php_serviceapi/vendor/laravel/framework/src/Illuminate/Cookie/Middleware/AddQueuedCookiesToResponse.php(37): Illuminate\\Pipeline\\Pipeline->Illuminate\\Pipeline\\{closure}(Object(Illuminate\\Http\\Request))
#28 /Users/xinsiqi/Downloads/projects/php_serviceapi/vendor/laravel/framework/src/Illuminate/Pipeline/Pipeline.php(171): Illuminate\\Cookie\\Middleware\\AddQueuedCookiesToResponse->handle(Object(Illuminate\\Http\\Request), Object(Closure))
#29 /Users/xinsiqi/Downloads/projects/php_serviceapi/vendor/laravel/framework/src/Illuminate/Cookie/Middleware/EncryptCookies.php(67): Illuminate\\Pipeline\\Pipeline->Illuminate\\Pipeline\\{closure}(Object(Illuminate\\Http\\Request))
#30 /Users/xinsiqi/Downloads/projects/php_serviceapi/vendor/laravel/framework/src/Illuminate/Pipeline/Pipeline.php(171): Illuminate\\Cookie\\Middleware\\EncryptCookies->handle(Object(Illuminate\\Http\\Request), Object(Closure))
#31 /Users/xinsiqi/Downloads/projects/php_serviceapi/vendor/laravel/framework/src/Illuminate/Pipeline/Pipeline.php(105): Illuminate\\Pipeline\\Pipeline->Illuminate\\Pipeline\\{closure}(Object(Illuminate\\Http\\Request))
#32 /Users/xinsiqi/Downloads/projects/php_serviceapi/vendor/laravel/framework/src/Illuminate/Routing/Router.php(683): Illuminate\\Pipeline\\Pipeline->then(Object(Closure))
#33 /Users/xinsiqi/Downloads/projects/php_serviceapi/vendor/laravel/framework/src/Illuminate/Routing/Router.php(658): Illuminate\\Routing\\Router->runRouteWithinStack(Object(Illuminate\\Routing\\Route), Object(Illuminate\\Http\\Request))
#34 /Users/xinsiqi/Downloads/projects/php_serviceapi/vendor/laravel/framework/src/Illuminate/Routing/Router.php(624): Illuminate\\Routing\\Router->runRoute(Object(Illuminate\\Http\\Request), Object(Illuminate\\Routing\\Route))
#35 /Users/xinsiqi/Downloads/projects/php_serviceapi/vendor/laravel/framework/src/Illuminate/Routing/Router.php(613): Illuminate\\Routing\\Router->dispatchToRoute(Object(Illuminate\\Http\\Request))
#36 /Users/xinsiqi/Downloads/projects/php_serviceapi/vendor/laravel/framework/src/Illuminate/Foundation/Http/Kernel.php(170): Illuminate\\Routing\\Router->dispatch(Object(Illuminate\\Http\\Request))
#37 /Users/xinsiqi/Downloads/projects/php_serviceapi/vendor/laravel/framework/src/Illuminate/Pipeline/Pipeline.php(130): Illuminate\\Foundation\\Http\\Kernel->Illuminate\\Foundation\\Http\\{closure}(Object(Illuminate\\Http\\Request))
#38 /Users/xinsiqi/Downloads/projects/php_serviceapi/vendor/laravel/framework/src/Illuminate/Foundation/Http/Middleware/TransformsRequest.php(21): Illuminate\\Pipeline\\Pipeline->Illuminate\\Pipeline\\{closure}(Object(Illuminate\\Http\\Request))
#39 /Users/xinsiqi/Downloads/projects/php_serviceapi/vendor/laravel/framework/src/Illuminate/Pipeline/Pipeline.php(171): Illuminate\\Foundation\\Http\\Middleware\\TransformsRequest->handle(Object(Illuminate\\Http\\Request), Object(Closure))
#40 /Users/xinsiqi/Downloads/projects/php_serviceapi/vendor/laravel/framework/src/Illuminate/Foundation/Http/Middleware/TransformsRequest.php(21): Illuminate\\Pipeline\\Pipeline->Illuminate\\Pipeline\\{closure}(Object(Illuminate\\Http\\Request))
#41 /Users/xinsiqi/Downloads/projects/php_serviceapi/vendor/laravel/framework/src/Illuminate/Pipeline/Pipeline.php(171): Illuminate\\Foundation\\Http\\Middleware\\TransformsRequest->handle(Object(Illuminate\\Http\\Request), Object(Closure))
#42 /Users/xinsiqi/Downloads/projects/php_serviceapi/vendor/laravel/framework/src/Illuminate/Foundation/Http/Middleware/ValidatePostSize.php(27): Illuminate\\Pipeline\\Pipeline->Illuminate\\Pipeline\\{closure}(Object(Illuminate\\Http\\Request))
#43 /Users/xinsiqi/Downloads/projects/php_serviceapi/vendor/laravel/framework/src/Illuminate/Pipeline/Pipeline.php(171): Illuminate\\Foundation\\Http\\Middleware\\ValidatePostSize->handle(Object(Illuminate\\Http\\Request), Object(Closure))
#44 /Users/xinsiqi/Downloads/projects/php_serviceapi/vendor/laravel/framework/src/Illuminate/Foundation/Http/Middleware/CheckForMaintenanceMode.php(63): Illuminate\\Pipeline\\Pipeline->Illuminate\\Pipeline\\{closure}(Object(Illuminate\\Http\\Request))
#45 /Users/xinsiqi/Downloads/projects/php_serviceapi/vendor/laravel/framework/src/Illuminate/Pipeline/Pipeline.php(171): Illuminate\\Foundation\\Http\\Middleware\\CheckForMaintenanceMode->handle(Object(Illuminate\\Http\\Request), Object(Closure))
#46 /Users/xinsiqi/Downloads/projects/php_serviceapi/vendor/fideloper/proxy/src/TrustProxies.php(57): Illuminate\\Pipeline\\Pipeline->Illuminate\\Pipeline\\{closure}(Object(Illuminate\\Http\\Request))
#47 /Users/xinsiqi/Downloads/projects/php_serviceapi/vendor/laravel/framework/src/Illuminate/Pipeline/Pipeline.php(171): Fideloper\\Proxy\\TrustProxies->handle(Object(Illuminate\\Http\\Request), Object(Closure))
#48 /Users/xinsiqi/Downloads/projects/php_serviceapi/vendor/fruitcake/laravel-cors/src/HandleCors.php(57): Illuminate\\Pipeline\\Pipeline->Illuminate\\Pipeline\\{closure}(Object(Illuminate\\Http\\Request))
#49 /Users/xinsiqi/Downloads/projects/php_serviceapi/vendor/laravel/framework/src/Illuminate/Pipeline/Pipeline.php(171): Fruitcake\\Cors\\HandleCors->handle(Object(Illuminate\\Http\\Request), Object(Closure))
#50 /Users/xinsiqi/Downloads/projects/php_serviceapi/vendor/laravel/framework/src/Illuminate/Pipeline/Pipeline.php(105): Illuminate\\Pipeline\\Pipeline->Illuminate\\Pipeline\\{closure}(Object(Illuminate\\Http\\Request))
#51 /Users/xinsiqi/Downloads/projects/php_serviceapi/vendor/laravel/framework/src/Illuminate/Foundation/Http/Kernel.php(145): Illuminate\\Pipeline\\Pipeline->then(Object(Closure))
#52 /Users/xinsiqi/Downloads/projects/php_serviceapi/vendor/laravel/framework/src/Illuminate/Foundation/Http/Kernel.php(110): Illuminate\\Foundation\\Http\\Kernel->sendRequestThroughRouter(Object(Illuminate\\Http\\Request))
#53 /Users/xinsiqi/Downloads/projects/php_serviceapi/public/index.php(55): Illuminate\\Foundation\\Http\\Kernel->handle(Object(Illuminate\\Http\\Request))
#54 {main}

[previous exception] [object] (PDOException(code: 42S22): SQLSTATE[42S22]: Column not found: 1054 Unknown column 'create_time' in 'field list' at /Users/xinsiqi/Downloads/projects/php_serviceapi/vendor/laravel/framework/src/Illuminate/Database/Connection.php:457)
[stacktrace]
#0 /Users/xinsiqi/Downloads/projects/php_serviceapi/vendor/laravel/framework/src/Illuminate/Database/Connection.php(457): PDO->prepare('insert into `oa...')
#1 /Users/xinsiqi/Downloads/projects/php_serviceapi/vendor/laravel/framework/src/Illuminate/Database/Connection.php(662): Illuminate\\Database\\Connection->Illuminate\\Database\\{closure}('insert into `oa...', Array)
#2 /Users/xinsiqi/Downloads/projects/php_serviceapi/vendor/laravel/framework/src/Illuminate/Database/Connection.php(629): Illuminate\\Database\\Connection->runQueryCallback('insert into `oa...', Array, Object(Closure))
#3 /Users/xinsiqi/Downloads/projects/php_serviceapi/vendor/laravel/framework/src/Illuminate/Database/Connection.php(464): Illuminate\\Database\\Connection->run('insert into `oa...', Array, Object(Closure))
#4 /Users/xinsiqi/Downloads/projects/php_serviceapi/vendor/laravel/framework/src/Illuminate/Database/Connection.php(416): Illuminate\\Database\\Connection->statement('insert into `oa...', Array)
#5 /Users/xinsiqi/Downloads/projects/php_serviceapi/vendor/laravel/framework/src/Illuminate/Database/Query/Processors/Processor.php(32): Illuminate\\Database\\Connection->insert('insert into `oa...', Array)
#6 /Users/xinsiqi/Downloads/projects/php_serviceapi/vendor/laravel/framework/src/Illuminate/Database/Query/Builder.php(2695): Illuminate\\Database\\Query\\Processors\\Processor->processInsertGetId(Object(Illuminate\\Database\\Query\\Builder), 'insert into `oa...', Array, NULL)
#7 /Users/xinsiqi/Downloads/projects/php_serviceapi/vendor/laravel/framework/src/Illuminate/Database/Eloquent/Builder.php(1374): Illuminate\\Database\\Query\\Builder->insertGetId(Array)
#8 /Users/xinsiqi/Downloads/projects/php_serviceapi/vendor/laravel/framework/src/Illuminate/Support/Traits/ForwardsCalls.php(23): Illuminate\\Database\\Eloquent\\Builder->__call('insertGetId', Array)
#9 /Users/xinsiqi/Downloads/projects/php_serviceapi/vendor/laravel/framework/src/Illuminate/Database/Eloquent/Model.php(1622): Illuminate\\Database\\Eloquent\\Model->forwardCallTo(Object(Illuminate\\Database\\Eloquent\\Builder), 'insertGetId', Array)
#10 /Users/xinsiqi/Downloads/projects/php_serviceapi/vendor/laravel/framework/src/Illuminate/Database/Eloquent/Model.php(1634): Illuminate\\Database\\Eloquent\\Model->__call('insertGetId', Array)
#11 /Users/xinsiqi/Downloads/projects/php_serviceapi/app/Http/Controllers/Api/RuleController.php(69): Illuminate\\Database\\Eloquent\\Model::__callStatic('insertGetId', Array)
#12 [internal function]: App\\Http\\Controllers\\Api\\RuleController->ruleSave(Object(Illuminate\\Http\\Request))
#13 /Users/xinsiqi/Downloads/projects/php_serviceapi/vendor/laravel/framework/src/Illuminate/Routing/Controller.php(54): call_user_func_array(Array, Array)
#14 /Users/xinsiqi/Downloads/projects/php_serviceapi/vendor/laravel/framework/src/Illuminate/Routing/ControllerDispatcher.php(45): Illuminate\\Routing\\Controller->callAction('ruleSave', Array)
#15 /Users/xinsiqi/Downloads/projects/php_serviceapi/vendor/laravel/framework/src/Illuminate/Routing/Route.php(219): Illuminate\\Routing\\ControllerDispatcher->dispatch(Object(Illuminate\\Routing\\Route), Object(App\\Http\\Controllers\\Api\\RuleController), 'ruleSave')
#16 /Users/xinsiqi/Downloads/projects/php_serviceapi/vendor/laravel/framework/src/Illuminate/Routing/Route.php(176): Illuminate\\Routing\\Route->runController()
#17 /Users/xinsiqi/Downloads/projects/php_serviceapi/vendor/laravel/framework/src/Illuminate/Routing/Router.php(681): Illuminate\\Routing\\Route->run()
#18 /Users/xinsiqi/Downloads/projects/php_serviceapi/vendor/laravel/framework/src/Illuminate/Pipeline/Pipeline.php(130): Illuminate\\Routing\\Router->Illuminate\\Routing\\{closure}(Object(Illuminate\\Http\\Request))
#19 /Users/xinsiqi/Downloads/projects/php_serviceapi/app/Http/Middleware/ValidateToken.php(60): Illuminate\\Pipeline\\Pipeline->Illuminate\\Pipeline\\{closure}(Object(Illuminate\\Http\\Request))
#20 /Users/xinsiqi/Downloads/projects/php_serviceapi/vendor/laravel/framework/src/Illuminate/Pipeline/Pipeline.php(171): App\\Http\\Middleware\\ValidateToken->handle(Object(Illuminate\\Http\\Request), Object(Closure))
#21 /Users/xinsiqi/Downloads/projects/php_serviceapi/vendor/laravel/framework/src/Illuminate/Routing/Middleware/SubstituteBindings.php(41): Illuminate\\Pipeline\\Pipeline->Illuminate\\Pipeline\\{closure}(Object(Illuminate\\Http\\Request))
#22 /Users/xinsiqi/Downloads/projects/php_serviceapi/vendor/laravel/framework/src/Illuminate/Pipeline/Pipeline.php(171): Illuminate\\Routing\\Middleware\\SubstituteBindings->handle(Object(Illuminate\\Http\\Request), Object(Closure))
#23 /Users/xinsiqi/Downloads/projects/php_serviceapi/vendor/laravel/framework/src/Illuminate/Foundation/Http/Middleware/VerifyCsrfToken.php(77): Illuminate\\Pipeline\\Pipeline->Illuminate\\Pipeline\\{closure}(Object(Illuminate\\Http\\Request))
#24 /Users/xinsiqi/Downloads/projects/php_serviceapi/vendor/laravel/framework/src/Illuminate/Pipeline/Pipeline.php(171): Illuminate\\Foundation\\Http\\Middleware\\VerifyCsrfToken->handle(Object(Illuminate\\Http\\Request), Object(Closure))
#25 /Users/xinsiqi/Downloads/projects/php_serviceapi/vendor/laravel/framework/src/Illuminate/View/Middleware/ShareErrorsFromSession.php(49): Illuminate\\Pipeline\\Pipeline->Illuminate\\Pipeline\\{closure}(Object(Illuminate\\Http\\Request))
#26 /Users/xinsiqi/Downloads/projects/php_serviceapi/vendor/laravel/framework/src/Illuminate/Pipeline/Pipeline.php(171): Illuminate\\View\\Middleware\\ShareErrorsFromSession->handle(Object(Illuminate\\Http\\Request), Object(Closure))
#27 /Users/xinsiqi/Downloads/projects/php_serviceapi/vendor/laravel/framework/src/Illuminate/Session/Middleware/StartSession.php(56): Illuminate\\Pipeline\\Pipeline->Illuminate\\Pipeline\\{closure}(Object(Illuminate\\Http\\Request))
#28 /Users/xinsiqi/Downloads/projects/php_serviceapi/vendor/laravel/framework/src/Illuminate/Pipeline/Pipeline.php(171): Illuminate\\Session\\Middleware\\StartSession->handle(Object(Illuminate\\Http\\Request), Object(Closure))
#29 /Users/xinsiqi/Downloads/projects/php_serviceapi/vendor/laravel/framework/src/Illuminate/Cookie/Middleware/AddQueuedCookiesToResponse.php(37): Illuminate\\Pipeline\\Pipeline->Illuminate\\Pipeline\\{closure}(Object(Illuminate\\Http\\Request))
#30 /Users/xinsiqi/Downloads/projects/php_serviceapi/vendor/laravel/framework/src/Illuminate/Pipeline/Pipeline.php(171): Illuminate\\Cookie\\Middleware\\AddQueuedCookiesToResponse->handle(Object(Illuminate\\Http\\Request), Object(Closure))
#31 /Users/xinsiqi/Downloads/projects/php_serviceapi/vendor/laravel/framework/src/Illuminate/Cookie/Middleware/EncryptCookies.php(67): Illuminate\\Pipeline\\Pipeline->Illuminate\\Pipeline\\{closure}(Object(Illuminate\\Http\\Request))
#32 /Users/xinsiqi/Downloads/projects/php_serviceapi/vendor/laravel/framework/src/Illuminate/Pipeline/Pipeline.php(171): Illuminate\\Cookie\\Middleware\\EncryptCookies->handle(Object(Illuminate\\Http\\Request), Object(Closure))
#33 /Users/xinsiqi/Downloads/projects/php_serviceapi/vendor/laravel/framework/src/Illuminate/Pipeline/Pipeline.php(105): Illuminate\\Pipeline\\Pipeline->Illuminate\\Pipeline\\{closure}(Object(Illuminate\\Http\\Request))
#34 /Users/xinsiqi/Downloads/projects/php_serviceapi/vendor/laravel/framework/src/Illuminate/Routing/Router.php(683): Illuminate\\Pipeline\\Pipeline->then(Object(Closure))
#35 /Users/xinsiqi/Downloads/projects/php_serviceapi/vendor/laravel/framework/src/Illuminate/Routing/Router.php(658): Illuminate\\Routing\\Router->runRouteWithinStack(Object(Illuminate\\Routing\\Route), Object(Illuminate\\Http\\Request))
#36 /Users/xinsiqi/Downloads/projects/php_serviceapi/vendor/laravel/framework/src/Illuminate/Routing/Router.php(624): Illuminate\\Routing\\Router->runRoute(Object(Illuminate\\Http\\Request), Object(Illuminate\\Routing\\Route))
#37 /Users/xinsiqi/Downloads/projects/php_serviceapi/vendor/laravel/framework/src/Illuminate/Routing/Router.php(613): Illuminate\\Routing\\Router->dispatchToRoute(Object(Illuminate\\Http\\Request))
#38 /Users/xinsiqi/Downloads/projects/php_serviceapi/vendor/laravel/framework/src/Illuminate/Foundation/Http/Kernel.php(170): Illuminate\\Routing\\Router->dispatch(Object(Illuminate\\Http\\Request))
#39 /Users/xinsiqi/Downloads/projects/php_serviceapi/vendor/laravel/framework/src/Illuminate/Pipeline/Pipeline.php(130): Illuminate\\Foundation\\Http\\Kernel->Illuminate\\Foundation\\Http\\{closure}(Object(Illuminate\\Http\\Request))
#40 /Users/xinsiqi/Downloads/projects/php_serviceapi/vendor/laravel/framework/src/Illuminate/Foundation/Http/Middleware/TransformsRequest.php(21): Illuminate\\Pipeline\\Pipeline->Illuminate\\Pipeline\\{closure}(Object(Illuminate\\Http\\Request))
#41 /Users/xinsiqi/Downloads/projects/php_serviceapi/vendor/laravel/framework/src/Illuminate/Pipeline/Pipeline.php(171): Illuminate\\Foundation\\Http\\Middleware\\TransformsRequest->handle(Object(Illuminate\\Http\\Request), Object(Closure))
#42 /Users/xinsiqi/Downloads/projects/php_serviceapi/vendor/laravel/framework/src/Illuminate/Foundation/Http/Middleware/TransformsRequest.php(21): Illuminate\\Pipeline\\Pipeline->Illuminate\\Pipeline\\{closure}(Object(Illuminate\\Http\\Request))
#43 /Users/xinsiqi/Downloads/projects/php_serviceapi/vendor/laravel/framework/src/Illuminate/Pipeline/Pipeline.php(171): Illuminate\\Foundation\\Http\\Middleware\\TransformsRequest->handle(Object(Illuminate\\Http\\Request), Object(Closure))
#44 /Users/xinsiqi/Downloads/projects/php_serviceapi/vendor/laravel/framework/src/Illuminate/Foundation/Http/Middleware/ValidatePostSize.php(27): Illuminate\\Pipeline\\Pipeline->Illuminate\\Pipeline\\{closure}(Object(Illuminate\\Http\\Request))
#45 /Users/xinsiqi/Downloads/projects/php_serviceapi/vendor/laravel/framework/src/Illuminate/Pipeline/Pipeline.php(171): Illuminate\\Foundation\\Http\\Middleware\\ValidatePostSize->handle(Object(Illuminate\\Http\\Request), Object(Closure))
#46 /Users/xinsiqi/Downloads/projects/php_serviceapi/vendor/laravel/framework/src/Illuminate/Foundation/Http/Middleware/CheckForMaintenanceMode.php(63): Illuminate\\Pipeline\\Pipeline->Illuminate\\Pipeline\\{closure}(Object(Illuminate\\Http\\Request))
#47 /Users/xinsiqi/Downloads/projects/php_serviceapi/vendor/laravel/framework/src/Illuminate/Pipeline/Pipeline.php(171): Illuminate\\Foundation\\Http\\Middleware\\CheckForMaintenanceMode->handle(Object(Illuminate\\Http\\Request), Object(Closure))
#48 /Users/xinsiqi/Downloads/projects/php_serviceapi/vendor/fideloper/proxy/src/TrustProxies.php(57): Illuminate\\Pipeline\\Pipeline->Illuminate\\Pipeline\\{closure}(Object(Illuminate\\Http\\Request))
#49 /Users/xinsiqi/Downloads/projects/php_serviceapi/vendor/laravel/framework/src/Illuminate/Pipeline/Pipeline.php(171): Fideloper\\Proxy\\TrustProxies->handle(Object(Illuminate\\Http\\Request), Object(Closure))
#50 /Users/xinsiqi/Downloads/projects/php_serviceapi/vendor/fruitcake/laravel-cors/src/HandleCors.php(57): Illuminate\\Pipeline\\Pipeline->Illuminate\\Pipeline\\{closure}(Object(Illuminate\\Http\\Request))
#51 /Users/xinsiqi/Downloads/projects/php_serviceapi/vendor/laravel/framework/src/Illuminate/Pipeline/Pipeline.php(171): Fruitcake\\Cors\\HandleCors->handle(Object(Illuminate\\Http\\Request), Object(Closure))
#52 /Users/xinsiqi/Downloads/projects/php_serviceapi/vendor/laravel/framework/src/Illuminate/Pipeline/Pipeline.php(105): Illuminate\\Pipeline\\Pipeline->Illuminate\\Pipeline\\{closure}(Object(Illuminate\\Http\\Request))
#53 /Users/xinsiqi/Downloads/projects/php_serviceapi/vendor/laravel/framework/src/Illuminate/Foundation/Http/Kernel.php(145): Illuminate\\Pipeline\\Pipeline->then(Object(Closure))
#54 /Users/xinsiqi/Downloads/projects/php_serviceapi/vendor/laravel/framework/src/Illuminate/Foundation/Http/Kernel.php(110): Illuminate\\Foundation\\Http\\Kernel->sendRequestThroughRouter(Object(Illuminate\\Http\\Request))
#55 /Users/xinsiqi/Downloads/projects/php_serviceapi/public/index.php(55): Illuminate\\Foundation\\Http\\Kernel->handle(Object(Illuminate\\Http\\Request))
#56 {main}
"} 
[2023-10-28 14:40:57] local.DEBUG: [self_shop] [2.61ms] select * from `oa_blog_admin` where `id` = '1' limit 1 | POST: /api/admin/rule/save  
[2023-10-28 14:40:57] local.DEBUG: [self_shop] [450μs] insert into `oa_admin_rule` (`title`, `url`, `name`, `pid`, `create_time`, `is_menu`) values ('测试', 'home/test', 'test', '0', '1698504057', '1') | POST: /api/admin/rule/save  
[2023-10-28 14:41:16] local.DEBUG: [self_shop] [3.77ms] select * from `oa_blog_admin` where `id` = '1' limit 1 | POST: /api/admin/rule/save  
[2023-10-28 14:41:16] local.DEBUG: [self_shop] [610μs] insert into `oa_admin_rule` (`title`, `url`, `name`, `pid`, `create_time`, `is_menu`) values ('测试', 'home/test', 'test', '0', '1698504076', '1') | POST: /api/admin/rule/save  
[2023-10-28 14:42:56] local.DEBUG: [self_shop] [4.62ms] select * from `oa_blog_admin` where `id` = '1' limit 1 | POST: /api/admin/rule/save  
[2023-10-28 14:42:56] local.DEBUG: [self_shop] [3.04ms] insert into `oa_admin_rule` (`title`, `url`, `name`, `pid`, `create_time`, `is_menu`) values ('测试', 'home/test', 'test', '0', '1698504176', '1') | POST: /api/admin/rule/save  
[2023-10-28 14:43:47] local.DEBUG: [self_shop] [4.86ms] select * from `oa_blog_admin` where `id` = '1' limit 1 | POST: /api/admin/rule/update  
[2023-10-28 14:43:47] local.DEBUG: [self_shop] [870μs] select * from `oa_admin_rule` where `oa_admin_rule`.`id` = '157' limit 1 | POST: /api/admin/rule/update  
[2023-10-28 14:43:47] local.DEBUG: [self_shop] [1.18ms] update `oa_admin_rule` set `title` = '11111test', `name` = 'rule:list', `url` = 'test' where `id` = '157' | POST: /api/admin/rule/update  
[2023-10-28 14:43:58] local.DEBUG: [self_shop] [9.67ms] select * from `oa_blog_admin` where `id` = '1' limit 1 | POST: /api/admin/rule/update  
[2023-10-28 14:43:58] local.DEBUG: [self_shop] [2.46ms] select * from `oa_admin_rule` where `oa_admin_rule`.`id` = '158' limit 1 | POST: /api/admin/rule/update  
[2023-10-28 14:43:58] local.INFO: Creating default object from empty value  
[2023-10-28 15:20:16] local.DEBUG: [self_shop] [7.22ms] select * from `oa_blog_admin` where `id` = '1' limit 1 | GET: /api/user?token%20=%20eyJ0eXAiOiJKV1QiLCJhbGciOiJIUzI1NiJ9.eyJpc3MiOiJodHRwOlwvXC8xMjcuMC4wLjE6MzAwMVwvYXBpXC9sb2dpbiIsImlhdCI6MTY5ODUwMDIzMSwiZXhwIjoxNjk5NzA5ODMxLCJuYmYiOjE2OTg1MDAyMzEsImp0aSI6Im50c2RUc2JCek1JOG1RRDMiLCJzdWIiOjEsInBydiI6IjIzYmQ1Yzg5NDlmNjAwYWRiMzllNzAxYzQwMDg3MmRiN2E1OTc2ZjcifQ.oRIQ6YxOxRzeR18HQRiMblVSBPoBuJk2znrHDzahE74  
[2023-10-28 15:20:16] local.DEBUG: [self_shop] [790μs] select * from `oa_blog_admin` where `id` = '1' limit 1 | GET: /api/user?token%20=%20eyJ0eXAiOiJKV1QiLCJhbGciOiJIUzI1NiJ9.eyJpc3MiOiJodHRwOlwvXC8xMjcuMC4wLjE6MzAwMVwvYXBpXC9sb2dpbiIsImlhdCI6MTY5ODUwMDIzMSwiZXhwIjoxNjk5NzA5ODMxLCJuYmYiOjE2OTg1MDAyMzEsImp0aSI6Im50c2RUc2JCek1JOG1RRDMiLCJzdWIiOjEsInBydiI6IjIzYmQ1Yzg5NDlmNjAwYWRiMzllNzAxYzQwMDg3MmRiN2E1OTc2ZjcifQ.oRIQ6YxOxRzeR18HQRiMblVSBPoBuJk2znrHDzahE74  
[2023-10-28 15:34:52] local.DEBUG: [self_shop] [3.3ms] select * from `oa_blog_admin` where `id` = '1' limit 1 | GET: /api/user?token%20=%20eyJ0eXAiOiJKV1QiLCJhbGciOiJIUzI1NiJ9.eyJpc3MiOiJodHRwOlwvXC8xMjcuMC4wLjE6MzAwMVwvYXBpXC9sb2dpbiIsImlhdCI6MTY5ODUwMDIzMSwiZXhwIjoxNjk5NzA5ODMxLCJuYmYiOjE2OTg1MDAyMzEsImp0aSI6Im50c2RUc2JCek1JOG1RRDMiLCJzdWIiOjEsInBydiI6IjIzYmQ1Yzg5NDlmNjAwYWRiMzllNzAxYzQwMDg3MmRiN2E1OTc2ZjcifQ.oRIQ6YxOxRzeR18HQRiMblVSBPoBuJk2znrHDzahE74  
[2023-10-28 15:34:52] local.DEBUG: [self_shop] [390μs] select * from `oa_blog_admin` where `id` = '1' limit 1 | GET: /api/user?token%20=%20eyJ0eXAiOiJKV1QiLCJhbGciOiJIUzI1NiJ9.eyJpc3MiOiJodHRwOlwvXC8xMjcuMC4wLjE6MzAwMVwvYXBpXC9sb2dpbiIsImlhdCI6MTY5ODUwMDIzMSwiZXhwIjoxNjk5NzA5ODMxLCJuYmYiOjE2OTg1MDAyMzEsImp0aSI6Im50c2RUc2JCek1JOG1RRDMiLCJzdWIiOjEsInBydiI6IjIzYmQ1Yzg5NDlmNjAwYWRiMzllNzAxYzQwMDg3MmRiN2E1OTc2ZjcifQ.oRIQ6YxOxRzeR18HQRiMblVSBPoBuJk2znrHDzahE74  
[2023-10-28 15:34:59] local.DEBUG: [self_shop] [2.65ms] select * from `oa_blog_admin` where `id` = '1' limit 1 | GET: /api/user?token%20=%20eyJ0eXAiOiJKV1QiLCJhbGciOiJIUzI1NiJ9.eyJpc3MiOiJodHRwOlwvXC8xMjcuMC4wLjE6MzAwMVwvYXBpXC9sb2dpbiIsImlhdCI6MTY5ODUwMDIzMSwiZXhwIjoxNjk5NzA5ODMxLCJuYmYiOjE2OTg1MDAyMzEsImp0aSI6Im50c2RUc2JCek1JOG1RRDMiLCJzdWIiOjEsInBydiI6IjIzYmQ1Yzg5NDlmNjAwYWRiMzllNzAxYzQwMDg3MmRiN2E1OTc2ZjcifQ.oRIQ6YxOxRzeR18HQRiMblVSBPoBuJk2znrHDzahE74  
[2023-10-28 15:34:59] local.DEBUG: [self_shop] [390μs] select * from `oa_blog_admin` where `id` = '1' limit 1 | GET: /api/user?token%20=%20eyJ0eXAiOiJKV1QiLCJhbGciOiJIUzI1NiJ9.eyJpc3MiOiJodHRwOlwvXC8xMjcuMC4wLjE6MzAwMVwvYXBpXC9sb2dpbiIsImlhdCI6MTY5ODUwMDIzMSwiZXhwIjoxNjk5NzA5ODMxLCJuYmYiOjE2OTg1MDAyMzEsImp0aSI6Im50c2RUc2JCek1JOG1RRDMiLCJzdWIiOjEsInBydiI6IjIzYmQ1Yzg5NDlmNjAwYWRiMzllNzAxYzQwMDg3MmRiN2E1OTc2ZjcifQ.oRIQ6YxOxRzeR18HQRiMblVSBPoBuJk2znrHDzahE74  
[2023-10-28 15:35:04] local.DEBUG: [self_shop] [2.69ms] select * from `oa_blog_admin` where `id` = '1' limit 1 | GET: /api/user?token%20=%20eyJ0eXAiOiJKV1QiLCJhbGciOiJIUzI1NiJ9.eyJpc3MiOiJodHRwOlwvXC8xMjcuMC4wLjE6MzAwMVwvYXBpXC9sb2dpbiIsImlhdCI6MTY5ODUwMDIzMSwiZXhwIjoxNjk5NzA5ODMxLCJuYmYiOjE2OTg1MDAyMzEsImp0aSI6Im50c2RUc2JCek1JOG1RRDMiLCJzdWIiOjEsInBydiI6IjIzYmQ1Yzg5NDlmNjAwYWRiMzllNzAxYzQwMDg3MmRiN2E1OTc2ZjcifQ.oRIQ6YxOxRzeR18HQRiMblVSBPoBuJk2znrHDzahE74  
[2023-10-28 15:35:04] local.DEBUG: [self_shop] [580μs] select * from `oa_blog_admin` where `id` = '1' limit 1 | GET: /api/user?token%20=%20eyJ0eXAiOiJKV1QiLCJhbGciOiJIUzI1NiJ9.eyJpc3MiOiJodHRwOlwvXC8xMjcuMC4wLjE6MzAwMVwvYXBpXC9sb2dpbiIsImlhdCI6MTY5ODUwMDIzMSwiZXhwIjoxNjk5NzA5ODMxLCJuYmYiOjE2OTg1MDAyMzEsImp0aSI6Im50c2RUc2JCek1JOG1RRDMiLCJzdWIiOjEsInBydiI6IjIzYmQ1Yzg5NDlmNjAwYWRiMzllNzAxYzQwMDg3MmRiN2E1OTc2ZjcifQ.oRIQ6YxOxRzeR18HQRiMblVSBPoBuJk2znrHDzahE74  
[2023-10-28 15:42:10] local.DEBUG: [self_shop] [4.11ms] select * from `oa_blog_admin` where `id` = '1' limit 1 | GET: /api/user?token%20=%20eyJ0eXAiOiJKV1QiLCJhbGciOiJIUzI1NiJ9.eyJpc3MiOiJodHRwOlwvXC8xMjcuMC4wLjE6MzAwMVwvYXBpXC9sb2dpbiIsImlhdCI6MTY5ODUwMDIzMSwiZXhwIjoxNjk5NzA5ODMxLCJuYmYiOjE2OTg1MDAyMzEsImp0aSI6Im50c2RUc2JCek1JOG1RRDMiLCJzdWIiOjEsInBydiI6IjIzYmQ1Yzg5NDlmNjAwYWRiMzllNzAxYzQwMDg3MmRiN2E1OTc2ZjcifQ.oRIQ6YxOxRzeR18HQRiMblVSBPoBuJk2znrHDzahE74  
[2023-10-28 15:42:10] local.DEBUG: [self_shop] [360μs] select * from `oa_blog_admin` where `id` = '1' limit 1 | GET: /api/user?token%20=%20eyJ0eXAiOiJKV1QiLCJhbGciOiJIUzI1NiJ9.eyJpc3MiOiJodHRwOlwvXC8xMjcuMC4wLjE6MzAwMVwvYXBpXC9sb2dpbiIsImlhdCI6MTY5ODUwMDIzMSwiZXhwIjoxNjk5NzA5ODMxLCJuYmYiOjE2OTg1MDAyMzEsImp0aSI6Im50c2RUc2JCek1JOG1RRDMiLCJzdWIiOjEsInBydiI6IjIzYmQ1Yzg5NDlmNjAwYWRiMzllNzAxYzQwMDg3MmRiN2E1OTc2ZjcifQ.oRIQ6YxOxRzeR18HQRiMblVSBPoBuJk2znrHDzahE74  
