[2023-09-20 07:51:59] local.DEBUG: [blog_self] [67.77ms] select `category`.`name` as `category_name`, `category`.`id` as `category_id`, `category`.`icon`, `blog_article`.`title`, `blog_article`.`description`, `blog_article`.`content`, `blog_article`.`access_num`, date_format(from_unixtime(create_time),'%Y-%m-%d %H:%i:%s') as create_time from `blog_article` left join `blog_category` as `category` on `blog_article`.`category_id` = `category`.`id` where `blog_article`.`id` = '2' limit 1 | GET: /api/admin/article/info?id=2  
[2023-09-20 07:52:02] local.DEBUG: [blog_self] [8.35ms] select * from `blog_category` limit 21 offset 0 | GET: /api/admin/article/category  
[2023-09-20 07:52:02] local.DEBUG: [blog_self] [4.24ms] select * from `blog_category` limit 21 offset 0 | GET: /api/admin/article/category  
[2023-09-20 07:52:18] local.DEBUG: [blog_self] [16.38ms] select `category`.`name` as `category_name`, `category`.`id` as `category_id`, `category`.`icon`, `blog_article`.`title`, `blog_article`.`description`, `blog_article`.`content`, `blog_article`.`access_num`, date_format(from_unixtime(create_time),'%Y-%m-%d %H:%i:%s') as create_time from `blog_article` left join `blog_category` as `category` on `blog_article`.`category_id` = `category`.`id` where `blog_article`.`id` = '2' limit 1 | GET: /api/admin/article/info?id=2  
[2023-09-20 07:52:20] local.DEBUG: [blog_self] [4.7ms] select * from `blog_category` limit 21 offset 0 | GET: /api/admin/article/category  
[2023-09-20 07:52:20] local.DEBUG: [blog_self] [3.99ms] select * from `blog_category` limit 21 offset 0 | GET: /api/admin/article/category  
[2023-09-20 07:52:30] local.DEBUG: [blog_self] [8.16ms] select count(*) as aggregate from `blog_article` left join `blog_category` as `category` on `blog_article`.`category_id` = `category`.`id` where `blog_article`.`is_delete` = '0' | GET: /api/admin/article?page=1&limit=20  
[2023-09-20 07:52:30] local.DEBUG: [blog_self] [640μs] select `blog_article`.`id`, `category`.`name` as `category_name`, `category`.`icon`, `blog_article`.`title`, `blog_article`.`description`, `blog_article`.`access_num`, date_format(from_unixtime(create_time),'%Y-%m-%d %H:%i:%s') as create_time from `blog_article` left join `blog_category` as `category` on `blog_article`.`category_id` = `category`.`id` where `blog_article`.`is_delete` = '0' limit 20 offset 0 | GET: /api/admin/article?page=1&limit=20  
[2023-09-20 07:52:30] local.DEBUG: [blog_self] [3.57ms] select * from `blog_category` limit 21 offset 0 | GET: /api/admin/article/category  
[2023-09-20 07:52:30] local.DEBUG: [blog_self] [2.06ms] select * from `blog_category` limit 21 offset 0 | GET: /api/admin/article/category  
[2023-09-20 07:52:32] local.DEBUG: [blog_self] [5.93ms] select count(*) as aggregate from `blog_article` left join `blog_category` as `category` on `blog_article`.`category_id` = `category`.`id` where `blog_article`.`category_id` = '1' and `blog_article`.`is_delete` = '0' | GET: /api/admin/article?category_id=1&page=1&limit=20  
[2023-09-20 07:52:32] local.DEBUG: [blog_self] [520μs] select `blog_article`.`id`, `category`.`name` as `category_name`, `category`.`icon`, `blog_article`.`title`, `blog_article`.`description`, `blog_article`.`access_num`, date_format(from_unixtime(create_time),'%Y-%m-%d %H:%i:%s') as create_time from `blog_article` left join `blog_category` as `category` on `blog_article`.`category_id` = `category`.`id` where `blog_article`.`category_id` = '1' and `blog_article`.`is_delete` = '0' limit 20 offset 0 | GET: /api/admin/article?category_id=1&page=1&limit=20  
[2023-09-20 07:52:32] local.DEBUG: [blog_self] [1.93ms] select * from `blog_category` limit 21 offset 0 | GET: /api/admin/article/category  
[2023-09-20 07:52:32] local.DEBUG: [blog_self] [3.64ms] select * from `blog_category` limit 21 offset 0 | GET: /api/admin/article/category  
[2023-09-20 07:52:36] local.DEBUG: [blog_self] [8.17ms] select count(*) as aggregate from `blog_article` left join `blog_category` as `category` on `blog_article`.`category_id` = `category`.`id` where `blog_article`.`is_delete` = '0' | GET: /api/admin/article?page=1&limit=20  
[2023-09-20 07:52:36] local.DEBUG: [blog_self] [1.13ms] select `blog_article`.`id`, `category`.`name` as `category_name`, `category`.`icon`, `blog_article`.`title`, `blog_article`.`description`, `blog_article`.`access_num`, date_format(from_unixtime(create_time),'%Y-%m-%d %H:%i:%s') as create_time from `blog_article` left join `blog_category` as `category` on `blog_article`.`category_id` = `category`.`id` where `blog_article`.`is_delete` = '0' limit 20 offset 0 | GET: /api/admin/article?page=1&limit=20  
[2023-09-20 07:52:36] local.DEBUG: [blog_self] [4.12ms] select * from `blog_category` limit 21 offset 0 | GET: /api/admin/article/category  
[2023-09-20 07:52:36] local.DEBUG: [blog_self] [2.15ms] select * from `blog_category` limit 21 offset 0 | GET: /api/admin/article/category  
[2023-09-20 08:01:00] local.DEBUG: [blog_self] [5.63ms] select count(*) as aggregate from `blog_article` left join `blog_category` as `category` on `blog_article`.`category_id` = `category`.`id` where `blog_article`.`is_delete` = '0' | GET: /api/admin/article?page=1&limit=20  
[2023-09-20 08:01:00] local.DEBUG: [blog_self] [530μs] select `blog_article`.`id`, `category`.`name` as `category_name`, `category`.`icon`, `blog_article`.`title`, `blog_article`.`description`, `blog_article`.`access_num`, date_format(from_unixtime(create_time),'%Y-%m-%d %H:%i:%s') as create_time from `blog_article` left join `blog_category` as `category` on `blog_article`.`category_id` = `category`.`id` where `blog_article`.`is_delete` = '0' limit 20 offset 0 | GET: /api/admin/article?page=1&limit=20  
[2023-09-20 08:01:02] local.DEBUG: [blog_self] [2.91ms] select * from `blog_category` limit 21 offset 0 | GET: /api/admin/article/category  
[2023-09-20 08:01:02] local.DEBUG: [blog_self] [5.19ms] select * from `blog_category` limit 21 offset 0 | GET: /api/admin/article/category  
[2023-09-20 08:01:06] local.DEBUG: [blog_self] [4.74ms] select `category`.`name` as `category_name`, `category`.`id` as `category_id`, `category`.`icon`, `blog_article`.`title`, `blog_article`.`description`, `blog_article`.`content`, `blog_article`.`access_num`, date_format(from_unixtime(create_time),'%Y-%m-%d %H:%i:%s') as create_time from `blog_article` left join `blog_category` as `category` on `blog_article`.`category_id` = `category`.`id` where `blog_article`.`id` = '1' limit 1 | GET: /api/admin/article/info?id=1  
[2023-09-20 08:01:06] local.DEBUG: [blog_self] [3.35ms] select * from `blog_category` limit 21 offset 0 | GET: /api/admin/article/category  
[2023-09-20 08:01:06] local.DEBUG: [blog_self] [3.79ms] select * from `blog_category` limit 21 offset 0 | GET: /api/admin/article/category  
[2023-09-20 08:01:58] local.DEBUG: [blog_self] [7.68ms] select `category`.`name` as `category_name`, `category`.`id` as `category_id`, `category`.`icon`, `blog_article`.`title`, `blog_article`.`description`, `blog_article`.`content`, `blog_article`.`access_num`, date_format(from_unixtime(create_time),'%Y-%m-%d %H:%i:%s') as create_time from `blog_article` left join `blog_category` as `category` on `blog_article`.`category_id` = `category`.`id` where `blog_article`.`id` = '1' limit 1 | GET: /api/admin/article/info?id=1  
[2023-09-20 08:02:01] local.DEBUG: [blog_self] [4.32ms] select * from `blog_category` limit 21 offset 0 | GET: /api/admin/article/category  
[2023-09-20 08:02:01] local.DEBUG: [blog_self] [2.72ms] select * from `blog_category` limit 21 offset 0 | GET: /api/admin/article/category  
[2023-09-20 08:02:33] local.DEBUG: [blog_self] [7.79ms] select `category`.`name` as `category_name`, `category`.`id` as `category_id`, `category`.`icon`, `blog_article`.`title`, `blog_article`.`description`, `blog_article`.`content`, `blog_article`.`access_num`, date_format(from_unixtime(create_time),'%Y-%m-%d %H:%i:%s') as create_time from `blog_article` left join `blog_category` as `category` on `blog_article`.`category_id` = `category`.`id` where `blog_article`.`id` = '1' limit 1 | GET: /api/admin/article/info?id=1  
[2023-09-20 08:02:35] local.DEBUG: [blog_self] [3.02ms] select * from `blog_category` limit 21 offset 0 | GET: /api/admin/article/category  
[2023-09-20 08:02:35] local.DEBUG: [blog_self] [2.81ms] select * from `blog_category` limit 21 offset 0 | GET: /api/admin/article/category  
[2023-09-20 08:04:31] local.DEBUG: [blog_self] [5.44ms] select `category`.`name` as `category_name`, `category`.`id` as `category_id`, `category`.`icon`, `blog_article`.`title`, `blog_article`.`description`, `blog_article`.`content`, `blog_article`.`access_num`, date_format(from_unixtime(create_time),'%Y-%m-%d %H:%i:%s') as create_time from `blog_article` left join `blog_category` as `category` on `blog_article`.`category_id` = `category`.`id` where `blog_article`.`id` = '1' limit 1 | GET: /api/admin/article/info?id=1  
[2023-09-20 08:04:34] local.DEBUG: [blog_self] [48.8ms] select * from `blog_category` limit 21 offset 0 | GET: /api/admin/article/category  
[2023-09-20 08:04:34] local.DEBUG: [blog_self] [2.91ms] select * from `blog_category` limit 21 offset 0 | GET: /api/admin/article/category  
[2023-09-20 08:05:18] local.DEBUG: [blog_self] [16.06ms] select `category`.`name` as `category_name`, `category`.`id` as `category_id`, `category`.`icon`, `blog_article`.`title`, `blog_article`.`description`, `blog_article`.`content`, `blog_article`.`access_num`, date_format(from_unixtime(create_time),'%Y-%m-%d %H:%i:%s') as create_time from `blog_article` left join `blog_category` as `category` on `blog_article`.`category_id` = `category`.`id` where `blog_article`.`id` = '1' limit 1 | GET: /api/admin/article/info?id=1  
[2023-09-20 08:05:21] local.DEBUG: [blog_self] [4.41ms] select * from `blog_category` limit 21 offset 0 | GET: /api/admin/article/category  
[2023-09-20 08:05:21] local.DEBUG: [blog_self] [2.01ms] select * from `blog_category` limit 21 offset 0 | GET: /api/admin/article/category  
[2023-09-20 08:10:06] local.DEBUG: [blog_self] [24.89ms] select `category`.`name` as `category_name`, `category`.`id` as `category_id`, `category`.`icon`, `blog_article`.`title`, `blog_article`.`description`, `blog_article`.`content`, `blog_article`.`access_num`, date_format(from_unixtime(create_time),'%Y-%m-%d %H:%i:%s') as create_time from `blog_article` left join `blog_category` as `category` on `blog_article`.`category_id` = `category`.`id` where `blog_article`.`id` = '1' limit 1 | GET: /api/admin/article/info?id=1  
[2023-09-20 08:10:09] local.DEBUG: [blog_self] [3.65ms] select * from `blog_category` limit 21 offset 0 | GET: /api/admin/article/category  
[2023-09-20 08:10:09] local.DEBUG: [blog_self] [4.65ms] select * from `blog_category` limit 21 offset 0 | GET: /api/admin/article/category  
[2023-09-20 08:12:04] local.DEBUG: [blog_self] [5.24ms] select `category`.`name` as `category_name`, `category`.`id` as `category_id`, `category`.`icon`, `blog_article`.`title`, `blog_article`.`description`, `blog_article`.`content`, `blog_article`.`access_num`, date_format(from_unixtime(create_time),'%Y-%m-%d %H:%i:%s') as create_time from `blog_article` left join `blog_category` as `category` on `blog_article`.`category_id` = `category`.`id` where `blog_article`.`id` = '1' limit 1 | GET: /api/admin/article/info?id=1  
[2023-09-20 08:12:07] local.DEBUG: [blog_self] [13.51ms] select * from `blog_category` limit 21 offset 0 | GET: /api/admin/article/category  
[2023-09-20 08:12:07] local.DEBUG: [blog_self] [3.31ms] select * from `blog_category` limit 21 offset 0 | GET: /api/admin/article/category  
[2023-09-20 08:13:00] local.DEBUG: [blog_self] [4.25ms] select `category`.`name` as `category_name`, `category`.`id` as `category_id`, `category`.`icon`, `blog_article`.`title`, `blog_article`.`description`, `blog_article`.`content`, `blog_article`.`access_num`, date_format(from_unixtime(create_time),'%Y-%m-%d %H:%i:%s') as create_time from `blog_article` left join `blog_category` as `category` on `blog_article`.`category_id` = `category`.`id` where `blog_article`.`id` = '1' limit 1 | GET: /api/admin/article/info?id=1  
[2023-09-20 08:13:03] local.DEBUG: [blog_self] [3.41ms] select * from `blog_category` limit 21 offset 0 | GET: /api/admin/article/category  
[2023-09-20 08:13:03] local.DEBUG: [blog_self] [2.87ms] select * from `blog_category` limit 21 offset 0 | GET: /api/admin/article/category  
[2023-09-20 08:13:52] local.DEBUG: [blog_self] [7.73ms] select `category`.`name` as `category_name`, `category`.`id` as `category_id`, `category`.`icon`, `blog_article`.`title`, `blog_article`.`description`, `blog_article`.`content`, `blog_article`.`access_num`, date_format(from_unixtime(create_time),'%Y-%m-%d %H:%i:%s') as create_time from `blog_article` left join `blog_category` as `category` on `blog_article`.`category_id` = `category`.`id` where `blog_article`.`id` = '1' limit 1 | GET: /api/admin/article/info?id=1  
[2023-09-20 08:13:54] local.DEBUG: [blog_self] [13.47ms] select * from `blog_category` limit 21 offset 0 | GET: /api/admin/article/category  
[2023-09-20 08:13:54] local.DEBUG: [blog_self] [3.27ms] select * from `blog_category` limit 21 offset 0 | GET: /api/admin/article/category  
[2023-09-20 08:15:41] local.DEBUG: [blog_self] [5.16ms] select `category`.`name` as `category_name`, `category`.`id` as `category_id`, `category`.`icon`, `blog_article`.`title`, `blog_article`.`description`, `blog_article`.`content`, `blog_article`.`access_num`, date_format(from_unixtime(create_time),'%Y-%m-%d %H:%i:%s') as create_time from `blog_article` left join `blog_category` as `category` on `blog_article`.`category_id` = `category`.`id` where `blog_article`.`id` = '1' limit 1 | GET: /api/admin/article/info?id=1  
[2023-09-20 08:15:44] local.DEBUG: [blog_self] [36.86ms] select * from `blog_category` limit 21 offset 0 | GET: /api/admin/article/category  
[2023-09-20 08:15:44] local.DEBUG: [blog_self] [2.28ms] select * from `blog_category` limit 21 offset 0 | GET: /api/admin/article/category  
[2023-09-20 08:15:49] local.DEBUG: [blog_self] [2.94ms] select count(*) as aggregate from `blog_article` left join `blog_category` as `category` on `blog_article`.`category_id` = `category`.`id` where `blog_article`.`is_delete` = '0' | GET: /api/admin/article?page=1&limit=20  
[2023-09-20 08:15:49] local.DEBUG: [blog_self] [540μs] select `blog_article`.`id`, `category`.`name` as `category_name`, `category`.`icon`, `blog_article`.`title`, `blog_article`.`description`, `blog_article`.`access_num`, date_format(from_unixtime(create_time),'%Y-%m-%d %H:%i:%s') as create_time from `blog_article` left join `blog_category` as `category` on `blog_article`.`category_id` = `category`.`id` where `blog_article`.`is_delete` = '0' limit 20 offset 0 | GET: /api/admin/article?page=1&limit=20  
[2023-09-20 08:15:49] local.DEBUG: [blog_self] [4.43ms] select * from `blog_category` limit 21 offset 0 | GET: /api/admin/article/category  
[2023-09-20 08:15:49] local.DEBUG: [blog_self] [2.39ms] select * from `blog_category` limit 21 offset 0 | GET: /api/admin/article/category  
[2023-09-20 08:15:51] local.DEBUG: [blog_self] [3.82ms] select count(*) as aggregate from `blog_article` left join `blog_category` as `category` on `blog_article`.`category_id` = `category`.`id` where `blog_article`.`category_id` = '2' and `blog_article`.`is_delete` = '0' | GET: /api/admin/article?category_id=2&page=1&limit=20  
[2023-09-20 08:15:51] local.DEBUG: [blog_self] [770μs] select `blog_article`.`id`, `category`.`name` as `category_name`, `category`.`icon`, `blog_article`.`title`, `blog_article`.`description`, `blog_article`.`access_num`, date_format(from_unixtime(create_time),'%Y-%m-%d %H:%i:%s') as create_time from `blog_article` left join `blog_category` as `category` on `blog_article`.`category_id` = `category`.`id` where `blog_article`.`category_id` = '2' and `blog_article`.`is_delete` = '0' limit 20 offset 0 | GET: /api/admin/article?category_id=2&page=1&limit=20  
[2023-09-20 08:15:51] local.DEBUG: [blog_self] [3.11ms] select * from `blog_category` limit 21 offset 0 | GET: /api/admin/article/category  
[2023-09-20 08:15:51] local.DEBUG: [blog_self] [2.88ms] select * from `blog_category` limit 21 offset 0 | GET: /api/admin/article/category  
[2023-09-20 08:15:52] local.DEBUG: [blog_self] [3.29ms] select count(*) as aggregate from `blog_article` left join `blog_category` as `category` on `blog_article`.`category_id` = `category`.`id` where `blog_article`.`category_id` = '1' and `blog_article`.`is_delete` = '0' | GET: /api/admin/article?category_id=1&page=1&limit=20  
[2023-09-20 08:15:52] local.DEBUG: [blog_self] [830μs] select `blog_article`.`id`, `category`.`name` as `category_name`, `category`.`icon`, `blog_article`.`title`, `blog_article`.`description`, `blog_article`.`access_num`, date_format(from_unixtime(create_time),'%Y-%m-%d %H:%i:%s') as create_time from `blog_article` left join `blog_category` as `category` on `blog_article`.`category_id` = `category`.`id` where `blog_article`.`category_id` = '1' and `blog_article`.`is_delete` = '0' limit 20 offset 0 | GET: /api/admin/article?category_id=1&page=1&limit=20  
[2023-09-20 08:15:55] local.DEBUG: [blog_self] [4.31ms] select `category`.`name` as `category_name`, `category`.`id` as `category_id`, `category`.`icon`, `blog_article`.`title`, `blog_article`.`description`, `blog_article`.`content`, `blog_article`.`access_num`, date_format(from_unixtime(create_time),'%Y-%m-%d %H:%i:%s') as create_time from `blog_article` left join `blog_category` as `category` on `blog_article`.`category_id` = `category`.`id` where `blog_article`.`id` = '3' limit 1 | GET: /api/admin/article/info?id=3  
[2023-09-20 08:15:55] local.DEBUG: [blog_self] [3.17ms] select * from `blog_category` limit 21 offset 0 | GET: /api/admin/article/category  
[2023-09-20 08:15:55] local.DEBUG: [blog_self] [3.1ms] select * from `blog_category` limit 21 offset 0 | GET: /api/admin/article/category  
