[2023-09-19 01:44:55] local.DEBUG: [blog_self] [20.13ms] select count(*) as aggregate from `blog_article` left join `blog_category` as `category` on `blog_article`.`category_id` = `category`.`id` where `blog_article`.`category_id` = '1' and `blog_article`.`is_delete` = '0' | GET: /api/admin/article?category_id=1&page=1&limit=20  
[2023-09-19 01:44:55] local.DEBUG: [blog_self] [890μs] select `blog_article`.`id`, `category`.`name` as `category_name`, `category`.`icon`, `blog_article`.`title`, `blog_article`.`description`, `blog_article`.`access_num`, date_format(from_unixtime(create_time),'%Y-%m-%d %H:%i:%s') as create_time from `blog_article` left join `blog_category` as `category` on `blog_article`.`category_id` = `category`.`id` where `blog_article`.`category_id` = '1' and `blog_article`.`is_delete` = '0' limit 20 offset 0 | GET: /api/admin/article?category_id=1&page=1&limit=20  
[2023-09-19 01:44:56] local.DEBUG: [blog_self] [3.69ms] select * from `blog_category` limit 21 offset 0 | GET: /api/admin/article/category  
[2023-09-19 01:44:56] local.DEBUG: [blog_self] [3.91ms] select * from `blog_category` limit 21 offset 0 | GET: /api/admin/article/category  
[2023-09-19 01:44:57] local.DEBUG: [blog_self] [4.4ms] select count(*) as aggregate from `blog_article` left join `blog_category` as `category` on `blog_article`.`category_id` = `category`.`id` where `blog_article`.`category_id` = '2' and `blog_article`.`is_delete` = '0' | GET: /api/admin/article?category_id=2&page=1&limit=20  
[2023-09-19 01:44:57] local.DEBUG: [blog_self] [830μs] select `blog_article`.`id`, `category`.`name` as `category_name`, `category`.`icon`, `blog_article`.`title`, `blog_article`.`description`, `blog_article`.`access_num`, date_format(from_unixtime(create_time),'%Y-%m-%d %H:%i:%s') as create_time from `blog_article` left join `blog_category` as `category` on `blog_article`.`category_id` = `category`.`id` where `blog_article`.`category_id` = '2' and `blog_article`.`is_delete` = '0' limit 20 offset 0 | GET: /api/admin/article?category_id=2&page=1&limit=20  
[2023-09-19 01:44:58] local.DEBUG: [blog_self] [3ms] select count(*) as aggregate from `blog_article` left join `blog_category` as `category` on `blog_article`.`category_id` = `category`.`id` where `blog_article`.`category_id` = '1' and `blog_article`.`is_delete` = '0' | GET: /api/admin/article?category_id=1&page=1&limit=20  
[2023-09-19 01:44:58] local.DEBUG: [blog_self] [2.34ms] select `blog_article`.`id`, `category`.`name` as `category_name`, `category`.`icon`, `blog_article`.`title`, `blog_article`.`description`, `blog_article`.`access_num`, date_format(from_unixtime(create_time),'%Y-%m-%d %H:%i:%s') as create_time from `blog_article` left join `blog_category` as `category` on `blog_article`.`category_id` = `category`.`id` where `blog_article`.`category_id` = '1' and `blog_article`.`is_delete` = '0' limit 20 offset 0 | GET: /api/admin/article?category_id=1&page=1&limit=20  
[2023-09-19 01:44:59] local.DEBUG: [blog_self] [3.23ms] select count(*) as aggregate from `blog_article` left join `blog_category` as `category` on `blog_article`.`category_id` = `category`.`id` where `blog_article`.`category_id` = '3' and `blog_article`.`is_delete` = '0' | GET: /api/admin/article?category_id=3&page=1&limit=20  
[2023-09-19 01:44:59] local.DEBUG: [blog_self] [380μs] select `blog_article`.`id`, `category`.`name` as `category_name`, `category`.`icon`, `blog_article`.`title`, `blog_article`.`description`, `blog_article`.`access_num`, date_format(from_unixtime(create_time),'%Y-%m-%d %H:%i:%s') as create_time from `blog_article` left join `blog_category` as `category` on `blog_article`.`category_id` = `category`.`id` where `blog_article`.`category_id` = '3' and `blog_article`.`is_delete` = '0' limit 20 offset 0 | GET: /api/admin/article?category_id=3&page=1&limit=20  
[2023-09-19 01:45:01] local.DEBUG: [blog_self] [5.34ms] select `category`.`name` as `category_name`, `category`.`id` as `category_id`, `category`.`icon`, `blog_article`.`title`, `blog_article`.`description`, `blog_article`.`content`, `blog_article`.`access_num`, date_format(from_unixtime(create_time),'%Y-%m-%d %H:%i:%s') as create_time from `blog_article` left join `blog_category` as `category` on `blog_article`.`category_id` = `category`.`id` where `blog_article`.`id` = '5' limit 1 | GET: /api/admin/article/info?id=5  
[2023-09-19 01:45:01] local.DEBUG: [blog_self] [2.69ms] select * from `blog_category` limit 21 offset 0 | GET: /api/admin/article/category  
[2023-09-19 01:45:01] local.DEBUG: [blog_self] [3.12ms] select * from `blog_category` limit 21 offset 0 | GET: /api/admin/article/category  
[2023-09-19 01:45:04] local.DEBUG: [blog_self] [3.68ms] select count(*) as aggregate from `blog_article` left join `blog_category` as `category` on `blog_article`.`category_id` = `category`.`id` where `blog_article`.`category_id` = '3' and `blog_article`.`is_delete` = '0' | GET: /api/admin/article?category_id=3&page=1&limit=20  
[2023-09-19 01:45:04] local.DEBUG: [blog_self] [1.52ms] select `blog_article`.`id`, `category`.`name` as `category_name`, `category`.`icon`, `blog_article`.`title`, `blog_article`.`description`, `blog_article`.`access_num`, date_format(from_unixtime(create_time),'%Y-%m-%d %H:%i:%s') as create_time from `blog_article` left join `blog_category` as `category` on `blog_article`.`category_id` = `category`.`id` where `blog_article`.`category_id` = '3' and `blog_article`.`is_delete` = '0' limit 20 offset 0 | GET: /api/admin/article?category_id=3&page=1&limit=20  
[2023-09-19 01:45:04] local.DEBUG: [blog_self] [2.47ms] select * from `blog_category` limit 21 offset 0 | GET: /api/admin/article/category  
[2023-09-19 01:45:04] local.DEBUG: [blog_self] [2.09ms] select * from `blog_category` limit 21 offset 0 | GET: /api/admin/article/category  
[2023-09-19 01:45:06] local.DEBUG: [blog_self] [4.77ms] select count(*) as aggregate from `blog_article` left join `blog_category` as `category` on `blog_article`.`category_id` = `category`.`id` where `blog_article`.`category_id` = '1' and `blog_article`.`is_delete` = '0' | GET: /api/admin/article?category_id=1&page=1&limit=20  
[2023-09-19 01:45:06] local.DEBUG: [blog_self] [520μs] select `blog_article`.`id`, `category`.`name` as `category_name`, `category`.`icon`, `blog_article`.`title`, `blog_article`.`description`, `blog_article`.`access_num`, date_format(from_unixtime(create_time),'%Y-%m-%d %H:%i:%s') as create_time from `blog_article` left join `blog_category` as `category` on `blog_article`.`category_id` = `category`.`id` where `blog_article`.`category_id` = '1' and `blog_article`.`is_delete` = '0' limit 20 offset 0 | GET: /api/admin/article?category_id=1&page=1&limit=20  
[2023-09-19 01:45:07] local.DEBUG: [blog_self] [4.81ms] select `category`.`name` as `category_name`, `category`.`id` as `category_id`, `category`.`icon`, `blog_article`.`title`, `blog_article`.`description`, `blog_article`.`content`, `blog_article`.`access_num`, date_format(from_unixtime(create_time),'%Y-%m-%d %H:%i:%s') as create_time from `blog_article` left join `blog_category` as `category` on `blog_article`.`category_id` = `category`.`id` where `blog_article`.`id` = '1' limit 1 | GET: /api/admin/article/info?id=1  
[2023-09-19 01:45:07] local.DEBUG: [blog_self] [2.18ms] select * from `blog_category` limit 21 offset 0 | GET: /api/admin/article/category  
[2023-09-19 01:45:07] local.DEBUG: [blog_self] [2.34ms] select * from `blog_category` limit 21 offset 0 | GET: /api/admin/article/category  
[2023-09-19 01:45:13] local.DEBUG: [blog_self] [3.43ms] select count(*) as aggregate from `blog_article` left join `blog_category` as `category` on `blog_article`.`category_id` = `category`.`id` where `blog_article`.`category_id` = '2' and `blog_article`.`is_delete` = '0' | GET: /api/admin/article?category_id=2&page=1&limit=20  
[2023-09-19 01:45:13] local.DEBUG: [blog_self] [750μs] select `blog_article`.`id`, `category`.`name` as `category_name`, `category`.`icon`, `blog_article`.`title`, `blog_article`.`description`, `blog_article`.`access_num`, date_format(from_unixtime(create_time),'%Y-%m-%d %H:%i:%s') as create_time from `blog_article` left join `blog_category` as `category` on `blog_article`.`category_id` = `category`.`id` where `blog_article`.`category_id` = '2' and `blog_article`.`is_delete` = '0' limit 20 offset 0 | GET: /api/admin/article?category_id=2&page=1&limit=20  
[2023-09-19 01:45:13] local.DEBUG: [blog_self] [4.76ms] select * from `blog_category` limit 21 offset 0 | GET: /api/admin/article/category  
[2023-09-19 01:45:13] local.DEBUG: [blog_self] [6.13ms] select * from `blog_category` limit 21 offset 0 | GET: /api/admin/article/category  
[2023-09-19 01:45:14] local.DEBUG: [blog_self] [2.46ms] select `category`.`name` as `category_name`, `category`.`id` as `category_id`, `category`.`icon`, `blog_article`.`title`, `blog_article`.`description`, `blog_article`.`content`, `blog_article`.`access_num`, date_format(from_unixtime(create_time),'%Y-%m-%d %H:%i:%s') as create_time from `blog_article` left join `blog_category` as `category` on `blog_article`.`category_id` = `category`.`id` where `blog_article`.`id` = '9' limit 1 | GET: /api/admin/article/info?id=9  
[2023-09-19 01:45:15] local.DEBUG: [blog_self] [2.53ms] select * from `blog_category` limit 21 offset 0 | GET: /api/admin/article/category  
[2023-09-19 01:45:15] local.DEBUG: [blog_self] [2.32ms] select * from `blog_category` limit 21 offset 0 | GET: /api/admin/article/category  
[2023-09-19 01:45:18] local.DEBUG: [blog_self] [6.13ms] select count(*) as aggregate from `blog_article` left join `blog_category` as `category` on `blog_article`.`category_id` = `category`.`id` where `blog_article`.`category_id` = '2' and `blog_article`.`is_delete` = '0' | GET: /api/admin/article?category_id=2&page=1&limit=20  
[2023-09-19 01:45:18] local.DEBUG: [blog_self] [710μs] select `blog_article`.`id`, `category`.`name` as `category_name`, `category`.`icon`, `blog_article`.`title`, `blog_article`.`description`, `blog_article`.`access_num`, date_format(from_unixtime(create_time),'%Y-%m-%d %H:%i:%s') as create_time from `blog_article` left join `blog_category` as `category` on `blog_article`.`category_id` = `category`.`id` where `blog_article`.`category_id` = '2' and `blog_article`.`is_delete` = '0' limit 20 offset 0 | GET: /api/admin/article?category_id=2&page=1&limit=20  
[2023-09-19 01:45:18] local.DEBUG: [blog_self] [12.15ms] select * from `blog_category` limit 21 offset 0 | GET: /api/admin/article/category  
[2023-09-19 01:45:18] local.DEBUG: [blog_self] [2.53ms] select * from `blog_category` limit 21 offset 0 | GET: /api/admin/article/category  
[2023-09-19 01:45:19] local.DEBUG: [blog_self] [3.78ms] select count(*) as aggregate from `blog_article` left join `blog_category` as `category` on `blog_article`.`category_id` = `category`.`id` where `blog_article`.`category_id` = '1' and `blog_article`.`is_delete` = '0' | GET: /api/admin/article?category_id=1&page=1&limit=20  
[2023-09-19 01:45:19] local.DEBUG: [blog_self] [1.22ms] select `blog_article`.`id`, `category`.`name` as `category_name`, `category`.`icon`, `blog_article`.`title`, `blog_article`.`description`, `blog_article`.`access_num`, date_format(from_unixtime(create_time),'%Y-%m-%d %H:%i:%s') as create_time from `blog_article` left join `blog_category` as `category` on `blog_article`.`category_id` = `category`.`id` where `blog_article`.`category_id` = '1' and `blog_article`.`is_delete` = '0' limit 20 offset 0 | GET: /api/admin/article?category_id=1&page=1&limit=20  
[2023-09-19 01:45:20] local.DEBUG: [blog_self] [4.39ms] select `category`.`name` as `category_name`, `category`.`id` as `category_id`, `category`.`icon`, `blog_article`.`title`, `blog_article`.`description`, `blog_article`.`content`, `blog_article`.`access_num`, date_format(from_unixtime(create_time),'%Y-%m-%d %H:%i:%s') as create_time from `blog_article` left join `blog_category` as `category` on `blog_article`.`category_id` = `category`.`id` where `blog_article`.`id` = '1' limit 1 | GET: /api/admin/article/info?id=1  
[2023-09-19 01:45:20] local.DEBUG: [blog_self] [2.6ms] select * from `blog_category` limit 21 offset 0 | GET: /api/admin/article/category  
[2023-09-19 01:45:20] local.DEBUG: [blog_self] [2.05ms] select * from `blog_category` limit 21 offset 0 | GET: /api/admin/article/category  
[2023-09-19 01:45:22] local.DEBUG: [blog_self] [3.55ms] select count(*) as aggregate from `blog_article` left join `blog_category` as `category` on `blog_article`.`category_id` = `category`.`id` where `blog_article`.`category_id` = '1' and `blog_article`.`is_delete` = '0' | GET: /api/admin/article?category_id=1&page=1&limit=20  
[2023-09-19 01:45:22] local.DEBUG: [blog_self] [1.54ms] select `blog_article`.`id`, `category`.`name` as `category_name`, `category`.`icon`, `blog_article`.`title`, `blog_article`.`description`, `blog_article`.`access_num`, date_format(from_unixtime(create_time),'%Y-%m-%d %H:%i:%s') as create_time from `blog_article` left join `blog_category` as `category` on `blog_article`.`category_id` = `category`.`id` where `blog_article`.`category_id` = '1' and `blog_article`.`is_delete` = '0' limit 20 offset 0 | GET: /api/admin/article?category_id=1&page=1&limit=20  
[2023-09-19 01:45:22] local.DEBUG: [blog_self] [2.43ms] select * from `blog_category` limit 21 offset 0 | GET: /api/admin/article/category  
[2023-09-19 01:45:22] local.DEBUG: [blog_self] [2.43ms] select * from `blog_category` limit 21 offset 0 | GET: /api/admin/article/category  
[2023-09-19 01:45:28] local.DEBUG: [blog_self] [3.84ms] select count(*) as aggregate from `blog_article` left join `blog_category` as `category` on `blog_article`.`category_id` = `category`.`id` where `blog_article`.`category_id` = '3' and `blog_article`.`is_delete` = '0' | GET: /api/admin/article?category_id=3&page=1&limit=20  
[2023-09-19 01:45:28] local.DEBUG: [blog_self] [520μs] select `blog_article`.`id`, `category`.`name` as `category_name`, `category`.`icon`, `blog_article`.`title`, `blog_article`.`description`, `blog_article`.`access_num`, date_format(from_unixtime(create_time),'%Y-%m-%d %H:%i:%s') as create_time from `blog_article` left join `blog_category` as `category` on `blog_article`.`category_id` = `category`.`id` where `blog_article`.`category_id` = '3' and `blog_article`.`is_delete` = '0' limit 20 offset 0 | GET: /api/admin/article?category_id=3&page=1&limit=20  
[2023-09-19 01:45:29] local.DEBUG: [blog_self] [2.41ms] select `category`.`name` as `category_name`, `category`.`id` as `category_id`, `category`.`icon`, `blog_article`.`title`, `blog_article`.`description`, `blog_article`.`content`, `blog_article`.`access_num`, date_format(from_unixtime(create_time),'%Y-%m-%d %H:%i:%s') as create_time from `blog_article` left join `blog_category` as `category` on `blog_article`.`category_id` = `category`.`id` where `blog_article`.`id` = '5' limit 1 | GET: /api/admin/article/info?id=5  
[2023-09-19 01:45:29] local.DEBUG: [blog_self] [2.65ms] select * from `blog_category` limit 21 offset 0 | GET: /api/admin/article/category  
[2023-09-19 01:45:29] local.DEBUG: [blog_self] [2.09ms] select * from `blog_category` limit 21 offset 0 | GET: /api/admin/article/category  
[2023-09-19 01:45:32] local.DEBUG: [blog_self] [4.19ms] select count(*) as aggregate from `blog_article` left join `blog_category` as `category` on `blog_article`.`category_id` = `category`.`id` where `blog_article`.`category_id` = '3' and `blog_article`.`is_delete` = '0' | GET: /api/admin/article?category_id=3&page=1&limit=20  
[2023-09-19 01:45:32] local.DEBUG: [blog_self] [970μs] select `blog_article`.`id`, `category`.`name` as `category_name`, `category`.`icon`, `blog_article`.`title`, `blog_article`.`description`, `blog_article`.`access_num`, date_format(from_unixtime(create_time),'%Y-%m-%d %H:%i:%s') as create_time from `blog_article` left join `blog_category` as `category` on `blog_article`.`category_id` = `category`.`id` where `blog_article`.`category_id` = '3' and `blog_article`.`is_delete` = '0' limit 20 offset 0 | GET: /api/admin/article?category_id=3&page=1&limit=20  
[2023-09-19 01:45:32] local.DEBUG: [blog_self] [1.94ms] select * from `blog_category` limit 21 offset 0 | GET: /api/admin/article/category  
[2023-09-19 01:45:32] local.DEBUG: [blog_self] [3.08ms] select * from `blog_category` limit 21 offset 0 | GET: /api/admin/article/category  
[2023-09-19 01:45:36] local.DEBUG: [blog_self] [4.49ms] select `category`.`name` as `category_name`, `category`.`id` as `category_id`, `category`.`icon`, `blog_article`.`title`, `blog_article`.`description`, `blog_article`.`content`, `blog_article`.`access_num`, date_format(from_unixtime(create_time),'%Y-%m-%d %H:%i:%s') as create_time from `blog_article` left join `blog_category` as `category` on `blog_article`.`category_id` = `category`.`id` where `blog_article`.`id` = '10' limit 1 | GET: /api/admin/article/info?id=10  
[2023-09-19 01:45:36] local.DEBUG: [blog_self] [2.29ms] select * from `blog_category` limit 21 offset 0 | GET: /api/admin/article/category  
[2023-09-19 01:45:36] local.DEBUG: [blog_self] [2.1ms] select * from `blog_category` limit 21 offset 0 | GET: /api/admin/article/category  
[2023-09-19 01:45:38] local.DEBUG: [blog_self] [3.9ms] select count(*) as aggregate from `blog_article` left join `blog_category` as `category` on `blog_article`.`category_id` = `category`.`id` where `blog_article`.`category_id` = '2' and `blog_article`.`is_delete` = '0' | GET: /api/admin/article?category_id=2&page=1&limit=20  
[2023-09-19 01:45:38] local.DEBUG: [blog_self] [740μs] select `blog_article`.`id`, `category`.`name` as `category_name`, `category`.`icon`, `blog_article`.`title`, `blog_article`.`description`, `blog_article`.`access_num`, date_format(from_unixtime(create_time),'%Y-%m-%d %H:%i:%s') as create_time from `blog_article` left join `blog_category` as `category` on `blog_article`.`category_id` = `category`.`id` where `blog_article`.`category_id` = '2' and `blog_article`.`is_delete` = '0' limit 20 offset 0 | GET: /api/admin/article?category_id=2&page=1&limit=20  
[2023-09-19 01:45:39] local.DEBUG: [blog_self] [3.14ms] select * from `blog_category` limit 21 offset 0 | GET: /api/admin/article/category  
[2023-09-19 01:45:39] local.DEBUG: [blog_self] [1.86ms] select * from `blog_category` limit 21 offset 0 | GET: /api/admin/article/category  
[2023-09-19 01:45:39] local.DEBUG: [blog_self] [1.8ms] select count(*) as aggregate from `blog_article` left join `blog_category` as `category` on `blog_article`.`category_id` = `category`.`id` where `blog_article`.`category_id` = '1' and `blog_article`.`is_delete` = '0' | GET: /api/admin/article?category_id=1&page=1&limit=20  
[2023-09-19 01:45:39] local.DEBUG: [blog_self] [790μs] select `blog_article`.`id`, `category`.`name` as `category_name`, `category`.`icon`, `blog_article`.`title`, `blog_article`.`description`, `blog_article`.`access_num`, date_format(from_unixtime(create_time),'%Y-%m-%d %H:%i:%s') as create_time from `blog_article` left join `blog_category` as `category` on `blog_article`.`category_id` = `category`.`id` where `blog_article`.`category_id` = '1' and `blog_article`.`is_delete` = '0' limit 20 offset 0 | GET: /api/admin/article?category_id=1&page=1&limit=20  
[2023-09-19 01:45:40] local.DEBUG: [blog_self] [4.63ms] select count(*) as aggregate from `blog_article` left join `blog_category` as `category` on `blog_article`.`category_id` = `category`.`id` where `blog_article`.`is_delete` = '0' | GET: /api/admin/article?page=1&limit=20  
[2023-09-19 01:45:40] local.DEBUG: [blog_self] [590μs] select `blog_article`.`id`, `category`.`name` as `category_name`, `category`.`icon`, `blog_article`.`title`, `blog_article`.`description`, `blog_article`.`access_num`, date_format(from_unixtime(create_time),'%Y-%m-%d %H:%i:%s') as create_time from `blog_article` left join `blog_category` as `category` on `blog_article`.`category_id` = `category`.`id` where `blog_article`.`is_delete` = '0' limit 20 offset 0 | GET: /api/admin/article?page=1&limit=20  
[2023-09-19 01:45:40] local.DEBUG: [blog_self] [2.69ms] select * from `blog_category` limit 21 offset 0 | GET: /api/admin/article/category  
[2023-09-19 01:45:40] local.DEBUG: [blog_self] [3.14ms] select * from `blog_category` limit 21 offset 0 | GET: /api/admin/article/category  
[2023-09-19 01:45:45] local.DEBUG: [blog_self] [2.77ms] select count(*) as aggregate from `blog_article` left join `blog_category` as `category` on `blog_article`.`category_id` = `category`.`id` where `blog_article`.`is_delete` = '0' | GET: /api/admin/article?page=1&limit=20  
[2023-09-19 01:45:45] local.DEBUG: [blog_self] [680μs] select `blog_article`.`id`, `category`.`name` as `category_name`, `category`.`icon`, `blog_article`.`title`, `blog_article`.`description`, `blog_article`.`access_num`, date_format(from_unixtime(create_time),'%Y-%m-%d %H:%i:%s') as create_time from `blog_article` left join `blog_category` as `category` on `blog_article`.`category_id` = `category`.`id` where `blog_article`.`is_delete` = '0' limit 20 offset 0 | GET: /api/admin/article?page=1&limit=20  
[2023-09-19 01:45:47] local.DEBUG: [blog_self] [5ms] select * from `blog_category` limit 21 offset 0 | GET: /api/admin/article/category  
[2023-09-19 01:45:47] local.DEBUG: [blog_self] [3.96ms] select * from `blog_category` limit 21 offset 0 | GET: /api/admin/article/category  
[2023-09-19 01:45:54] local.DEBUG: [blog_self] [3.62ms] select `category`.`name` as `category_name`, `category`.`id` as `category_id`, `category`.`icon`, `blog_article`.`title`, `blog_article`.`description`, `blog_article`.`content`, `blog_article`.`access_num`, date_format(from_unixtime(create_time),'%Y-%m-%d %H:%i:%s') as create_time from `blog_article` left join `blog_category` as `category` on `blog_article`.`category_id` = `category`.`id` where `blog_article`.`id` = '2' limit 1 | GET: /api/admin/article/info?id=2  
[2023-09-19 01:45:55] local.DEBUG: [blog_self] [2.79ms] select * from `blog_category` limit 21 offset 0 | GET: /api/admin/article/category  
[2023-09-19 01:45:55] local.DEBUG: [blog_self] [13.55ms] select * from `blog_category` limit 21 offset 0 | GET: /api/admin/article/category  
[2023-09-19 01:45:58] local.DEBUG: [blog_self] [3.91ms] select count(*) as aggregate from `blog_article` left join `blog_category` as `category` on `blog_article`.`category_id` = `category`.`id` where `blog_article`.`is_delete` = '0' | GET: /api/admin/article?page=1&limit=20  
[2023-09-19 01:45:58] local.DEBUG: [blog_self] [710μs] select `blog_article`.`id`, `category`.`name` as `category_name`, `category`.`icon`, `blog_article`.`title`, `blog_article`.`description`, `blog_article`.`access_num`, date_format(from_unixtime(create_time),'%Y-%m-%d %H:%i:%s') as create_time from `blog_article` left join `blog_category` as `category` on `blog_article`.`category_id` = `category`.`id` where `blog_article`.`is_delete` = '0' limit 20 offset 0 | GET: /api/admin/article?page=1&limit=20  
[2023-09-19 01:45:58] local.DEBUG: [blog_self] [5.13ms] select * from `blog_category` limit 21 offset 0 | GET: /api/admin/article/category  
[2023-09-19 01:45:58] local.DEBUG: [blog_self] [2.82ms] select * from `blog_category` limit 21 offset 0 | GET: /api/admin/article/category  
[2023-09-19 01:46:00] local.DEBUG: [blog_self] [3.91ms] select `category`.`name` as `category_name`, `category`.`id` as `category_id`, `category`.`icon`, `blog_article`.`title`, `blog_article`.`description`, `blog_article`.`content`, `blog_article`.`access_num`, date_format(from_unixtime(create_time),'%Y-%m-%d %H:%i:%s') as create_time from `blog_article` left join `blog_category` as `category` on `blog_article`.`category_id` = `category`.`id` where `blog_article`.`id` = '9' limit 1 | GET: /api/admin/article/info?id=9  
[2023-09-19 01:46:00] local.DEBUG: [blog_self] [3.06ms] select * from `blog_category` limit 21 offset 0 | GET: /api/admin/article/category  
[2023-09-19 01:46:00] local.DEBUG: [blog_self] [1.56ms] select * from `blog_category` limit 21 offset 0 | GET: /api/admin/article/category  
[2023-09-19 01:46:06] local.DEBUG: [blog_self] [3.1ms] select count(*) as aggregate from `blog_article` left join `blog_category` as `category` on `blog_article`.`category_id` = `category`.`id` where `blog_article`.`is_delete` = '0' | GET: /api/admin/article?page=1&limit=20  
[2023-09-19 01:46:06] local.DEBUG: [blog_self] [450μs] select `blog_article`.`id`, `category`.`name` as `category_name`, `category`.`icon`, `blog_article`.`title`, `blog_article`.`description`, `blog_article`.`access_num`, date_format(from_unixtime(create_time),'%Y-%m-%d %H:%i:%s') as create_time from `blog_article` left join `blog_category` as `category` on `blog_article`.`category_id` = `category`.`id` where `blog_article`.`is_delete` = '0' limit 20 offset 0 | GET: /api/admin/article?page=1&limit=20  
[2023-09-19 01:46:06] local.DEBUG: [blog_self] [2.75ms] select * from `blog_category` limit 21 offset 0 | GET: /api/admin/article/category  
[2023-09-19 01:46:06] local.DEBUG: [blog_self] [1.8ms] select * from `blog_category` limit 21 offset 0 | GET: /api/admin/article/category  
[2023-09-19 01:46:13] local.DEBUG: [blog_self] [5ms] select `category`.`name` as `category_name`, `category`.`id` as `category_id`, `category`.`icon`, `blog_article`.`title`, `blog_article`.`description`, `blog_article`.`content`, `blog_article`.`access_num`, date_format(from_unixtime(create_time),'%Y-%m-%d %H:%i:%s') as create_time from `blog_article` left join `blog_category` as `category` on `blog_article`.`category_id` = `category`.`id` where `blog_article`.`id` = '3' limit 1 | GET: /api/admin/article/info?id=3  
[2023-09-19 01:46:14] local.DEBUG: [blog_self] [4.44ms] select * from `blog_category` limit 21 offset 0 | GET: /api/admin/article/category  
[2023-09-19 01:46:14] local.DEBUG: [blog_self] [2.06ms] select * from `blog_category` limit 21 offset 0 | GET: /api/admin/article/category  
[2023-09-19 01:50:27] local.DEBUG: [blog_self] [5.48ms] select `category`.`name` as `category_name`, `category`.`id` as `category_id`, `category`.`icon`, `blog_article`.`title`, `blog_article`.`description`, `blog_article`.`content`, `blog_article`.`access_num`, date_format(from_unixtime(create_time),'%Y-%m-%d %H:%i:%s') as create_time from `blog_article` left join `blog_category` as `category` on `blog_article`.`category_id` = `category`.`id` where `blog_article`.`id` = '3' limit 1 | GET: /api/admin/article/info?id=3  
[2023-09-19 01:50:30] local.DEBUG: [blog_self] [18.3ms] select * from `blog_category` limit 21 offset 0 | GET: /api/admin/article/category  
[2023-09-19 01:50:30] local.DEBUG: [blog_self] [2.8ms] select * from `blog_category` limit 21 offset 0 | GET: /api/admin/article/category  
[2023-09-19 01:51:09] local.DEBUG: [blog_self] [4.18ms] select `category`.`name` as `category_name`, `category`.`id` as `category_id`, `category`.`icon`, `blog_article`.`title`, `blog_article`.`description`, `blog_article`.`content`, `blog_article`.`access_num`, date_format(from_unixtime(create_time),'%Y-%m-%d %H:%i:%s') as create_time from `blog_article` left join `blog_category` as `category` on `blog_article`.`category_id` = `category`.`id` where `blog_article`.`id` = '3' limit 1 | GET: /api/admin/article/info?id=3  
[2023-09-19 01:51:11] local.DEBUG: [blog_self] [2.44ms] select * from `blog_category` limit 21 offset 0 | GET: /api/admin/article/category  
[2023-09-19 01:51:11] local.DEBUG: [blog_self] [7.33ms] select * from `blog_category` limit 21 offset 0 | GET: /api/admin/article/category  
[2023-09-19 01:56:00] local.DEBUG: [blog_self] [7.55ms] select count(*) as aggregate from `blog_article` left join `blog_category` as `category` on `blog_article`.`category_id` = `category`.`id` where `blog_article`.`is_delete` = '0' | GET: /api/admin/article?page=1&limit=20  
[2023-09-19 01:56:00] local.DEBUG: [blog_self] [530μs] select `blog_article`.`id`, `category`.`name` as `category_name`, `category`.`icon`, `blog_article`.`title`, `blog_article`.`description`, `blog_article`.`access_num`, date_format(from_unixtime(create_time),'%Y-%m-%d %H:%i:%s') as create_time from `blog_article` left join `blog_category` as `category` on `blog_article`.`category_id` = `category`.`id` where `blog_article`.`is_delete` = '0' limit 20 offset 0 | GET: /api/admin/article?page=1&limit=20  
[2023-09-19 01:56:00] local.DEBUG: [blog_self] [3.3ms] select * from `blog_category` limit 21 offset 0 | GET: /api/admin/article/category  
[2023-09-19 01:56:00] local.DEBUG: [blog_self] [15.31ms] select * from `blog_category` limit 21 offset 0 | GET: /api/admin/article/category  
[2023-09-19 01:56:04] local.DEBUG: [blog_self] [2.56ms] select count(*) as aggregate from `blog_article` left join `blog_category` as `category` on `blog_article`.`category_id` = `category`.`id` where `blog_article`.`category_id` = '1' and `blog_article`.`is_delete` = '0' | GET: /api/admin/article?category_id=1&page=1&limit=20  
[2023-09-19 01:56:04] local.DEBUG: [blog_self] [1.02ms] select `blog_article`.`id`, `category`.`name` as `category_name`, `category`.`icon`, `blog_article`.`title`, `blog_article`.`description`, `blog_article`.`access_num`, date_format(from_unixtime(create_time),'%Y-%m-%d %H:%i:%s') as create_time from `blog_article` left join `blog_category` as `category` on `blog_article`.`category_id` = `category`.`id` where `blog_article`.`category_id` = '1' and `blog_article`.`is_delete` = '0' limit 20 offset 0 | GET: /api/admin/article?category_id=1&page=1&limit=20  
[2023-09-19 01:56:04] local.DEBUG: [blog_self] [2.86ms] select * from `blog_category` limit 21 offset 0 | GET: /api/admin/article/category  
[2023-09-19 01:56:04] local.DEBUG: [blog_self] [2.12ms] select * from `blog_category` limit 21 offset 0 | GET: /api/admin/article/category  
[2023-09-19 01:56:05] local.DEBUG: [blog_self] [3.61ms] select `category`.`name` as `category_name`, `category`.`id` as `category_id`, `category`.`icon`, `blog_article`.`title`, `blog_article`.`description`, `blog_article`.`content`, `blog_article`.`access_num`, date_format(from_unixtime(create_time),'%Y-%m-%d %H:%i:%s') as create_time from `blog_article` left join `blog_category` as `category` on `blog_article`.`category_id` = `category`.`id` where `blog_article`.`id` = '1' limit 1 | GET: /api/admin/article/info?id=1  
[2023-09-19 01:56:05] local.DEBUG: [blog_self] [3.47ms] select * from `blog_category` limit 21 offset 0 | GET: /api/admin/article/category  
[2023-09-19 01:56:05] local.DEBUG: [blog_self] [3.18ms] select * from `blog_category` limit 21 offset 0 | GET: /api/admin/article/category  
[2023-09-19 01:56:06] local.DEBUG: [blog_self] [4.12ms] select count(*) as aggregate from `blog_article` left join `blog_category` as `category` on `blog_article`.`category_id` = `category`.`id` where `blog_article`.`is_delete` = '0' | GET: /api/admin/article?page=1&limit=20  
[2023-09-19 01:56:06] local.DEBUG: [blog_self] [720μs] select `blog_article`.`id`, `category`.`name` as `category_name`, `category`.`icon`, `blog_article`.`title`, `blog_article`.`description`, `blog_article`.`access_num`, date_format(from_unixtime(create_time),'%Y-%m-%d %H:%i:%s') as create_time from `blog_article` left join `blog_category` as `category` on `blog_article`.`category_id` = `category`.`id` where `blog_article`.`is_delete` = '0' limit 20 offset 0 | GET: /api/admin/article?page=1&limit=20  
[2023-09-19 01:56:06] local.DEBUG: [blog_self] [14.16ms] select * from `blog_category` limit 21 offset 0 | GET: /api/admin/article/category  
[2023-09-19 01:56:06] local.DEBUG: [blog_self] [4.02ms] select * from `blog_category` limit 21 offset 0 | GET: /api/admin/article/category  
[2023-09-19 01:56:12] local.DEBUG: [blog_self] [4.58ms] select `category`.`name` as `category_name`, `category`.`id` as `category_id`, `category`.`icon`, `blog_article`.`title`, `blog_article`.`description`, `blog_article`.`content`, `blog_article`.`access_num`, date_format(from_unixtime(create_time),'%Y-%m-%d %H:%i:%s') as create_time from `blog_article` left join `blog_category` as `category` on `blog_article`.`category_id` = `category`.`id` where `blog_article`.`id` = '2' limit 1 | GET: /api/admin/article/info?id=2  
[2023-09-19 01:56:12] local.DEBUG: [blog_self] [2.51ms] select * from `blog_category` limit 21 offset 0 | GET: /api/admin/article/category  
[2023-09-19 01:56:12] local.DEBUG: [blog_self] [2.03ms] select * from `blog_category` limit 21 offset 0 | GET: /api/admin/article/category  
[2023-09-19 01:56:29] local.DEBUG: [blog_self] [3.53ms] select `category`.`name` as `category_name`, `category`.`id` as `category_id`, `category`.`icon`, `blog_article`.`title`, `blog_article`.`description`, `blog_article`.`content`, `blog_article`.`access_num`, date_format(from_unixtime(create_time),'%Y-%m-%d %H:%i:%s') as create_time from `blog_article` left join `blog_category` as `category` on `blog_article`.`category_id` = `category`.`id` where `blog_article`.`id` = '2' limit 1 | GET: /api/admin/article/info?id=2  
[2023-09-19 01:56:31] local.DEBUG: [blog_self] [3.77ms] select * from `blog_category` limit 21 offset 0 | GET: /api/admin/article/category  
[2023-09-19 01:56:31] local.DEBUG: [blog_self] [2.88ms] select * from `blog_category` limit 21 offset 0 | GET: /api/admin/article/category  
[2023-09-19 01:57:01] local.DEBUG: [blog_self] [3.92ms] select count(*) as aggregate from `blog_article` left join `blog_category` as `category` on `blog_article`.`category_id` = `category`.`id` where `blog_article`.`is_delete` = '0' | GET: /api/admin/article?page=1&limit=20  
[2023-09-19 01:57:01] local.DEBUG: [blog_self] [540μs] select `blog_article`.`id`, `category`.`name` as `category_name`, `category`.`icon`, `blog_article`.`title`, `blog_article`.`description`, `blog_article`.`access_num`, date_format(from_unixtime(create_time),'%Y-%m-%d %H:%i:%s') as create_time from `blog_article` left join `blog_category` as `category` on `blog_article`.`category_id` = `category`.`id` where `blog_article`.`is_delete` = '0' limit 20 offset 0 | GET: /api/admin/article?page=1&limit=20  
[2023-09-19 01:57:01] local.DEBUG: [blog_self] [2.31ms] select * from `blog_category` limit 21 offset 0 | GET: /api/admin/article/category  
[2023-09-19 01:57:01] local.DEBUG: [blog_self] [2.42ms] select * from `blog_category` limit 21 offset 0 | GET: /api/admin/article/category  
[2023-09-19 02:00:57] local.DEBUG: [blog_self] [5.07ms] select count(*) as aggregate from `blog_article` left join `blog_category` as `category` on `blog_article`.`category_id` = `category`.`id` where `blog_article`.`is_delete` = '0' | GET: /api/admin/article?page=1&limit=20  
[2023-09-19 02:00:57] local.DEBUG: [blog_self] [610μs] select `blog_article`.`id`, `category`.`name` as `category_name`, `category`.`icon`, `blog_article`.`title`, `blog_article`.`description`, `blog_article`.`access_num`, date_format(from_unixtime(create_time),'%Y-%m-%d %H:%i:%s') as create_time from `blog_article` left join `blog_category` as `category` on `blog_article`.`category_id` = `category`.`id` where `blog_article`.`is_delete` = '0' limit 20 offset 0 | GET: /api/admin/article?page=1&limit=20  
[2023-09-19 02:00:59] local.DEBUG: [blog_self] [4.68ms] select * from `blog_category` limit 21 offset 0 | GET: /api/admin/article/category  
[2023-09-19 02:00:59] local.DEBUG: [blog_self] [2.66ms] select * from `blog_category` limit 21 offset 0 | GET: /api/admin/article/category  
[2023-09-19 02:01:00] local.DEBUG: [blog_self] [3.7ms] select `category`.`name` as `category_name`, `category`.`id` as `category_id`, `category`.`icon`, `blog_article`.`title`, `blog_article`.`description`, `blog_article`.`content`, `blog_article`.`access_num`, date_format(from_unixtime(create_time),'%Y-%m-%d %H:%i:%s') as create_time from `blog_article` left join `blog_category` as `category` on `blog_article`.`category_id` = `category`.`id` where `blog_article`.`id` = '9' limit 1 | GET: /api/admin/article/info?id=9  
[2023-09-19 02:01:01] local.DEBUG: [blog_self] [3.26ms] select * from `blog_category` limit 21 offset 0 | GET: /api/admin/article/category  
[2023-09-19 02:01:01] local.DEBUG: [blog_self] [2.57ms] select * from `blog_category` limit 21 offset 0 | GET: /api/admin/article/category  
[2023-09-19 02:01:06] local.DEBUG: [blog_self] [4.51ms] select count(*) as aggregate from `blog_article` left join `blog_category` as `category` on `blog_article`.`category_id` = `category`.`id` where `blog_article`.`is_delete` = '0' | GET: /api/admin/article?page=1&limit=20  
[2023-09-19 02:01:06] local.DEBUG: [blog_self] [560μs] select `blog_article`.`id`, `category`.`name` as `category_name`, `category`.`icon`, `blog_article`.`title`, `blog_article`.`description`, `blog_article`.`access_num`, date_format(from_unixtime(create_time),'%Y-%m-%d %H:%i:%s') as create_time from `blog_article` left join `blog_category` as `category` on `blog_article`.`category_id` = `category`.`id` where `blog_article`.`is_delete` = '0' limit 20 offset 0 | GET: /api/admin/article?page=1&limit=20  
[2023-09-19 02:01:06] local.DEBUG: [blog_self] [1.96ms] select * from `blog_category` limit 21 offset 0 | GET: /api/admin/article/category  
[2023-09-19 02:01:06] local.DEBUG: [blog_self] [2.37ms] select * from `blog_category` limit 21 offset 0 | GET: /api/admin/article/category  
[2023-09-19 02:01:11] local.DEBUG: [blog_self] [4.85ms] select `category`.`name` as `category_name`, `category`.`id` as `category_id`, `category`.`icon`, `blog_article`.`title`, `blog_article`.`description`, `blog_article`.`content`, `blog_article`.`access_num`, date_format(from_unixtime(create_time),'%Y-%m-%d %H:%i:%s') as create_time from `blog_article` left join `blog_category` as `category` on `blog_article`.`category_id` = `category`.`id` where `blog_article`.`id` = '3' limit 1 | GET: /api/admin/article/info?id=3  
[2023-09-19 02:01:11] local.DEBUG: [blog_self] [1.82ms] select * from `blog_category` limit 21 offset 0 | GET: /api/admin/article/category  
[2023-09-19 02:01:11] local.DEBUG: [blog_self] [2.27ms] select * from `blog_category` limit 21 offset 0 | GET: /api/admin/article/category  
[2023-09-19 02:02:42] local.DEBUG: [blog_self] [4.25ms] select count(*) as aggregate from `blog_article` left join `blog_category` as `category` on `blog_article`.`category_id` = `category`.`id` where `blog_article`.`is_delete` = '0' | GET: /api/admin/article?page=1&limit=20  
[2023-09-19 02:02:42] local.DEBUG: [blog_self] [890μs] select `blog_article`.`id`, `category`.`name` as `category_name`, `category`.`icon`, `blog_article`.`title`, `blog_article`.`description`, `blog_article`.`access_num`, date_format(from_unixtime(create_time),'%Y-%m-%d %H:%i:%s') as create_time from `blog_article` left join `blog_category` as `category` on `blog_article`.`category_id` = `category`.`id` where `blog_article`.`is_delete` = '0' limit 20 offset 0 | GET: /api/admin/article?page=1&limit=20  
[2023-09-19 02:02:42] local.DEBUG: [blog_self] [24.75ms] select * from `blog_category` limit 21 offset 0 | GET: /api/admin/article/category  
[2023-09-19 02:02:43] local.DEBUG: [blog_self] [4.39ms] select * from `blog_category` limit 21 offset 0 | GET: /api/admin/article/category  
[2023-09-19 02:03:07] local.DEBUG: [blog_self] [7ms] select `category`.`name` as `category_name`, `category`.`id` as `category_id`, `category`.`icon`, `blog_article`.`title`, `blog_article`.`description`, `blog_article`.`content`, `blog_article`.`access_num`, date_format(from_unixtime(create_time),'%Y-%m-%d %H:%i:%s') as create_time from `blog_article` left join `blog_category` as `category` on `blog_article`.`category_id` = `category`.`id` where `blog_article`.`id` = '9' limit 1 | GET: /api/admin/article/info?id=9  
[2023-09-19 02:03:07] local.DEBUG: [blog_self] [2.81ms] select * from `blog_category` limit 21 offset 0 | GET: /api/admin/article/category  
[2023-09-19 02:03:07] local.DEBUG: [blog_self] [2.15ms] select * from `blog_category` limit 21 offset 0 | GET: /api/admin/article/category  
[2023-09-19 02:03:09] local.DEBUG: [blog_self] [4.13ms] select count(*) as aggregate from `blog_article` left join `blog_category` as `category` on `blog_article`.`category_id` = `category`.`id` where `blog_article`.`is_delete` = '0' | GET: /api/admin/article?page=1&limit=20  
[2023-09-19 02:03:09] local.DEBUG: [blog_self] [690μs] select `blog_article`.`id`, `category`.`name` as `category_name`, `category`.`icon`, `blog_article`.`title`, `blog_article`.`description`, `blog_article`.`access_num`, date_format(from_unixtime(create_time),'%Y-%m-%d %H:%i:%s') as create_time from `blog_article` left join `blog_category` as `category` on `blog_article`.`category_id` = `category`.`id` where `blog_article`.`is_delete` = '0' limit 20 offset 0 | GET: /api/admin/article?page=1&limit=20  
[2023-09-19 02:03:11] local.DEBUG: [blog_self] [2.75ms] select * from `blog_category` limit 21 offset 0 | GET: /api/admin/article/category  
[2023-09-19 02:03:11] local.DEBUG: [blog_self] [2.94ms] select * from `blog_category` limit 21 offset 0 | GET: /api/admin/article/category  
[2023-09-19 02:03:38] local.DEBUG: [blog_self] [4.5ms] select `category`.`name` as `category_name`, `category`.`id` as `category_id`, `category`.`icon`, `blog_article`.`title`, `blog_article`.`description`, `blog_article`.`content`, `blog_article`.`access_num`, date_format(from_unixtime(create_time),'%Y-%m-%d %H:%i:%s') as create_time from `blog_article` left join `blog_category` as `category` on `blog_article`.`category_id` = `category`.`id` where `blog_article`.`id` = '2' limit 1 | GET: /api/admin/article/info?id=2  
[2023-09-19 02:03:39] local.DEBUG: [blog_self] [2.76ms] select * from `blog_category` limit 21 offset 0 | GET: /api/admin/article/category  
[2023-09-19 02:03:39] local.DEBUG: [blog_self] [2.65ms] select * from `blog_category` limit 21 offset 0 | GET: /api/admin/article/category  
