[2023-09-21 14:30:52] local.DEBUG: [blog_self] [92.71ms] select `category`.`name` as `category_name`, `category`.`id` as `category_id`, `category`.`icon`, `blog_article`.`title`, `blog_article`.`description`, `blog_article`.`content`, `blog_article`.`access_num`, date_format(from_unixtime(create_time),'%Y-%m-%d %H:%i:%s') as create_time from `blog_article` left join `blog_category` as `category` on `blog_article`.`category_id` = `category`.`id` where `blog_article`.`id` = '3' limit 1 | GET: /api/admin/article/info?id=3  
[2023-09-21 14:31:21] local.DEBUG: [blog_self] [20.47ms] select * from `blog_category` limit 21 offset 0 | GET: /api/admin/article/category  
[2023-09-21 14:31:21] local.DEBUG: [blog_self] [7.46ms] select * from `blog_category` limit 21 offset 0 | GET: /api/admin/article/category  
[2023-09-21 14:32:15] local.DEBUG: [blog_self] [10.48ms] select count(*) as aggregate from `blog_article` left join `blog_category` as `category` on `blog_article`.`category_id` = `category`.`id` where `blog_article`.`is_delete` = '0' | GET: /api/admin/article?page=1&limit=20  
[2023-09-21 14:32:15] local.DEBUG: [blog_self] [1.75ms] select `blog_article`.`id`, `category`.`name` as `category_name`, `category`.`icon`, `blog_article`.`title`, `blog_article`.`description`, `blog_article`.`access_num`, date_format(from_unixtime(create_time),'%Y-%m-%d %H:%i:%s') as create_time from `blog_article` left join `blog_category` as `category` on `blog_article`.`category_id` = `category`.`id` where `blog_article`.`is_delete` = '0' limit 20 offset 0 | GET: /api/admin/article?page=1&limit=20  
[2023-09-21 14:32:16] local.DEBUG: [blog_self] [57.29ms] select * from `blog_category` limit 21 offset 0 | GET: /api/admin/article/category  
[2023-09-21 14:32:16] local.DEBUG: [blog_self] [7.91ms] select * from `blog_category` limit 21 offset 0 | GET: /api/admin/article/category  
[2023-09-21 14:32:58] local.DEBUG: [blog_self] [5.95ms] select count(*) as aggregate from `blog_article` left join `blog_category` as `category` on `blog_article`.`category_id` = `category`.`id` where `blog_article`.`category_id` = '1' and `blog_article`.`is_delete` = '0' | GET: /api/admin/article?category_id=1&page=1&limit=20  
[2023-09-21 14:32:58] local.DEBUG: [blog_self] [950μs] select `blog_article`.`id`, `category`.`name` as `category_name`, `category`.`icon`, `blog_article`.`title`, `blog_article`.`description`, `blog_article`.`access_num`, date_format(from_unixtime(create_time),'%Y-%m-%d %H:%i:%s') as create_time from `blog_article` left join `blog_category` as `category` on `blog_article`.`category_id` = `category`.`id` where `blog_article`.`category_id` = '1' and `blog_article`.`is_delete` = '0' limit 20 offset 0 | GET: /api/admin/article?category_id=1&page=1&limit=20  
[2023-09-21 14:32:59] local.DEBUG: [blog_self] [20.84ms] select * from `blog_category` limit 21 offset 0 | GET: /api/admin/article/category  
[2023-09-21 14:32:59] local.DEBUG: [blog_self] [3.04ms] select * from `blog_category` limit 21 offset 0 | GET: /api/admin/article/category  
[2023-09-21 14:33:00] local.DEBUG: [blog_self] [6.91ms] select count(*) as aggregate from `blog_article` left join `blog_category` as `category` on `blog_article`.`category_id` = `category`.`id` where `blog_article`.`category_id` = '2' and `blog_article`.`is_delete` = '0' | GET: /api/admin/article?category_id=2&page=1&limit=20  
[2023-09-21 14:33:00] local.DEBUG: [blog_self] [1.06ms] select `blog_article`.`id`, `category`.`name` as `category_name`, `category`.`icon`, `blog_article`.`title`, `blog_article`.`description`, `blog_article`.`access_num`, date_format(from_unixtime(create_time),'%Y-%m-%d %H:%i:%s') as create_time from `blog_article` left join `blog_category` as `category` on `blog_article`.`category_id` = `category`.`id` where `blog_article`.`category_id` = '2' and `blog_article`.`is_delete` = '0' limit 20 offset 0 | GET: /api/admin/article?category_id=2&page=1&limit=20  
[2023-09-21 14:33:01] local.DEBUG: [blog_self] [5.43ms] select count(*) as aggregate from `blog_article` left join `blog_category` as `category` on `blog_article`.`category_id` = `category`.`id` where `blog_article`.`category_id` = '3' and `blog_article`.`is_delete` = '0' | GET: /api/admin/article?category_id=3&page=1&limit=20  
[2023-09-21 14:33:01] local.DEBUG: [blog_self] [970μs] select `blog_article`.`id`, `category`.`name` as `category_name`, `category`.`icon`, `blog_article`.`title`, `blog_article`.`description`, `blog_article`.`access_num`, date_format(from_unixtime(create_time),'%Y-%m-%d %H:%i:%s') as create_time from `blog_article` left join `blog_category` as `category` on `blog_article`.`category_id` = `category`.`id` where `blog_article`.`category_id` = '3' and `blog_article`.`is_delete` = '0' limit 20 offset 0 | GET: /api/admin/article?category_id=3&page=1&limit=20  
[2023-09-21 14:33:02] local.DEBUG: [blog_self] [6.36ms] select count(*) as aggregate from `blog_article` left join `blog_category` as `category` on `blog_article`.`category_id` = `category`.`id` where `blog_article`.`is_delete` = '0' | GET: /api/admin/article?page=1&limit=20  
[2023-09-21 14:33:02] local.DEBUG: [blog_self] [720μs] select `blog_article`.`id`, `category`.`name` as `category_name`, `category`.`icon`, `blog_article`.`title`, `blog_article`.`description`, `blog_article`.`access_num`, date_format(from_unixtime(create_time),'%Y-%m-%d %H:%i:%s') as create_time from `blog_article` left join `blog_category` as `category` on `blog_article`.`category_id` = `category`.`id` where `blog_article`.`is_delete` = '0' limit 20 offset 0 | GET: /api/admin/article?page=1&limit=20  
[2023-09-21 14:33:02] local.DEBUG: [blog_self] [3.3ms] select * from `blog_category` limit 21 offset 0 | GET: /api/admin/article/category  
[2023-09-21 14:33:02] local.DEBUG: [blog_self] [2.9ms] select * from `blog_category` limit 21 offset 0 | GET: /api/admin/article/category  
[2023-09-21 14:33:08] local.DEBUG: [blog_self] [6.56ms] select `category`.`name` as `category_name`, `category`.`id` as `category_id`, `category`.`icon`, `blog_article`.`title`, `blog_article`.`description`, `blog_article`.`content`, `blog_article`.`access_num`, date_format(from_unixtime(create_time),'%Y-%m-%d %H:%i:%s') as create_time from `blog_article` left join `blog_category` as `category` on `blog_article`.`category_id` = `category`.`id` where `blog_article`.`id` = '1' limit 1 | GET: /api/admin/article/info?id=1  
[2023-09-21 14:33:09] local.DEBUG: [blog_self] [3.36ms] select * from `blog_category` limit 21 offset 0 | GET: /api/admin/article/category  
[2023-09-21 14:33:09] local.DEBUG: [blog_self] [2.39ms] select * from `blog_category` limit 21 offset 0 | GET: /api/admin/article/category  
[2023-09-21 14:33:35] local.DEBUG: [blog_self] [8.75ms] select count(*) as aggregate from `blog_article` left join `blog_category` as `category` on `blog_article`.`category_id` = `category`.`id` where `blog_article`.`is_delete` = '0' | GET: /api/admin/article?page=1&limit=20  
[2023-09-21 14:33:35] local.DEBUG: [blog_self] [650μs] select `blog_article`.`id`, `category`.`name` as `category_name`, `category`.`icon`, `blog_article`.`title`, `blog_article`.`description`, `blog_article`.`access_num`, date_format(from_unixtime(create_time),'%Y-%m-%d %H:%i:%s') as create_time from `blog_article` left join `blog_category` as `category` on `blog_article`.`category_id` = `category`.`id` where `blog_article`.`is_delete` = '0' limit 20 offset 0 | GET: /api/admin/article?page=1&limit=20  
[2023-09-21 14:33:35] local.DEBUG: [blog_self] [3.59ms] select * from `blog_category` limit 21 offset 0 | GET: /api/admin/article/category  
[2023-09-21 14:33:35] local.DEBUG: [blog_self] [3.64ms] select * from `blog_category` limit 21 offset 0 | GET: /api/admin/article/category  
[2023-09-21 14:33:43] local.DEBUG: [blog_self] [5.87ms] select `category`.`name` as `category_name`, `category`.`id` as `category_id`, `category`.`icon`, `blog_article`.`title`, `blog_article`.`description`, `blog_article`.`content`, `blog_article`.`access_num`, date_format(from_unixtime(create_time),'%Y-%m-%d %H:%i:%s') as create_time from `blog_article` left join `blog_category` as `category` on `blog_article`.`category_id` = `category`.`id` where `blog_article`.`id` = '1' limit 1 | GET: /api/admin/article/info?id=1  
[2023-09-21 14:33:43] local.DEBUG: [blog_self] [3.09ms] select * from `blog_category` limit 21 offset 0 | GET: /api/admin/article/category  
[2023-09-21 14:33:43] local.DEBUG: [blog_self] [2.82ms] select * from `blog_category` limit 21 offset 0 | GET: /api/admin/article/category  
[2023-09-21 14:33:49] local.DEBUG: [blog_self] [4.58ms] select count(*) as aggregate from `blog_article` left join `blog_category` as `category` on `blog_article`.`category_id` = `category`.`id` where `blog_article`.`is_delete` = '0' | GET: /api/admin/article?page=1&limit=20  
[2023-09-21 14:33:49] local.DEBUG: [blog_self] [740μs] select `blog_article`.`id`, `category`.`name` as `category_name`, `category`.`icon`, `blog_article`.`title`, `blog_article`.`description`, `blog_article`.`access_num`, date_format(from_unixtime(create_time),'%Y-%m-%d %H:%i:%s') as create_time from `blog_article` left join `blog_category` as `category` on `blog_article`.`category_id` = `category`.`id` where `blog_article`.`is_delete` = '0' limit 20 offset 0 | GET: /api/admin/article?page=1&limit=20  
[2023-09-21 14:33:49] local.DEBUG: [blog_self] [3.87ms] select * from `blog_category` limit 21 offset 0 | GET: /api/admin/article/category  
[2023-09-21 14:33:49] local.DEBUG: [blog_self] [3.45ms] select * from `blog_category` limit 21 offset 0 | GET: /api/admin/article/category  
