[2023-10-03 14:56:08] local.DEBUG: [blog_self] [15.73ms] select count(*) as aggregate from `blog_article` left join `blog_category` as `category` on `blog_article`.`category_id` = `category`.`id` where `blog_article`.`is_delete` = '0' | GET: /api/admin/article?page=1&limit=20  
[2023-10-03 14:56:08] local.DEBUG: [blog_self] [540μs] select `blog_article`.`id`, `category`.`name` as `category_name`, `category`.`icon`, `blog_article`.`title`, `blog_article`.`description`, `blog_article`.`access_num`, date_format(from_unixtime(create_time),'%Y-%m-%d %H:%i:%s') as create_time from `blog_article` left join `blog_category` as `category` on `blog_article`.`category_id` = `category`.`id` where `blog_article`.`is_delete` = '0' limit 20 offset 0 | GET: /api/admin/article?page=1&limit=20  
[2023-10-03 14:56:09] local.DEBUG: [blog_self] [2.13ms] select * from `blog_category` limit 21 offset 0 | GET: /api/admin/article/category  
[2023-10-03 14:56:09] local.DEBUG: [blog_self] [1.32ms] select * from `blog_category` limit 21 offset 0 | GET: /api/admin/article/category  
[2023-10-03 14:56:38] local.DEBUG: [blog_self] [1.86ms] select * from `blog_category` limit 21 offset 0 | GET: /api/admin/article/category  
[2023-10-03 14:56:42] local.DEBUG: [blog_self] [2.12ms] select count(*) as aggregate from `blog_article` left join `blog_category` as `category` on `blog_article`.`category_id` = `category`.`id` where `blog_article`.`is_delete` = '0' | GET: /api/admin/article?page=1&limit=20  
[2023-10-03 14:56:42] local.DEBUG: [blog_self] [490μs] select `blog_article`.`id`, `category`.`name` as `category_name`, `category`.`icon`, `blog_article`.`title`, `blog_article`.`description`, `blog_article`.`access_num`, date_format(from_unixtime(create_time),'%Y-%m-%d %H:%i:%s') as create_time from `blog_article` left join `blog_category` as `category` on `blog_article`.`category_id` = `category`.`id` where `blog_article`.`is_delete` = '0' limit 20 offset 0 | GET: /api/admin/article?page=1&limit=20  
[2023-10-03 14:56:43] local.DEBUG: [blog_self] [2.09ms] select * from `blog_category` limit 21 offset 0 | GET: /api/admin/article/category  
[2023-10-03 14:56:43] local.DEBUG: [blog_self] [1.77ms] select * from `blog_category` limit 21 offset 0 | GET: /api/admin/article/category  
[2023-10-03 14:56:54] local.DEBUG: [blog_self] [3.05ms] select * from `blog_category` limit 21 offset 0 | GET: /api/admin/article/category  
[2023-10-03 14:56:58] local.DEBUG: [blog_self] [2ms] select count(*) as aggregate from `blog_article` left join `blog_category` as `category` on `blog_article`.`category_id` = `category`.`id` where `blog_article`.`is_delete` = '0' | GET: /api/admin/article?page=1&limit=20  
[2023-10-03 14:56:58] local.DEBUG: [blog_self] [460μs] select `blog_article`.`id`, `category`.`name` as `category_name`, `category`.`icon`, `blog_article`.`title`, `blog_article`.`description`, `blog_article`.`access_num`, date_format(from_unixtime(create_time),'%Y-%m-%d %H:%i:%s') as create_time from `blog_article` left join `blog_category` as `category` on `blog_article`.`category_id` = `category`.`id` where `blog_article`.`is_delete` = '0' limit 20 offset 0 | GET: /api/admin/article?page=1&limit=20  
[2023-10-03 14:56:59] local.DEBUG: [blog_self] [2.7ms] select * from `blog_category` limit 21 offset 0 | GET: /api/admin/article/category  
[2023-10-03 14:56:59] local.DEBUG: [blog_self] [1.7ms] select * from `blog_category` limit 21 offset 0 | GET: /api/admin/article/category  
[2023-10-03 14:57:42] local.DEBUG: [blog_self] [2.46ms] select * from `blog_category` limit 21 offset 0 | GET: /api/admin/article/category  
[2023-10-03 14:58:42] local.DEBUG: [blog_self] [1.88ms] select count(*) as aggregate from `blog_article` left join `blog_category` as `category` on `blog_article`.`category_id` = `category`.`id` where `blog_article`.`is_delete` = '0' | GET: /api/admin/article?page=1&limit=20  
[2023-10-03 14:58:42] local.DEBUG: [blog_self] [440μs] select `blog_article`.`id`, `category`.`name` as `category_name`, `category`.`icon`, `blog_article`.`title`, `blog_article`.`description`, `blog_article`.`access_num`, date_format(from_unixtime(create_time),'%Y-%m-%d %H:%i:%s') as create_time from `blog_article` left join `blog_category` as `category` on `blog_article`.`category_id` = `category`.`id` where `blog_article`.`is_delete` = '0' limit 20 offset 0 | GET: /api/admin/article?page=1&limit=20  
[2023-10-03 14:58:43] local.DEBUG: [blog_self] [2.18ms] select * from `blog_category` limit 21 offset 0 | GET: /api/admin/article/category  
[2023-10-03 14:58:43] local.DEBUG: [blog_self] [1.53ms] select * from `blog_category` limit 21 offset 0 | GET: /api/admin/article/category  
[2023-10-03 14:58:45] local.DEBUG: [blog_self] [2.25ms] select count(*) as aggregate from `blog_article` left join `blog_category` as `category` on `blog_article`.`category_id` = `category`.`id` where `blog_article`.`category_id` = '1' and `blog_article`.`is_delete` = '0' | GET: /api/admin/article?category_id=1&page=1&limit=20  
[2023-10-03 14:58:45] local.DEBUG: [blog_self] [560μs] select `blog_article`.`id`, `category`.`name` as `category_name`, `category`.`icon`, `blog_article`.`title`, `blog_article`.`description`, `blog_article`.`access_num`, date_format(from_unixtime(create_time),'%Y-%m-%d %H:%i:%s') as create_time from `blog_article` left join `blog_category` as `category` on `blog_article`.`category_id` = `category`.`id` where `blog_article`.`category_id` = '1' and `blog_article`.`is_delete` = '0' limit 20 offset 0 | GET: /api/admin/article?category_id=1&page=1&limit=20  
[2023-10-03 14:58:45] local.DEBUG: [blog_self] [1.48ms] select * from `blog_category` limit 21 offset 0 | GET: /api/admin/article/category  
[2023-10-03 14:58:45] local.DEBUG: [blog_self] [1.77ms] select * from `blog_category` limit 21 offset 0 | GET: /api/admin/article/category  
[2023-10-03 14:58:46] local.DEBUG: [blog_self] [2.02ms] select count(*) as aggregate from `blog_article` left join `blog_category` as `category` on `blog_article`.`category_id` = `category`.`id` where `blog_article`.`category_id` = '2' and `blog_article`.`is_delete` = '0' | GET: /api/admin/article?category_id=2&page=1&limit=20  
[2023-10-03 14:58:46] local.DEBUG: [blog_self] [560μs] select `blog_article`.`id`, `category`.`name` as `category_name`, `category`.`icon`, `blog_article`.`title`, `blog_article`.`description`, `blog_article`.`access_num`, date_format(from_unixtime(create_time),'%Y-%m-%d %H:%i:%s') as create_time from `blog_article` left join `blog_category` as `category` on `blog_article`.`category_id` = `category`.`id` where `blog_article`.`category_id` = '2' and `blog_article`.`is_delete` = '0' limit 20 offset 0 | GET: /api/admin/article?category_id=2&page=1&limit=20  
[2023-10-03 14:58:47] local.DEBUG: [blog_self] [1.86ms] select count(*) as aggregate from `blog_article` left join `blog_category` as `category` on `blog_article`.`category_id` = `category`.`id` where `blog_article`.`category_id` = '3' and `blog_article`.`is_delete` = '0' | GET: /api/admin/article?category_id=3&page=1&limit=20  
[2023-10-03 14:58:47] local.DEBUG: [blog_self] [370μs] select `blog_article`.`id`, `category`.`name` as `category_name`, `category`.`icon`, `blog_article`.`title`, `blog_article`.`description`, `blog_article`.`access_num`, date_format(from_unixtime(create_time),'%Y-%m-%d %H:%i:%s') as create_time from `blog_article` left join `blog_category` as `category` on `blog_article`.`category_id` = `category`.`id` where `blog_article`.`category_id` = '3' and `blog_article`.`is_delete` = '0' limit 20 offset 0 | GET: /api/admin/article?category_id=3&page=1&limit=20  
[2023-10-03 14:58:48] local.DEBUG: [blog_self] [2.02ms] select count(*) as aggregate from `blog_article` left join `blog_category` as `category` on `blog_article`.`category_id` = `category`.`id` where `blog_article`.`category_id` = '1' and `blog_article`.`is_delete` = '0' | GET: /api/admin/article?category_id=1&page=1&limit=20  
[2023-10-03 14:58:48] local.DEBUG: [blog_self] [390μs] select `blog_article`.`id`, `category`.`name` as `category_name`, `category`.`icon`, `blog_article`.`title`, `blog_article`.`description`, `blog_article`.`access_num`, date_format(from_unixtime(create_time),'%Y-%m-%d %H:%i:%s') as create_time from `blog_article` left join `blog_category` as `category` on `blog_article`.`category_id` = `category`.`id` where `blog_article`.`category_id` = '1' and `blog_article`.`is_delete` = '0' limit 20 offset 0 | GET: /api/admin/article?category_id=1&page=1&limit=20  
[2023-10-03 14:58:48] local.DEBUG: [blog_self] [2.09ms] select count(*) as aggregate from `blog_article` left join `blog_category` as `category` on `blog_article`.`category_id` = `category`.`id` where `blog_article`.`is_delete` = '0' | GET: /api/admin/article?page=1&limit=20  
[2023-10-03 14:58:48] local.DEBUG: [blog_self] [380μs] select `blog_article`.`id`, `category`.`name` as `category_name`, `category`.`icon`, `blog_article`.`title`, `blog_article`.`description`, `blog_article`.`access_num`, date_format(from_unixtime(create_time),'%Y-%m-%d %H:%i:%s') as create_time from `blog_article` left join `blog_category` as `category` on `blog_article`.`category_id` = `category`.`id` where `blog_article`.`is_delete` = '0' limit 20 offset 0 | GET: /api/admin/article?page=1&limit=20  
[2023-10-03 14:58:48] local.DEBUG: [blog_self] [1.54ms] select * from `blog_category` limit 21 offset 0 | GET: /api/admin/article/category  
[2023-10-03 14:58:49] local.DEBUG: [blog_self] [1.51ms] select * from `blog_category` limit 21 offset 0 | GET: /api/admin/article/category  
[2023-10-03 14:59:00] local.DEBUG: [blog_self] [2.12ms] select `category`.`name` as `category_name`, `category`.`id` as `category_id`, `category`.`icon`, `blog_article`.`title`, `blog_article`.`description`, `blog_article`.`content`, `blog_article`.`access_num`, date_format(from_unixtime(create_time),'%Y-%m-%d %H:%i:%s') as create_time from `blog_article` left join `blog_category` as `category` on `blog_article`.`category_id` = `category`.`id` where `blog_article`.`id` = '3' limit 1 | GET: /api/admin/article/info?id=3  
[2023-10-03 14:59:01] local.DEBUG: [blog_self] [9.71ms] select * from `blog_category` limit 21 offset 0 | GET: /api/admin/article/category  
[2023-10-03 14:59:01] local.DEBUG: [blog_self] [2.14ms] select * from `blog_category` limit 21 offset 0 | GET: /api/admin/article/category  
